[2025-04-15T22:32:42.237+0000] {local_task_job_runner.py:123} INFO - ::group::Pre task execution logs
[2025-04-15T22:32:42.296+0000] {taskinstance.py:2612} INFO - Dependencies all met for dep_context=non-requeueable deps ti=<TaskInstance: StockELT_dbt.dbt_snapshot manual__2025-04-15T22:31:32.306030+00:00 [queued]>
[2025-04-15T22:32:42.357+0000] {taskinstance.py:2612} INFO - Dependencies all met for dep_context=requeueable deps ti=<TaskInstance: StockELT_dbt.dbt_snapshot manual__2025-04-15T22:31:32.306030+00:00 [queued]>
[2025-04-15T22:32:42.361+0000] {taskinstance.py:2865} INFO - Starting attempt 1 of 1
[2025-04-15T22:32:42.424+0000] {taskinstance.py:2888} INFO - Executing <Task(BashOperator): dbt_snapshot> on 2025-04-15 22:31:32.306030+00:00
[2025-04-15T22:32:42.601+0000] {standard_task_runner.py:104} INFO - Running: ['***', 'tasks', 'run', 'StockELT_dbt', 'dbt_snapshot', 'manual__2025-04-15T22:31:32.306030+00:00', '--job-id', '158', '--raw', '--subdir', 'DAGS_FOLDER/Lab2_elt_with_dbt .py', '--cfg-path', '/tmp/tmptckk_tuw']
[2025-04-15T22:32:42.628+0000] {standard_task_runner.py:105} INFO - Job 158: Subtask dbt_snapshot
[2025-04-15T22:32:42.624+0000] {logging_mixin.py:190} WARNING - /home/***/.local/lib/python3.12/site-packages/***/task/task_runner/standard_task_runner.py:70 DeprecationWarning: This process (pid=15399) is multi-threaded, use of fork() may lead to deadlocks in the child.
[2025-04-15T22:32:42.633+0000] {standard_task_runner.py:72} INFO - Started process 15407 to run task
[2025-04-15T22:32:43.059+0000] {task_command.py:467} INFO - Running <TaskInstance: StockELT_dbt.dbt_snapshot manual__2025-04-15T22:31:32.306030+00:00 [running]> on host e3cb891c5fca
[2025-04-15T22:32:43.822+0000] {taskinstance.py:3131} INFO - Exporting env vars: AIRFLOW_CTX_DAG_OWNER='***' AIRFLOW_CTX_DAG_ID='StockELT_dbt' AIRFLOW_CTX_TASK_ID='dbt_snapshot' AIRFLOW_CTX_EXECUTION_DATE='2025-04-15T22:31:32.306030+00:00' AIRFLOW_CTX_TRY_NUMBER='1' AIRFLOW_CTX_DAG_RUN_ID='manual__2025-04-15T22:31:32.306030+00:00'
[2025-04-15T22:32:43.834+0000] {taskinstance.py:731} INFO - ::endgroup::
[2025-04-15T22:32:43.993+0000] {subprocess.py:63} INFO - Tmp dir root location: /tmp
[2025-04-15T22:32:44.000+0000] {subprocess.py:75} INFO - Running command: ['/usr/bin/bash', '-c', '/home/***/.local/bin/dbt snapshot --profiles-dir /opt/***/dbt_stock --project-dir /opt/***/dbt_stock']
[2025-04-15T22:32:44.072+0000] {subprocess.py:86} INFO - Output:
[2025-04-15T22:32:52.151+0000] {subprocess.py:93} INFO - [0m22:32:52  Running with dbt=1.8.7
[2025-04-15T22:32:56.940+0000] {subprocess.py:93} INFO - [0m22:32:56  Registered adapter: snowflake=1.8.4
[2025-04-15T22:32:58.472+0000] {subprocess.py:93} INFO - [0m22:32:58  Found 2 models, 1 snapshot, 4 data tests, 2 sources, 459 macros
[2025-04-15T22:32:58.488+0000] {subprocess.py:93} INFO - [0m22:32:58
[2025-04-15T22:33:01.828+0000] {subprocess.py:93} INFO - [0m22:33:01  Concurrency: 1 threads (target='dev')
[2025-04-15T22:33:01.862+0000] {subprocess.py:93} INFO - [0m22:33:01
[2025-04-15T22:33:01.907+0000] {subprocess.py:93} INFO - [0m22:33:01  1 of 1 START snapshot snapshot.snapshot_stock_analytics ........................ [RUN]
[2025-04-15T22:33:09.557+0000] {subprocess.py:93} INFO - [0m22:33:09  1 of 1 OK snapshotted snapshot.snapshot_stock_analytics ........................ [[32mSUCCESS 676[0m in 7.63s]
[2025-04-15T22:33:09.602+0000] {subprocess.py:93} INFO - [0m22:33:09
[2025-04-15T22:33:09.604+0000] {subprocess.py:93} INFO - [0m22:33:09  Finished running 1 snapshot in 0 hours 0 minutes and 11.12 seconds (11.12s).
[2025-04-15T22:33:09.743+0000] {subprocess.py:93} INFO - [0m22:33:09
[2025-04-15T22:33:09.746+0000] {subprocess.py:93} INFO - [0m22:33:09  [32mCompleted successfully[0m
[2025-04-15T22:33:09.748+0000] {subprocess.py:93} INFO - [0m22:33:09
[2025-04-15T22:33:09.749+0000] {subprocess.py:93} INFO - [0m22:33:09  Done. PASS=1 WARN=0 ERROR=0 SKIP=0 TOTAL=1
[2025-04-15T22:33:13.167+0000] {subprocess.py:97} INFO - Command exited with return code 0
[2025-04-15T22:33:13.413+0000] {taskinstance.py:340} INFO - ::group::Post task execution logs
[2025-04-15T22:33:13.415+0000] {taskinstance.py:352} INFO - Marking task as SUCCESS. dag_id=StockELT_dbt, task_id=dbt_snapshot, run_id=manual__2025-04-15T22:31:32.306030+00:00, execution_date=20250415T223132, start_date=20250415T223242, end_date=20250415T223313
[2025-04-15T22:33:13.650+0000] {local_task_job_runner.py:266} INFO - Task exited with return code 0
[2025-04-15T22:33:13.803+0000] {taskinstance.py:3900} INFO - 0 downstream tasks scheduled from follow-on schedule check
[2025-04-15T22:33:13.807+0000] {local_task_job_runner.py:245} INFO - ::endgroup::
