[2025-04-15T19:24:58.867+0000] {local_task_job_runner.py:123} INFO - ::group::Pre task execution logs
[2025-04-15T19:24:59.017+0000] {taskinstance.py:2612} INFO - Dependencies all met for dep_context=non-requeueable deps ti=<TaskInstance: StockELT_dbt.dbt_run manual__2025-04-15T19:24:55.538010+00:00 [queued]>
[2025-04-15T19:24:59.049+0000] {taskinstance.py:2612} INFO - Dependencies all met for dep_context=requeueable deps ti=<TaskInstance: StockELT_dbt.dbt_run manual__2025-04-15T19:24:55.538010+00:00 [queued]>
[2025-04-15T19:24:59.050+0000] {taskinstance.py:2865} INFO - Starting attempt 1 of 1
[2025-04-15T19:24:59.094+0000] {taskinstance.py:2888} INFO - Executing <Task(BashOperator): dbt_run> on 2025-04-15 19:24:55.538010+00:00
[2025-04-15T19:24:59.268+0000] {logging_mixin.py:190} WARNING - /home/***/.local/lib/python3.12/site-packages/***/task/task_runner/standard_task_runner.py:70 DeprecationWarning: This process (pid=1640) is multi-threaded, use of fork() may lead to deadlocks in the child.
[2025-04-15T19:24:59.246+0000] {standard_task_runner.py:104} INFO - Running: ['***', 'tasks', 'run', 'StockELT_dbt', 'dbt_run', 'manual__2025-04-15T19:24:55.538010+00:00', '--job-id', '150', '--raw', '--subdir', 'DAGS_FOLDER/Lab2_elt_with_dbt .py', '--cfg-path', '/tmp/tmpwy7kjbkq']
[2025-04-15T19:24:59.275+0000] {standard_task_runner.py:105} INFO - Job 150: Subtask dbt_run
[2025-04-15T19:24:59.275+0000] {standard_task_runner.py:72} INFO - Started process 1641 to run task
[2025-04-15T19:24:59.514+0000] {task_command.py:467} INFO - Running <TaskInstance: StockELT_dbt.dbt_run manual__2025-04-15T19:24:55.538010+00:00 [running]> on host e3cb891c5fca
[2025-04-15T19:25:00.059+0000] {taskinstance.py:3131} INFO - Exporting env vars: AIRFLOW_CTX_DAG_OWNER='***' AIRFLOW_CTX_DAG_ID='StockELT_dbt' AIRFLOW_CTX_TASK_ID='dbt_run' AIRFLOW_CTX_EXECUTION_DATE='2025-04-15T19:24:55.538010+00:00' AIRFLOW_CTX_TRY_NUMBER='1' AIRFLOW_CTX_DAG_RUN_ID='manual__2025-04-15T19:24:55.538010+00:00'
[2025-04-15T19:25:00.062+0000] {taskinstance.py:731} INFO - ::endgroup::
[2025-04-15T19:25:00.285+0000] {subprocess.py:63} INFO - Tmp dir root location: /tmp
[2025-04-15T19:25:00.305+0000] {subprocess.py:75} INFO - Running command: ['/usr/bin/bash', '-c', '/home/***/.local/bin/dbt run --profiles-dir /opt/***/dbt_stock --project-dir /opt/***/dbt_stock']
[2025-04-15T19:25:00.496+0000] {subprocess.py:86} INFO - Output:
[2025-04-15T19:25:08.405+0000] {subprocess.py:93} INFO - [0m19:25:08  Running with dbt=1.8.7
[2025-04-15T19:25:14.453+0000] {subprocess.py:93} INFO - [0m19:25:14  Registered adapter: snowflake=1.8.4
[2025-04-15T19:25:16.513+0000] {subprocess.py:93} INFO - [0m19:25:16  [[33mWARNING[0m]: Deprecated functionality
[2025-04-15T19:25:16.524+0000] {subprocess.py:93} INFO - The `tests` config has been renamed to `data_tests`. Please see
[2025-04-15T19:25:16.530+0000] {subprocess.py:93} INFO - https://docs.getdbt.com/docs/build/data-tests#new-data_tests-syntax for more
[2025-04-15T19:25:16.539+0000] {subprocess.py:93} INFO - information.
[2025-04-15T19:25:17.459+0000] {subprocess.py:93} INFO - [0m19:25:17  Found 2 models, 1 snapshot, 4 data tests, 2 sources, 459 macros
[2025-04-15T19:25:17.476+0000] {subprocess.py:93} INFO - [0m19:25:17
[2025-04-15T19:25:21.215+0000] {subprocess.py:93} INFO - [0m19:25:21  Concurrency: 1 threads (target='dev')
[2025-04-15T19:25:21.239+0000] {subprocess.py:93} INFO - [0m19:25:21
[2025-04-15T19:25:21.457+0000] {subprocess.py:93} INFO - [0m19:25:21  1 of 1 START sql table model analytics.stock_analytics ......................... [RUN]
[2025-04-15T19:25:23.744+0000] {subprocess.py:93} INFO - [0m19:25:23  1 of 1 OK created sql table model analytics.stock_analytics .................... [[32mSUCCESS 1[0m in 2.26s]
[2025-04-15T19:25:23.759+0000] {subprocess.py:93} INFO - [0m19:25:23
[2025-04-15T19:25:23.761+0000] {subprocess.py:93} INFO - [0m19:25:23  Finished running 1 table model in 0 hours 0 minutes and 6.27 seconds (6.27s).
[2025-04-15T19:25:23.875+0000] {subprocess.py:93} INFO - [0m19:25:23
[2025-04-15T19:25:23.877+0000] {subprocess.py:93} INFO - [0m19:25:23  [32mCompleted successfully[0m
[2025-04-15T19:25:23.878+0000] {subprocess.py:93} INFO - [0m19:25:23
[2025-04-15T19:25:23.880+0000] {subprocess.py:93} INFO - [0m19:25:23  Done. PASS=1 WARN=0 ERROR=0 SKIP=0 TOTAL=1
[2025-04-15T19:25:25.369+0000] {subprocess.py:97} INFO - Command exited with return code 0
[2025-04-15T19:25:25.644+0000] {taskinstance.py:340} INFO - ::group::Post task execution logs
[2025-04-15T19:25:25.646+0000] {taskinstance.py:352} INFO - Marking task as SUCCESS. dag_id=StockELT_dbt, task_id=dbt_run, run_id=manual__2025-04-15T19:24:55.538010+00:00, execution_date=20250415T192455, start_date=20250415T192459, end_date=20250415T192525
[2025-04-15T19:25:25.766+0000] {local_task_job_runner.py:266} INFO - Task exited with return code 0
[2025-04-15T19:25:25.881+0000] {taskinstance.py:3900} INFO - 1 downstream tasks scheduled from follow-on schedule check
[2025-04-15T19:25:25.891+0000] {local_task_job_runner.py:245} INFO - ::endgroup::
