[2025-03-20T01:42:14.149+0000] {processor.py:186} INFO - Started process (PID=204) to work on /opt/airflow/dags/Hw6_ELT_UserSummary.py
[2025-03-20T01:42:14.152+0000] {processor.py:914} INFO - Processing file /opt/airflow/dags/Hw6_ELT_UserSummary.py for tasks to queue
[2025-03-20T01:42:14.157+0000] {logging_mixin.py:190} INFO - [2025-03-20T01:42:14.157+0000] {dagbag.py:587} INFO - Filling up the DagBag from /opt/airflow/dags/Hw6_ELT_UserSummary.py
[2025-03-20T01:42:14.177+0000] {processor.py:925} INFO - DAG(s) 'Hw6_ELT_UserSummary' retrieved from /opt/airflow/dags/Hw6_ELT_UserSummary.py
[2025-03-20T01:42:14.248+0000] {logging_mixin.py:190} INFO - [2025-03-20T01:42:14.241+0000] {dag.py:3229} INFO - Sync 1 DAGs
[2025-03-20T01:42:14.296+0000] {logging_mixin.py:190} INFO - [2025-03-20T01:42:14.296+0000] {dag.py:4156} INFO - Setting next_dagrun for Hw6_ELT_UserSummary to 2025-03-19 02:45:00+00:00, run_after=2025-03-20 02:45:00+00:00
[2025-03-20T01:42:14.336+0000] {processor.py:208} INFO - Processing /opt/airflow/dags/Hw6_ELT_UserSummary.py took 0.200 seconds
[2025-03-20T01:42:44.831+0000] {processor.py:186} INFO - Started process (PID=289) to work on /opt/airflow/dags/Hw6_ELT_UserSummary.py
[2025-03-20T01:42:44.832+0000] {processor.py:914} INFO - Processing file /opt/airflow/dags/Hw6_ELT_UserSummary.py for tasks to queue
[2025-03-20T01:42:44.835+0000] {logging_mixin.py:190} INFO - [2025-03-20T01:42:44.835+0000] {dagbag.py:587} INFO - Filling up the DagBag from /opt/airflow/dags/Hw6_ELT_UserSummary.py
[2025-03-20T01:42:44.849+0000] {processor.py:925} INFO - DAG(s) 'Hw6_ELT_UserSummary' retrieved from /opt/airflow/dags/Hw6_ELT_UserSummary.py
[2025-03-20T01:42:44.875+0000] {logging_mixin.py:190} INFO - [2025-03-20T01:42:44.874+0000] {dag.py:3229} INFO - Sync 1 DAGs
[2025-03-20T01:42:44.895+0000] {logging_mixin.py:190} INFO - [2025-03-20T01:42:44.895+0000] {dag.py:4156} INFO - Setting next_dagrun for Hw6_ELT_UserSummary to 2025-03-19 02:45:00+00:00, run_after=2025-03-20 02:45:00+00:00
[2025-03-20T01:42:44.906+0000] {processor.py:208} INFO - Processing /opt/airflow/dags/Hw6_ELT_UserSummary.py took 0.084 seconds
[2025-03-20T01:43:15.911+0000] {processor.py:186} INFO - Started process (PID=325) to work on /opt/airflow/dags/Hw6_ELT_UserSummary.py
[2025-03-20T01:43:15.916+0000] {processor.py:914} INFO - Processing file /opt/airflow/dags/Hw6_ELT_UserSummary.py for tasks to queue
[2025-03-20T01:43:15.922+0000] {logging_mixin.py:190} INFO - [2025-03-20T01:43:15.922+0000] {dagbag.py:587} INFO - Filling up the DagBag from /opt/airflow/dags/Hw6_ELT_UserSummary.py
[2025-03-20T01:43:15.936+0000] {processor.py:925} INFO - DAG(s) 'Hw6_ELT_UserSummary' retrieved from /opt/airflow/dags/Hw6_ELT_UserSummary.py
[2025-03-20T01:43:15.963+0000] {logging_mixin.py:190} INFO - [2025-03-20T01:43:15.963+0000] {dag.py:3229} INFO - Sync 1 DAGs
[2025-03-20T01:43:15.990+0000] {logging_mixin.py:190} INFO - [2025-03-20T01:43:15.989+0000] {dag.py:4156} INFO - Setting next_dagrun for Hw6_ELT_UserSummary to 2025-03-18 02:45:00+00:00, run_after=2025-03-19 02:45:00+00:00
[2025-03-20T01:43:16.004+0000] {processor.py:208} INFO - Processing /opt/airflow/dags/Hw6_ELT_UserSummary.py took 0.114 seconds
[2025-03-20T01:43:46.759+0000] {processor.py:186} INFO - Started process (PID=361) to work on /opt/airflow/dags/Hw6_ELT_UserSummary.py
[2025-03-20T01:43:46.762+0000] {processor.py:914} INFO - Processing file /opt/airflow/dags/Hw6_ELT_UserSummary.py for tasks to queue
[2025-03-20T01:43:46.768+0000] {logging_mixin.py:190} INFO - [2025-03-20T01:43:46.767+0000] {dagbag.py:587} INFO - Filling up the DagBag from /opt/airflow/dags/Hw6_ELT_UserSummary.py
[2025-03-20T01:43:46.794+0000] {processor.py:925} INFO - DAG(s) 'Hw6_ELT_UserSummary' retrieved from /opt/airflow/dags/Hw6_ELT_UserSummary.py
[2025-03-20T01:43:46.819+0000] {logging_mixin.py:190} INFO - [2025-03-20T01:43:46.819+0000] {dag.py:3229} INFO - Sync 1 DAGs
[2025-03-20T01:43:46.836+0000] {logging_mixin.py:190} INFO - [2025-03-20T01:43:46.835+0000] {dag.py:4156} INFO - Setting next_dagrun for Hw6_ELT_UserSummary to 2025-03-19 02:45:00+00:00, run_after=2025-03-20 02:45:00+00:00
[2025-03-20T01:43:46.850+0000] {processor.py:208} INFO - Processing /opt/airflow/dags/Hw6_ELT_UserSummary.py took 0.102 seconds
[2025-03-20T01:44:17.772+0000] {processor.py:186} INFO - Started process (PID=392) to work on /opt/airflow/dags/Hw6_ELT_UserSummary.py
[2025-03-20T01:44:17.774+0000] {processor.py:914} INFO - Processing file /opt/airflow/dags/Hw6_ELT_UserSummary.py for tasks to queue
[2025-03-20T01:44:17.791+0000] {logging_mixin.py:190} INFO - [2025-03-20T01:44:17.790+0000] {dagbag.py:587} INFO - Filling up the DagBag from /opt/airflow/dags/Hw6_ELT_UserSummary.py
[2025-03-20T01:44:17.807+0000] {processor.py:925} INFO - DAG(s) 'Hw6_ELT_UserSummary' retrieved from /opt/airflow/dags/Hw6_ELT_UserSummary.py
[2025-03-20T01:44:17.833+0000] {logging_mixin.py:190} INFO - [2025-03-20T01:44:17.833+0000] {dag.py:3229} INFO - Sync 1 DAGs
[2025-03-20T01:44:17.860+0000] {logging_mixin.py:190} INFO - [2025-03-20T01:44:17.860+0000] {dag.py:4156} INFO - Setting next_dagrun for Hw6_ELT_UserSummary to 2025-03-19 02:45:00+00:00, run_after=2025-03-20 02:45:00+00:00
[2025-03-20T01:44:17.873+0000] {processor.py:208} INFO - Processing /opt/airflow/dags/Hw6_ELT_UserSummary.py took 0.109 seconds
[2025-03-20T01:44:48.862+0000] {processor.py:186} INFO - Started process (PID=438) to work on /opt/airflow/dags/Hw6_ELT_UserSummary.py
[2025-03-20T01:44:48.864+0000] {processor.py:914} INFO - Processing file /opt/airflow/dags/Hw6_ELT_UserSummary.py for tasks to queue
[2025-03-20T01:44:48.868+0000] {logging_mixin.py:190} INFO - [2025-03-20T01:44:48.867+0000] {dagbag.py:587} INFO - Filling up the DagBag from /opt/airflow/dags/Hw6_ELT_UserSummary.py
[2025-03-20T01:44:48.885+0000] {processor.py:925} INFO - DAG(s) 'Hw6_ELT_UserSummary' retrieved from /opt/airflow/dags/Hw6_ELT_UserSummary.py
[2025-03-20T01:44:48.919+0000] {logging_mixin.py:190} INFO - [2025-03-20T01:44:48.919+0000] {dag.py:3229} INFO - Sync 1 DAGs
[2025-03-20T01:44:48.937+0000] {logging_mixin.py:190} INFO - [2025-03-20T01:44:48.937+0000] {dag.py:4156} INFO - Setting next_dagrun for Hw6_ELT_UserSummary to 2025-03-18 02:45:00+00:00, run_after=2025-03-19 02:45:00+00:00
[2025-03-20T01:44:48.951+0000] {processor.py:208} INFO - Processing /opt/airflow/dags/Hw6_ELT_UserSummary.py took 0.102 seconds
[2025-03-20T01:45:19.834+0000] {processor.py:186} INFO - Started process (PID=479) to work on /opt/airflow/dags/Hw6_ELT_UserSummary.py
[2025-03-20T01:45:19.836+0000] {processor.py:914} INFO - Processing file /opt/airflow/dags/Hw6_ELT_UserSummary.py for tasks to queue
[2025-03-20T01:45:19.839+0000] {logging_mixin.py:190} INFO - [2025-03-20T01:45:19.839+0000] {dagbag.py:587} INFO - Filling up the DagBag from /opt/airflow/dags/Hw6_ELT_UserSummary.py
[2025-03-20T01:45:19.857+0000] {processor.py:925} INFO - DAG(s) 'Hw6_ELT_UserSummary' retrieved from /opt/airflow/dags/Hw6_ELT_UserSummary.py
[2025-03-20T01:45:19.884+0000] {logging_mixin.py:190} INFO - [2025-03-20T01:45:19.883+0000] {dag.py:3229} INFO - Sync 1 DAGs
[2025-03-20T01:45:19.909+0000] {logging_mixin.py:190} INFO - [2025-03-20T01:45:19.909+0000] {dag.py:4156} INFO - Setting next_dagrun for Hw6_ELT_UserSummary to 2025-03-19 02:45:00+00:00, run_after=2025-03-20 02:45:00+00:00
[2025-03-20T01:45:19.922+0000] {processor.py:208} INFO - Processing /opt/airflow/dags/Hw6_ELT_UserSummary.py took 0.101 seconds
