[2025-03-20T01:42:14.397+0000] {processor.py:186} INFO - Started process (PID=225) to work on /opt/airflow/dags/lab1_ETL.py
[2025-03-20T01:42:14.399+0000] {processor.py:914} INFO - Processing file /opt/airflow/dags/lab1_ETL.py for tasks to queue
[2025-03-20T01:42:14.403+0000] {logging_mixin.py:190} INFO - [2025-03-20T01:42:14.403+0000] {dagbag.py:587} INFO - Filling up the DagBag from /opt/airflow/dags/lab1_ETL.py
[2025-03-20T01:42:14.600+0000] {logging_mixin.py:190} INFO - [2025-03-20T01:42:14.599+0000] {base.py:84} INFO - Retrieving connection 'snowflake_conn_lemur'
[2025-03-20T01:42:14.601+0000] {logging_mixin.py:190} INFO - [2025-03-20T01:42:14.601+0000] {connection.py:413} INFO - Snowflake Connector for Python Version: 3.12.1, Python Version: 3.12.5, Platform: Linux-6.12.5-linuxkit-aarch64-with-glibc2.36
[2025-03-20T01:42:14.602+0000] {logging_mixin.py:190} INFO - [2025-03-20T01:42:14.602+0000] {connection.py:1196} INFO - Connecting to GLOBAL Snowflake domain
[2025-03-20T01:42:14.603+0000] {logging_mixin.py:190} INFO - [2025-03-20T01:42:14.602+0000] {connection.py:1277} INFO - This connection is in OCSP Fail Open Mode. TLS Certificates would be checked for validity and revocation status. Any other Certificate Revocation related exceptions or OCSP Responder failures would be disregarded in favor of connectivity.
[2025-03-20T01:42:15.232+0000] {processor.py:925} INFO - DAG(s) 'lab1StockETL' retrieved from /opt/airflow/dags/lab1_ETL.py
[2025-03-20T01:42:15.411+0000] {logging_mixin.py:190} INFO - [2025-03-20T01:42:15.410+0000] {dag.py:3229} INFO - Sync 1 DAGs
[2025-03-20T01:42:15.441+0000] {logging_mixin.py:190} INFO - [2025-03-20T01:42:15.441+0000] {dag.py:4156} INFO - Setting next_dagrun for lab1StockETL to 2025-03-18 02:30:00+00:00, run_after=2025-03-19 02:30:00+00:00
[2025-03-20T01:42:15.487+0000] {processor.py:208} INFO - Processing /opt/airflow/dags/lab1_ETL.py took 1.098 seconds
[2025-03-20T01:42:45.940+0000] {processor.py:186} INFO - Started process (PID=304) to work on /opt/airflow/dags/lab1_ETL.py
[2025-03-20T01:42:45.941+0000] {processor.py:914} INFO - Processing file /opt/airflow/dags/lab1_ETL.py for tasks to queue
[2025-03-20T01:42:45.944+0000] {logging_mixin.py:190} INFO - [2025-03-20T01:42:45.943+0000] {dagbag.py:587} INFO - Filling up the DagBag from /opt/airflow/dags/lab1_ETL.py
[2025-03-20T01:42:46.067+0000] {logging_mixin.py:190} INFO - [2025-03-20T01:42:46.067+0000] {base.py:84} INFO - Retrieving connection 'snowflake_conn_lemur'
[2025-03-20T01:42:46.068+0000] {logging_mixin.py:190} INFO - [2025-03-20T01:42:46.068+0000] {connection.py:413} INFO - Snowflake Connector for Python Version: 3.12.1, Python Version: 3.12.5, Platform: Linux-6.12.5-linuxkit-aarch64-with-glibc2.36
[2025-03-20T01:42:46.068+0000] {logging_mixin.py:190} INFO - [2025-03-20T01:42:46.068+0000] {connection.py:1196} INFO - Connecting to GLOBAL Snowflake domain
[2025-03-20T01:42:46.068+0000] {logging_mixin.py:190} INFO - [2025-03-20T01:42:46.068+0000] {connection.py:1277} INFO - This connection is in OCSP Fail Open Mode. TLS Certificates would be checked for validity and revocation status. Any other Certificate Revocation related exceptions or OCSP Responder failures would be disregarded in favor of connectivity.
[2025-03-20T01:42:46.376+0000] {processor.py:925} INFO - DAG(s) 'lab1StockETL' retrieved from /opt/airflow/dags/lab1_ETL.py
[2025-03-20T01:42:46.443+0000] {logging_mixin.py:190} INFO - [2025-03-20T01:42:46.443+0000] {dag.py:3229} INFO - Sync 1 DAGs
[2025-03-20T01:42:46.455+0000] {logging_mixin.py:190} INFO - [2025-03-20T01:42:46.455+0000] {dag.py:4156} INFO - Setting next_dagrun for lab1StockETL to 2025-03-18 02:30:00+00:00, run_after=2025-03-19 02:30:00+00:00
[2025-03-20T01:42:46.464+0000] {processor.py:208} INFO - Processing /opt/airflow/dags/lab1_ETL.py took 0.530 seconds
[2025-03-20T01:43:17.041+0000] {processor.py:186} INFO - Started process (PID=345) to work on /opt/airflow/dags/lab1_ETL.py
[2025-03-20T01:43:17.042+0000] {processor.py:914} INFO - Processing file /opt/airflow/dags/lab1_ETL.py for tasks to queue
[2025-03-20T01:43:17.044+0000] {logging_mixin.py:190} INFO - [2025-03-20T01:43:17.044+0000] {dagbag.py:587} INFO - Filling up the DagBag from /opt/airflow/dags/lab1_ETL.py
[2025-03-20T01:43:17.132+0000] {logging_mixin.py:190} INFO - [2025-03-20T01:43:17.132+0000] {base.py:84} INFO - Retrieving connection 'snowflake_conn_lemur'
[2025-03-20T01:43:17.133+0000] {logging_mixin.py:190} INFO - [2025-03-20T01:43:17.133+0000] {connection.py:413} INFO - Snowflake Connector for Python Version: 3.12.1, Python Version: 3.12.5, Platform: Linux-6.12.5-linuxkit-aarch64-with-glibc2.36
[2025-03-20T01:43:17.134+0000] {logging_mixin.py:190} INFO - [2025-03-20T01:43:17.133+0000] {connection.py:1196} INFO - Connecting to GLOBAL Snowflake domain
[2025-03-20T01:43:17.134+0000] {logging_mixin.py:190} INFO - [2025-03-20T01:43:17.134+0000] {connection.py:1277} INFO - This connection is in OCSP Fail Open Mode. TLS Certificates would be checked for validity and revocation status. Any other Certificate Revocation related exceptions or OCSP Responder failures would be disregarded in favor of connectivity.
[2025-03-20T01:43:17.360+0000] {processor.py:925} INFO - DAG(s) 'lab1StockETL' retrieved from /opt/airflow/dags/lab1_ETL.py
[2025-03-20T01:43:17.415+0000] {logging_mixin.py:190} INFO - [2025-03-20T01:43:17.415+0000] {dag.py:3229} INFO - Sync 1 DAGs
[2025-03-20T01:43:17.426+0000] {logging_mixin.py:190} INFO - [2025-03-20T01:43:17.426+0000] {dag.py:4156} INFO - Setting next_dagrun for lab1StockETL to 2025-03-18 02:30:00+00:00, run_after=2025-03-19 02:30:00+00:00
[2025-03-20T01:43:17.434+0000] {processor.py:208} INFO - Processing /opt/airflow/dags/lab1_ETL.py took 0.399 seconds
[2025-03-20T01:43:47.895+0000] {processor.py:186} INFO - Started process (PID=376) to work on /opt/airflow/dags/lab1_ETL.py
[2025-03-20T01:43:47.897+0000] {processor.py:914} INFO - Processing file /opt/airflow/dags/lab1_ETL.py for tasks to queue
[2025-03-20T01:43:47.899+0000] {logging_mixin.py:190} INFO - [2025-03-20T01:43:47.899+0000] {dagbag.py:587} INFO - Filling up the DagBag from /opt/airflow/dags/lab1_ETL.py
[2025-03-20T01:43:47.996+0000] {logging_mixin.py:190} INFO - [2025-03-20T01:43:47.996+0000] {base.py:84} INFO - Retrieving connection 'snowflake_conn_lemur'
[2025-03-20T01:43:47.996+0000] {logging_mixin.py:190} INFO - [2025-03-20T01:43:47.996+0000] {connection.py:413} INFO - Snowflake Connector for Python Version: 3.12.1, Python Version: 3.12.5, Platform: Linux-6.12.5-linuxkit-aarch64-with-glibc2.36
[2025-03-20T01:43:47.997+0000] {logging_mixin.py:190} INFO - [2025-03-20T01:43:47.997+0000] {connection.py:1196} INFO - Connecting to GLOBAL Snowflake domain
[2025-03-20T01:43:47.997+0000] {logging_mixin.py:190} INFO - [2025-03-20T01:43:47.997+0000] {connection.py:1277} INFO - This connection is in OCSP Fail Open Mode. TLS Certificates would be checked for validity and revocation status. Any other Certificate Revocation related exceptions or OCSP Responder failures would be disregarded in favor of connectivity.
[2025-03-20T01:43:48.301+0000] {processor.py:925} INFO - DAG(s) 'lab1StockETL' retrieved from /opt/airflow/dags/lab1_ETL.py
[2025-03-20T01:43:48.363+0000] {logging_mixin.py:190} INFO - [2025-03-20T01:43:48.363+0000] {dag.py:3229} INFO - Sync 1 DAGs
[2025-03-20T01:43:48.374+0000] {logging_mixin.py:190} INFO - [2025-03-20T01:43:48.373+0000] {dag.py:4156} INFO - Setting next_dagrun for lab1StockETL to 2025-03-18 02:30:00+00:00, run_after=2025-03-19 02:30:00+00:00
[2025-03-20T01:43:48.386+0000] {processor.py:208} INFO - Processing /opt/airflow/dags/lab1_ETL.py took 0.500 seconds
[2025-03-20T01:44:18.921+0000] {processor.py:186} INFO - Started process (PID=407) to work on /opt/airflow/dags/lab1_ETL.py
[2025-03-20T01:44:18.923+0000] {processor.py:914} INFO - Processing file /opt/airflow/dags/lab1_ETL.py for tasks to queue
[2025-03-20T01:44:18.927+0000] {logging_mixin.py:190} INFO - [2025-03-20T01:44:18.927+0000] {dagbag.py:587} INFO - Filling up the DagBag from /opt/airflow/dags/lab1_ETL.py
[2025-03-20T01:44:19.038+0000] {logging_mixin.py:190} INFO - [2025-03-20T01:44:19.038+0000] {base.py:84} INFO - Retrieving connection 'snowflake_conn_lemur'
[2025-03-20T01:44:19.038+0000] {logging_mixin.py:190} INFO - [2025-03-20T01:44:19.038+0000] {connection.py:413} INFO - Snowflake Connector for Python Version: 3.12.1, Python Version: 3.12.5, Platform: Linux-6.12.5-linuxkit-aarch64-with-glibc2.36
[2025-03-20T01:44:19.039+0000] {logging_mixin.py:190} INFO - [2025-03-20T01:44:19.039+0000] {connection.py:1196} INFO - Connecting to GLOBAL Snowflake domain
[2025-03-20T01:44:19.039+0000] {logging_mixin.py:190} INFO - [2025-03-20T01:44:19.039+0000] {connection.py:1277} INFO - This connection is in OCSP Fail Open Mode. TLS Certificates would be checked for validity and revocation status. Any other Certificate Revocation related exceptions or OCSP Responder failures would be disregarded in favor of connectivity.
[2025-03-20T01:44:19.342+0000] {processor.py:925} INFO - DAG(s) 'lab1StockETL' retrieved from /opt/airflow/dags/lab1_ETL.py
[2025-03-20T01:44:19.396+0000] {logging_mixin.py:190} INFO - [2025-03-20T01:44:19.395+0000] {dag.py:3229} INFO - Sync 1 DAGs
[2025-03-20T01:44:19.407+0000] {logging_mixin.py:190} INFO - [2025-03-20T01:44:19.407+0000] {dag.py:4156} INFO - Setting next_dagrun for lab1StockETL to 2025-03-18 02:30:00+00:00, run_after=2025-03-19 02:30:00+00:00
[2025-03-20T01:44:19.416+0000] {processor.py:208} INFO - Processing /opt/airflow/dags/lab1_ETL.py took 0.501 seconds
[2025-03-20T01:44:49.989+0000] {processor.py:186} INFO - Started process (PID=458) to work on /opt/airflow/dags/lab1_ETL.py
[2025-03-20T01:44:49.990+0000] {processor.py:914} INFO - Processing file /opt/airflow/dags/lab1_ETL.py for tasks to queue
[2025-03-20T01:44:49.991+0000] {logging_mixin.py:190} INFO - [2025-03-20T01:44:49.991+0000] {dagbag.py:587} INFO - Filling up the DagBag from /opt/airflow/dags/lab1_ETL.py
[2025-03-20T01:44:50.095+0000] {logging_mixin.py:190} INFO - [2025-03-20T01:44:50.095+0000] {base.py:84} INFO - Retrieving connection 'snowflake_conn_lemur'
[2025-03-20T01:44:50.096+0000] {logging_mixin.py:190} INFO - [2025-03-20T01:44:50.096+0000] {connection.py:413} INFO - Snowflake Connector for Python Version: 3.12.1, Python Version: 3.12.5, Platform: Linux-6.12.5-linuxkit-aarch64-with-glibc2.36
[2025-03-20T01:44:50.096+0000] {logging_mixin.py:190} INFO - [2025-03-20T01:44:50.096+0000] {connection.py:1196} INFO - Connecting to GLOBAL Snowflake domain
[2025-03-20T01:44:50.097+0000] {logging_mixin.py:190} INFO - [2025-03-20T01:44:50.097+0000] {connection.py:1277} INFO - This connection is in OCSP Fail Open Mode. TLS Certificates would be checked for validity and revocation status. Any other Certificate Revocation related exceptions or OCSP Responder failures would be disregarded in favor of connectivity.
[2025-03-20T01:44:50.417+0000] {processor.py:925} INFO - DAG(s) 'lab1StockETL' retrieved from /opt/airflow/dags/lab1_ETL.py
[2025-03-20T01:44:50.476+0000] {logging_mixin.py:190} INFO - [2025-03-20T01:44:50.475+0000] {dag.py:3229} INFO - Sync 1 DAGs
[2025-03-20T01:44:50.485+0000] {logging_mixin.py:190} INFO - [2025-03-20T01:44:50.485+0000] {dag.py:4156} INFO - Setting next_dagrun for lab1StockETL to 2025-03-18 02:30:00+00:00, run_after=2025-03-19 02:30:00+00:00
[2025-03-20T01:44:50.492+0000] {processor.py:208} INFO - Processing /opt/airflow/dags/lab1_ETL.py took 0.509 seconds
[2025-03-20T01:45:20.968+0000] {processor.py:186} INFO - Started process (PID=494) to work on /opt/airflow/dags/lab1_ETL.py
[2025-03-20T01:45:20.970+0000] {processor.py:914} INFO - Processing file /opt/airflow/dags/lab1_ETL.py for tasks to queue
[2025-03-20T01:45:20.972+0000] {logging_mixin.py:190} INFO - [2025-03-20T01:45:20.972+0000] {dagbag.py:587} INFO - Filling up the DagBag from /opt/airflow/dags/lab1_ETL.py
[2025-03-20T01:45:21.078+0000] {logging_mixin.py:190} INFO - [2025-03-20T01:45:21.078+0000] {base.py:84} INFO - Retrieving connection 'snowflake_conn_lemur'
[2025-03-20T01:45:21.079+0000] {logging_mixin.py:190} INFO - [2025-03-20T01:45:21.078+0000] {connection.py:413} INFO - Snowflake Connector for Python Version: 3.12.1, Python Version: 3.12.5, Platform: Linux-6.12.5-linuxkit-aarch64-with-glibc2.36
[2025-03-20T01:45:21.079+0000] {logging_mixin.py:190} INFO - [2025-03-20T01:45:21.079+0000] {connection.py:1196} INFO - Connecting to GLOBAL Snowflake domain
[2025-03-20T01:45:21.079+0000] {logging_mixin.py:190} INFO - [2025-03-20T01:45:21.079+0000] {connection.py:1277} INFO - This connection is in OCSP Fail Open Mode. TLS Certificates would be checked for validity and revocation status. Any other Certificate Revocation related exceptions or OCSP Responder failures would be disregarded in favor of connectivity.
[2025-03-20T01:45:21.425+0000] {processor.py:925} INFO - DAG(s) 'lab1StockETL' retrieved from /opt/airflow/dags/lab1_ETL.py
[2025-03-20T01:45:21.492+0000] {logging_mixin.py:190} INFO - [2025-03-20T01:45:21.492+0000] {dag.py:3229} INFO - Sync 1 DAGs
[2025-03-20T01:45:21.503+0000] {logging_mixin.py:190} INFO - [2025-03-20T01:45:21.503+0000] {dag.py:4156} INFO - Setting next_dagrun for lab1StockETL to 2025-03-18 02:30:00+00:00, run_after=2025-03-19 02:30:00+00:00
[2025-03-20T01:45:21.514+0000] {processor.py:208} INFO - Processing /opt/airflow/dags/lab1_ETL.py took 0.552 seconds
