[2025-04-15T19:27:41.487+0000] {local_task_job_runner.py:123} INFO - ::group::Pre task execution logs
[2025-04-15T19:27:41.529+0000] {taskinstance.py:2612} INFO - Dependencies all met for dep_context=non-requeueable deps ti=<TaskInstance: lab1StockETL.load scheduled__2025-04-14T02:30:00+00:00 [queued]>
[2025-04-15T19:27:41.542+0000] {taskinstance.py:2612} INFO - Dependencies all met for dep_context=requeueable deps ti=<TaskInstance: lab1StockETL.load scheduled__2025-04-14T02:30:00+00:00 [queued]>
[2025-04-15T19:27:41.543+0000] {taskinstance.py:2865} INFO - Starting attempt 1 of 1
[2025-04-15T19:27:41.566+0000] {taskinstance.py:2888} INFO - Executing <Task(_PythonDecoratedOperator): load> on 2025-04-14 02:30:00+00:00
[2025-04-15T19:27:41.672+0000] {standard_task_runner.py:104} INFO - Running: ['***', 'tasks', 'run', 'lab1StockETL', 'load', 'scheduled__2025-04-14T02:30:00+00:00', '--job-id', '155', '--raw', '--subdir', 'DAGS_FOLDER/lab1_ETL.py', '--cfg-path', '/tmp/tmp_eqxaawv']
[2025-04-15T19:27:41.672+0000] {logging_mixin.py:190} WARNING - /home/***/.local/lib/python3.12/site-packages/***/task/task_runner/standard_task_runner.py:70 DeprecationWarning: This process (pid=1967) is multi-threaded, use of fork() may lead to deadlocks in the child.
[2025-04-15T19:27:41.684+0000] {standard_task_runner.py:105} INFO - Job 155: Subtask load
[2025-04-15T19:27:41.685+0000] {standard_task_runner.py:72} INFO - Started process 1980 to run task
[2025-04-15T19:27:41.830+0000] {task_command.py:467} INFO - Running <TaskInstance: lab1StockETL.load scheduled__2025-04-14T02:30:00+00:00 [running]> on host e3cb891c5fca
[2025-04-15T19:27:42.083+0000] {taskinstance.py:3131} INFO - Exporting env vars: AIRFLOW_CTX_DAG_OWNER='***' AIRFLOW_CTX_DAG_ID='lab1StockETL' AIRFLOW_CTX_TASK_ID='load' AIRFLOW_CTX_EXECUTION_DATE='2025-04-14T02:30:00+00:00' AIRFLOW_CTX_TRY_NUMBER='1' AIRFLOW_CTX_DAG_RUN_ID='scheduled__2025-04-14T02:30:00+00:00'
[2025-04-15T19:27:42.085+0000] {taskinstance.py:731} INFO - ::endgroup::
[2025-04-15T19:27:42.090+0000] {logging_mixin.py:190} INFO - 360 records found
[2025-04-15T19:27:42.568+0000] {cursor.py:1156} INFO - Number of results in first chunk: 1
[2025-04-15T19:27:42.690+0000] {cursor.py:1156} INFO - Number of results in first chunk: 1
[2025-04-15T19:32:28.780+0000] {cursor.py:1156} INFO - Number of results in first chunk: 1
[2025-04-15T19:32:28.791+0000] {python.py:240} INFO - Done. Returned value was: None
[2025-04-15T19:32:28.997+0000] {taskinstance.py:340} INFO - ::group::Post task execution logs
[2025-04-15T19:32:29.001+0000] {taskinstance.py:352} INFO - Marking task as SUCCESS. dag_id=lab1StockETL, task_id=load, run_id=scheduled__2025-04-14T02:30:00+00:00, execution_date=20250414T023000, start_date=20250415T192741, end_date=20250415T193229
[2025-04-15T19:32:29.162+0000] {local_task_job_runner.py:266} INFO - Task exited with return code 0
[2025-04-15T19:32:29.330+0000] {taskinstance.py:3900} INFO - 0 downstream tasks scheduled from follow-on schedule check
[2025-04-15T19:32:29.340+0000] {local_task_job_runner.py:245} INFO - ::endgroup::
