[2025-03-17T00:57:39.516+0000] {processor.py:186} INFO - Started process (PID=5585) to work on /opt/airflow/dags/Hw6_ELT_User_Summary.py
[2025-03-17T00:57:39.517+0000] {processor.py:914} INFO - Processing file /opt/airflow/dags/Hw6_ELT_User_Summary.py for tasks to queue
[2025-03-17T00:57:39.521+0000] {logging_mixin.py:190} INFO - [2025-03-17T00:57:39.520+0000] {dagbag.py:587} INFO - Filling up the DagBag from /opt/airflow/dags/Hw6_ELT_User_Summary.py
[2025-03-17T00:57:39.536+0000] {processor.py:925} INFO - DAG(s) 'Hw6_ELT_user_summary' retrieved from /opt/airflow/dags/Hw6_ELT_User_Summary.py
[2025-03-17T00:57:39.621+0000] {logging_mixin.py:190} INFO - [2025-03-17T00:57:39.621+0000] {override.py:1900} INFO - Created Permission View: can delete on DAG:Hw6_ELT_user_summary
[2025-03-17T00:57:39.625+0000] {logging_mixin.py:190} INFO - [2025-03-17T00:57:39.625+0000] {override.py:1900} INFO - Created Permission View: can edit on DAG:Hw6_ELT_user_summary
[2025-03-17T00:57:39.627+0000] {logging_mixin.py:190} INFO - [2025-03-17T00:57:39.626+0000] {override.py:1900} INFO - Created Permission View: can read on DAG:Hw6_ELT_user_summary
[2025-03-17T00:57:39.628+0000] {logging_mixin.py:190} INFO - [2025-03-17T00:57:39.628+0000] {override.py:1900} INFO - Created Permission View: menu access on DAG Run:Hw6_ELT_user_summary
[2025-03-17T00:57:39.630+0000] {logging_mixin.py:190} INFO - [2025-03-17T00:57:39.630+0000] {override.py:1900} INFO - Created Permission View: can create on DAG Run:Hw6_ELT_user_summary
[2025-03-17T00:57:39.631+0000] {logging_mixin.py:190} INFO - [2025-03-17T00:57:39.631+0000] {override.py:1900} INFO - Created Permission View: can delete on DAG Run:Hw6_ELT_user_summary
[2025-03-17T00:57:39.633+0000] {logging_mixin.py:190} INFO - [2025-03-17T00:57:39.632+0000] {override.py:1900} INFO - Created Permission View: can read on DAG Run:Hw6_ELT_user_summary
[2025-03-17T00:57:39.633+0000] {logging_mixin.py:190} INFO - [2025-03-17T00:57:39.633+0000] {dag.py:3229} INFO - Sync 1 DAGs
[2025-03-17T00:57:39.640+0000] {logging_mixin.py:190} INFO - [2025-03-17T00:57:39.640+0000] {dag.py:3252} INFO - Creating ORM DAG for Hw6_ELT_user_summary
[2025-03-17T00:57:39.645+0000] {logging_mixin.py:190} INFO - [2025-03-17T00:57:39.645+0000] {dag.py:4156} INFO - Setting next_dagrun for Hw6_ELT_user_summary to 2025-03-15 02:30:00+00:00, run_after=2025-03-16 02:30:00+00:00
[2025-03-17T00:57:39.653+0000] {processor.py:208} INFO - Processing /opt/airflow/dags/Hw6_ELT_User_Summary.py took 0.149 seconds
[2025-03-17T00:58:09.892+0000] {processor.py:186} INFO - Started process (PID=5616) to work on /opt/airflow/dags/Hw6_ELT_User_Summary.py
[2025-03-17T00:58:09.894+0000] {processor.py:914} INFO - Processing file /opt/airflow/dags/Hw6_ELT_User_Summary.py for tasks to queue
[2025-03-17T00:58:09.899+0000] {logging_mixin.py:190} INFO - [2025-03-17T00:58:09.899+0000] {dagbag.py:587} INFO - Filling up the DagBag from /opt/airflow/dags/Hw6_ELT_User_Summary.py
[2025-03-17T00:58:09.916+0000] {processor.py:925} INFO - DAG(s) 'Hw6_ELT_user_summary' retrieved from /opt/airflow/dags/Hw6_ELT_User_Summary.py
[2025-03-17T00:58:09.951+0000] {logging_mixin.py:190} INFO - [2025-03-17T00:58:09.951+0000] {dag.py:3229} INFO - Sync 1 DAGs
[2025-03-17T00:58:09.968+0000] {logging_mixin.py:190} INFO - [2025-03-17T00:58:09.968+0000] {dag.py:4156} INFO - Setting next_dagrun for Hw6_ELT_user_summary to 2025-03-15 02:30:00+00:00, run_after=2025-03-16 02:30:00+00:00
[2025-03-17T00:58:09.977+0000] {processor.py:208} INFO - Processing /opt/airflow/dags/Hw6_ELT_User_Summary.py took 0.097 seconds
[2025-03-17T00:58:40.522+0000] {processor.py:186} INFO - Started process (PID=5647) to work on /opt/airflow/dags/Hw6_ELT_User_Summary.py
[2025-03-17T00:58:40.527+0000] {processor.py:914} INFO - Processing file /opt/airflow/dags/Hw6_ELT_User_Summary.py for tasks to queue
[2025-03-17T00:58:40.533+0000] {logging_mixin.py:190} INFO - [2025-03-17T00:58:40.532+0000] {dagbag.py:587} INFO - Filling up the DagBag from /opt/airflow/dags/Hw6_ELT_User_Summary.py
[2025-03-17T00:58:40.548+0000] {processor.py:925} INFO - DAG(s) 'Hw6_ELT_user_summary' retrieved from /opt/airflow/dags/Hw6_ELT_User_Summary.py
[2025-03-17T00:58:40.571+0000] {logging_mixin.py:190} INFO - [2025-03-17T00:58:40.571+0000] {dag.py:3229} INFO - Sync 1 DAGs
[2025-03-17T00:58:40.591+0000] {logging_mixin.py:190} INFO - [2025-03-17T00:58:40.591+0000] {dag.py:4156} INFO - Setting next_dagrun for Hw6_ELT_user_summary to 2025-03-15 02:30:00+00:00, run_after=2025-03-16 02:30:00+00:00
[2025-03-17T00:58:40.605+0000] {processor.py:208} INFO - Processing /opt/airflow/dags/Hw6_ELT_User_Summary.py took 0.113 seconds
[2025-03-17T00:59:10.994+0000] {processor.py:186} INFO - Started process (PID=5678) to work on /opt/airflow/dags/Hw6_ELT_User_Summary.py
[2025-03-17T00:59:10.995+0000] {processor.py:914} INFO - Processing file /opt/airflow/dags/Hw6_ELT_User_Summary.py for tasks to queue
[2025-03-17T00:59:11.003+0000] {logging_mixin.py:190} INFO - [2025-03-17T00:59:11.002+0000] {dagbag.py:587} INFO - Filling up the DagBag from /opt/airflow/dags/Hw6_ELT_User_Summary.py
[2025-03-17T00:59:11.020+0000] {processor.py:925} INFO - DAG(s) 'Hw6_ELT_user_summary' retrieved from /opt/airflow/dags/Hw6_ELT_User_Summary.py
[2025-03-17T00:59:11.063+0000] {logging_mixin.py:190} INFO - [2025-03-17T00:59:11.063+0000] {dag.py:3229} INFO - Sync 1 DAGs
[2025-03-17T00:59:11.078+0000] {logging_mixin.py:190} INFO - [2025-03-17T00:59:11.078+0000] {dag.py:4156} INFO - Setting next_dagrun for Hw6_ELT_user_summary to 2025-03-15 02:30:00+00:00, run_after=2025-03-16 02:30:00+00:00
[2025-03-17T00:59:11.087+0000] {processor.py:208} INFO - Processing /opt/airflow/dags/Hw6_ELT_User_Summary.py took 0.126 seconds
[2025-03-17T00:59:41.805+0000] {processor.py:186} INFO - Started process (PID=5709) to work on /opt/airflow/dags/Hw6_ELT_User_Summary.py
[2025-03-17T00:59:41.807+0000] {processor.py:914} INFO - Processing file /opt/airflow/dags/Hw6_ELT_User_Summary.py for tasks to queue
[2025-03-17T00:59:41.816+0000] {logging_mixin.py:190} INFO - [2025-03-17T00:59:41.815+0000] {dagbag.py:587} INFO - Filling up the DagBag from /opt/airflow/dags/Hw6_ELT_User_Summary.py
[2025-03-17T00:59:41.846+0000] {processor.py:925} INFO - DAG(s) 'Hw6_ELT_user_summary' retrieved from /opt/airflow/dags/Hw6_ELT_User_Summary.py
[2025-03-17T00:59:41.869+0000] {logging_mixin.py:190} INFO - [2025-03-17T00:59:41.869+0000] {dag.py:3229} INFO - Sync 1 DAGs
[2025-03-17T00:59:41.886+0000] {logging_mixin.py:190} INFO - [2025-03-17T00:59:41.886+0000] {dag.py:4156} INFO - Setting next_dagrun for Hw6_ELT_user_summary to 2025-03-15 02:30:00+00:00, run_after=2025-03-16 02:30:00+00:00
[2025-03-17T00:59:41.895+0000] {processor.py:208} INFO - Processing /opt/airflow/dags/Hw6_ELT_User_Summary.py took 0.102 seconds
[2025-03-17T01:00:12.494+0000] {processor.py:186} INFO - Started process (PID=5740) to work on /opt/airflow/dags/Hw6_ELT_User_Summary.py
[2025-03-17T01:00:12.497+0000] {processor.py:914} INFO - Processing file /opt/airflow/dags/Hw6_ELT_User_Summary.py for tasks to queue
[2025-03-17T01:00:12.513+0000] {logging_mixin.py:190} INFO - [2025-03-17T01:00:12.513+0000] {dagbag.py:587} INFO - Filling up the DagBag from /opt/airflow/dags/Hw6_ELT_User_Summary.py
[2025-03-17T01:00:12.528+0000] {processor.py:925} INFO - DAG(s) 'Hw6_ELT_user_summary' retrieved from /opt/airflow/dags/Hw6_ELT_User_Summary.py
[2025-03-17T01:00:12.554+0000] {logging_mixin.py:190} INFO - [2025-03-17T01:00:12.553+0000] {dag.py:3229} INFO - Sync 1 DAGs
[2025-03-17T01:00:12.569+0000] {logging_mixin.py:190} INFO - [2025-03-17T01:00:12.569+0000] {dag.py:4156} INFO - Setting next_dagrun for Hw6_ELT_user_summary to 2025-03-15 02:30:00+00:00, run_after=2025-03-16 02:30:00+00:00
[2025-03-17T01:00:12.578+0000] {processor.py:208} INFO - Processing /opt/airflow/dags/Hw6_ELT_User_Summary.py took 0.099 seconds
[2025-03-17T01:00:42.677+0000] {processor.py:186} INFO - Started process (PID=5771) to work on /opt/airflow/dags/Hw6_ELT_User_Summary.py
[2025-03-17T01:00:42.679+0000] {processor.py:914} INFO - Processing file /opt/airflow/dags/Hw6_ELT_User_Summary.py for tasks to queue
[2025-03-17T01:00:42.683+0000] {logging_mixin.py:190} INFO - [2025-03-17T01:00:42.682+0000] {dagbag.py:587} INFO - Filling up the DagBag from /opt/airflow/dags/Hw6_ELT_User_Summary.py
[2025-03-17T01:00:42.693+0000] {processor.py:925} INFO - DAG(s) 'Hw6_ELT_user_summary' retrieved from /opt/airflow/dags/Hw6_ELT_User_Summary.py
[2025-03-17T01:00:42.710+0000] {logging_mixin.py:190} INFO - [2025-03-17T01:00:42.710+0000] {dag.py:3229} INFO - Sync 1 DAGs
[2025-03-17T01:00:42.722+0000] {logging_mixin.py:190} INFO - [2025-03-17T01:00:42.722+0000] {dag.py:4156} INFO - Setting next_dagrun for Hw6_ELT_user_summary to 2025-03-15 02:30:00+00:00, run_after=2025-03-16 02:30:00+00:00
[2025-03-17T01:00:42.729+0000] {processor.py:208} INFO - Processing /opt/airflow/dags/Hw6_ELT_User_Summary.py took 0.062 seconds
[2025-03-17T01:01:13.257+0000] {processor.py:186} INFO - Started process (PID=5802) to work on /opt/airflow/dags/Hw6_ELT_User_Summary.py
[2025-03-17T01:01:13.260+0000] {processor.py:914} INFO - Processing file /opt/airflow/dags/Hw6_ELT_User_Summary.py for tasks to queue
[2025-03-17T01:01:13.270+0000] {logging_mixin.py:190} INFO - [2025-03-17T01:01:13.266+0000] {dagbag.py:587} INFO - Filling up the DagBag from /opt/airflow/dags/Hw6_ELT_User_Summary.py
[2025-03-17T01:01:13.307+0000] {processor.py:925} INFO - DAG(s) 'Hw6_ELT_user_summary' retrieved from /opt/airflow/dags/Hw6_ELT_User_Summary.py
[2025-03-17T01:01:13.331+0000] {logging_mixin.py:190} INFO - [2025-03-17T01:01:13.331+0000] {dag.py:3229} INFO - Sync 1 DAGs
[2025-03-17T01:01:13.348+0000] {logging_mixin.py:190} INFO - [2025-03-17T01:01:13.348+0000] {dag.py:4156} INFO - Setting next_dagrun for Hw6_ELT_user_summary to 2025-03-15 02:30:00+00:00, run_after=2025-03-16 02:30:00+00:00
[2025-03-17T01:01:13.358+0000] {processor.py:208} INFO - Processing /opt/airflow/dags/Hw6_ELT_User_Summary.py took 0.114 seconds
[2025-03-17T01:01:43.954+0000] {processor.py:186} INFO - Started process (PID=5833) to work on /opt/airflow/dags/Hw6_ELT_User_Summary.py
[2025-03-17T01:01:43.957+0000] {processor.py:914} INFO - Processing file /opt/airflow/dags/Hw6_ELT_User_Summary.py for tasks to queue
[2025-03-17T01:01:43.961+0000] {logging_mixin.py:190} INFO - [2025-03-17T01:01:43.961+0000] {dagbag.py:587} INFO - Filling up the DagBag from /opt/airflow/dags/Hw6_ELT_User_Summary.py
[2025-03-17T01:01:43.974+0000] {processor.py:925} INFO - DAG(s) 'Hw6_ELT_user_summary' retrieved from /opt/airflow/dags/Hw6_ELT_User_Summary.py
[2025-03-17T01:01:44.009+0000] {logging_mixin.py:190} INFO - [2025-03-17T01:01:44.008+0000] {dag.py:3229} INFO - Sync 1 DAGs
[2025-03-17T01:01:44.025+0000] {logging_mixin.py:190} INFO - [2025-03-17T01:01:44.025+0000] {dag.py:4156} INFO - Setting next_dagrun for Hw6_ELT_user_summary to 2025-03-15 02:30:00+00:00, run_after=2025-03-16 02:30:00+00:00
[2025-03-17T01:01:44.034+0000] {processor.py:208} INFO - Processing /opt/airflow/dags/Hw6_ELT_User_Summary.py took 0.114 seconds
[2025-03-17T01:02:14.279+0000] {processor.py:186} INFO - Started process (PID=5864) to work on /opt/airflow/dags/Hw6_ELT_User_Summary.py
[2025-03-17T01:02:14.281+0000] {processor.py:914} INFO - Processing file /opt/airflow/dags/Hw6_ELT_User_Summary.py for tasks to queue
[2025-03-17T01:02:14.287+0000] {logging_mixin.py:190} INFO - [2025-03-17T01:02:14.286+0000] {dagbag.py:587} INFO - Filling up the DagBag from /opt/airflow/dags/Hw6_ELT_User_Summary.py
[2025-03-17T01:02:14.304+0000] {processor.py:925} INFO - DAG(s) 'Hw6_ELT_user_summary' retrieved from /opt/airflow/dags/Hw6_ELT_User_Summary.py
[2025-03-17T01:02:14.336+0000] {logging_mixin.py:190} INFO - [2025-03-17T01:02:14.336+0000] {dag.py:3229} INFO - Sync 1 DAGs
[2025-03-17T01:02:14.352+0000] {logging_mixin.py:190} INFO - [2025-03-17T01:02:14.352+0000] {dag.py:4156} INFO - Setting next_dagrun for Hw6_ELT_user_summary to 2025-03-15 02:30:00+00:00, run_after=2025-03-16 02:30:00+00:00
[2025-03-17T01:02:14.361+0000] {processor.py:208} INFO - Processing /opt/airflow/dags/Hw6_ELT_User_Summary.py took 0.093 seconds
[2025-03-17T01:02:44.973+0000] {processor.py:186} INFO - Started process (PID=5895) to work on /opt/airflow/dags/Hw6_ELT_User_Summary.py
[2025-03-17T01:02:44.975+0000] {processor.py:914} INFO - Processing file /opt/airflow/dags/Hw6_ELT_User_Summary.py for tasks to queue
[2025-03-17T01:02:44.980+0000] {logging_mixin.py:190} INFO - [2025-03-17T01:02:44.979+0000] {dagbag.py:587} INFO - Filling up the DagBag from /opt/airflow/dags/Hw6_ELT_User_Summary.py
[2025-03-17T01:02:45.005+0000] {processor.py:925} INFO - DAG(s) 'Hw6_ELT_user_summary' retrieved from /opt/airflow/dags/Hw6_ELT_User_Summary.py
[2025-03-17T01:02:45.047+0000] {logging_mixin.py:190} INFO - [2025-03-17T01:02:45.046+0000] {dag.py:3229} INFO - Sync 1 DAGs
[2025-03-17T01:02:45.066+0000] {logging_mixin.py:190} INFO - [2025-03-17T01:02:45.066+0000] {dag.py:4156} INFO - Setting next_dagrun for Hw6_ELT_user_summary to 2025-03-15 02:30:00+00:00, run_after=2025-03-16 02:30:00+00:00
[2025-03-17T01:02:45.076+0000] {processor.py:208} INFO - Processing /opt/airflow/dags/Hw6_ELT_User_Summary.py took 0.113 seconds
[2025-03-17T01:03:15.203+0000] {processor.py:186} INFO - Started process (PID=5926) to work on /opt/airflow/dags/Hw6_ELT_User_Summary.py
[2025-03-17T01:03:15.206+0000] {processor.py:914} INFO - Processing file /opt/airflow/dags/Hw6_ELT_User_Summary.py for tasks to queue
[2025-03-17T01:03:15.213+0000] {logging_mixin.py:190} INFO - [2025-03-17T01:03:15.213+0000] {dagbag.py:587} INFO - Filling up the DagBag from /opt/airflow/dags/Hw6_ELT_User_Summary.py
[2025-03-17T01:03:15.230+0000] {processor.py:925} INFO - DAG(s) 'Hw6_ELT_user_summary' retrieved from /opt/airflow/dags/Hw6_ELT_User_Summary.py
[2025-03-17T01:03:15.271+0000] {logging_mixin.py:190} INFO - [2025-03-17T01:03:15.271+0000] {dag.py:3229} INFO - Sync 1 DAGs
[2025-03-17T01:03:15.306+0000] {logging_mixin.py:190} INFO - [2025-03-17T01:03:15.306+0000] {dag.py:4156} INFO - Setting next_dagrun for Hw6_ELT_user_summary to 2025-03-15 02:30:00+00:00, run_after=2025-03-16 02:30:00+00:00
[2025-03-17T01:03:15.317+0000] {processor.py:208} INFO - Processing /opt/airflow/dags/Hw6_ELT_User_Summary.py took 0.139 seconds
[2025-03-17T01:03:45.413+0000] {processor.py:186} INFO - Started process (PID=5957) to work on /opt/airflow/dags/Hw6_ELT_User_Summary.py
[2025-03-17T01:03:45.415+0000] {processor.py:914} INFO - Processing file /opt/airflow/dags/Hw6_ELT_User_Summary.py for tasks to queue
[2025-03-17T01:03:45.417+0000] {logging_mixin.py:190} INFO - [2025-03-17T01:03:45.417+0000] {dagbag.py:587} INFO - Filling up the DagBag from /opt/airflow/dags/Hw6_ELT_User_Summary.py
[2025-03-17T01:03:45.426+0000] {processor.py:925} INFO - DAG(s) 'Hw6_ELT_user_summary' retrieved from /opt/airflow/dags/Hw6_ELT_User_Summary.py
[2025-03-17T01:03:45.443+0000] {logging_mixin.py:190} INFO - [2025-03-17T01:03:45.443+0000] {dag.py:3229} INFO - Sync 1 DAGs
[2025-03-17T01:03:45.456+0000] {logging_mixin.py:190} INFO - [2025-03-17T01:03:45.456+0000] {dag.py:4156} INFO - Setting next_dagrun for Hw6_ELT_user_summary to 2025-03-15 02:30:00+00:00, run_after=2025-03-16 02:30:00+00:00
[2025-03-17T01:03:45.468+0000] {processor.py:208} INFO - Processing /opt/airflow/dags/Hw6_ELT_User_Summary.py took 0.068 seconds
[2025-03-17T01:04:15.703+0000] {processor.py:186} INFO - Started process (PID=5988) to work on /opt/airflow/dags/Hw6_ELT_User_Summary.py
[2025-03-17T01:04:15.705+0000] {processor.py:914} INFO - Processing file /opt/airflow/dags/Hw6_ELT_User_Summary.py for tasks to queue
[2025-03-17T01:04:15.710+0000] {logging_mixin.py:190} INFO - [2025-03-17T01:04:15.709+0000] {dagbag.py:587} INFO - Filling up the DagBag from /opt/airflow/dags/Hw6_ELT_User_Summary.py
[2025-03-17T01:04:15.728+0000] {processor.py:925} INFO - DAG(s) 'Hw6_ELT_user_summary' retrieved from /opt/airflow/dags/Hw6_ELT_User_Summary.py
[2025-03-17T01:04:15.756+0000] {logging_mixin.py:190} INFO - [2025-03-17T01:04:15.755+0000] {dag.py:3229} INFO - Sync 1 DAGs
[2025-03-17T01:04:15.785+0000] {logging_mixin.py:190} INFO - [2025-03-17T01:04:15.785+0000] {dag.py:4156} INFO - Setting next_dagrun for Hw6_ELT_user_summary to 2025-03-15 02:30:00+00:00, run_after=2025-03-16 02:30:00+00:00
[2025-03-17T01:04:15.795+0000] {processor.py:208} INFO - Processing /opt/airflow/dags/Hw6_ELT_User_Summary.py took 0.109 seconds
[2025-03-17T01:04:37.097+0000] {processor.py:186} INFO - Started process (PID=6003) to work on /opt/airflow/dags/Hw6_ELT_User_Summary.py
[2025-03-17T01:04:37.097+0000] {processor.py:914} INFO - Processing file /opt/airflow/dags/Hw6_ELT_User_Summary.py for tasks to queue
[2025-03-17T01:04:37.099+0000] {logging_mixin.py:190} INFO - [2025-03-17T01:04:37.099+0000] {dagbag.py:587} INFO - Filling up the DagBag from /opt/airflow/dags/Hw6_ELT_User_Summary.py
[2025-03-17T01:04:37.108+0000] {processor.py:925} INFO - DAG(s) 'Hw6_BuildELT_UserSummary' retrieved from /opt/airflow/dags/Hw6_ELT_User_Summary.py
[2025-03-17T01:04:37.178+0000] {logging_mixin.py:190} INFO - [2025-03-17T01:04:37.177+0000] {override.py:1900} INFO - Created Permission View: can delete on DAG:Hw6_BuildELT_UserSummary
[2025-03-17T01:04:37.182+0000] {logging_mixin.py:190} INFO - [2025-03-17T01:04:37.181+0000] {override.py:1900} INFO - Created Permission View: can edit on DAG:Hw6_BuildELT_UserSummary
[2025-03-17T01:04:37.183+0000] {logging_mixin.py:190} INFO - [2025-03-17T01:04:37.183+0000] {override.py:1900} INFO - Created Permission View: can read on DAG:Hw6_BuildELT_UserSummary
[2025-03-17T01:04:37.185+0000] {logging_mixin.py:190} INFO - [2025-03-17T01:04:37.185+0000] {override.py:1900} INFO - Created Permission View: menu access on DAG Run:Hw6_BuildELT_UserSummary
[2025-03-17T01:04:37.187+0000] {logging_mixin.py:190} INFO - [2025-03-17T01:04:37.187+0000] {override.py:1900} INFO - Created Permission View: can create on DAG Run:Hw6_BuildELT_UserSummary
[2025-03-17T01:04:37.188+0000] {logging_mixin.py:190} INFO - [2025-03-17T01:04:37.188+0000] {override.py:1900} INFO - Created Permission View: can delete on DAG Run:Hw6_BuildELT_UserSummary
[2025-03-17T01:04:37.190+0000] {logging_mixin.py:190} INFO - [2025-03-17T01:04:37.190+0000] {override.py:1900} INFO - Created Permission View: can read on DAG Run:Hw6_BuildELT_UserSummary
[2025-03-17T01:04:37.190+0000] {logging_mixin.py:190} INFO - [2025-03-17T01:04:37.190+0000] {dag.py:3229} INFO - Sync 1 DAGs
[2025-03-17T01:04:37.197+0000] {logging_mixin.py:190} INFO - [2025-03-17T01:04:37.197+0000] {dag.py:3252} INFO - Creating ORM DAG for Hw6_BuildELT_UserSummary
[2025-03-17T01:04:37.202+0000] {logging_mixin.py:190} INFO - [2025-03-17T01:04:37.202+0000] {dag.py:4156} INFO - Setting next_dagrun for Hw6_BuildELT_UserSummary to 2025-03-15 02:45:00+00:00, run_after=2025-03-16 02:45:00+00:00
[2025-03-17T01:04:37.209+0000] {processor.py:208} INFO - Processing /opt/airflow/dags/Hw6_ELT_User_Summary.py took 0.118 seconds
[2025-03-17T01:05:07.368+0000] {processor.py:186} INFO - Started process (PID=6034) to work on /opt/airflow/dags/Hw6_ELT_User_Summary.py
[2025-03-17T01:05:07.370+0000] {processor.py:914} INFO - Processing file /opt/airflow/dags/Hw6_ELT_User_Summary.py for tasks to queue
[2025-03-17T01:05:07.372+0000] {logging_mixin.py:190} INFO - [2025-03-17T01:05:07.371+0000] {dagbag.py:587} INFO - Filling up the DagBag from /opt/airflow/dags/Hw6_ELT_User_Summary.py
[2025-03-17T01:05:07.380+0000] {processor.py:925} INFO - DAG(s) 'Hw6_BuildELT_UserSummary' retrieved from /opt/airflow/dags/Hw6_ELT_User_Summary.py
[2025-03-17T01:05:07.396+0000] {logging_mixin.py:190} INFO - [2025-03-17T01:05:07.396+0000] {dag.py:3229} INFO - Sync 1 DAGs
[2025-03-17T01:05:07.408+0000] {logging_mixin.py:190} INFO - [2025-03-17T01:05:07.408+0000] {dag.py:4156} INFO - Setting next_dagrun for Hw6_BuildELT_UserSummary to 2025-03-15 02:45:00+00:00, run_after=2025-03-16 02:45:00+00:00
[2025-03-17T01:05:07.416+0000] {processor.py:208} INFO - Processing /opt/airflow/dags/Hw6_ELT_User_Summary.py took 0.070 seconds
[2025-03-17T01:05:26.457+0000] {processor.py:186} INFO - Started process (PID=6060) to work on /opt/airflow/dags/Hw6_ELT_User_Summary.py
[2025-03-17T01:05:26.459+0000] {processor.py:914} INFO - Processing file /opt/airflow/dags/Hw6_ELT_User_Summary.py for tasks to queue
[2025-03-17T01:05:26.460+0000] {logging_mixin.py:190} INFO - [2025-03-17T01:05:26.460+0000] {dagbag.py:587} INFO - Filling up the DagBag from /opt/airflow/dags/Hw6_ELT_User_Summary.py
[2025-03-17T01:05:26.474+0000] {processor.py:925} INFO - DAG(s) 'Hw6_BuildELT_UserSummary' retrieved from /opt/airflow/dags/Hw6_ELT_User_Summary.py
[2025-03-17T01:05:26.496+0000] {logging_mixin.py:190} INFO - [2025-03-17T01:05:26.496+0000] {dag.py:3229} INFO - Sync 1 DAGs
[2025-03-17T01:05:26.520+0000] {logging_mixin.py:190} INFO - [2025-03-17T01:05:26.520+0000] {dag.py:4156} INFO - Setting next_dagrun for Hw6_BuildELT_UserSummary to 2025-03-15 02:45:00+00:00, run_after=2025-03-16 02:45:00+00:00
[2025-03-17T01:05:26.530+0000] {processor.py:208} INFO - Processing /opt/airflow/dags/Hw6_ELT_User_Summary.py took 0.082 seconds
[2025-03-17T01:05:56.733+0000] {processor.py:186} INFO - Started process (PID=6091) to work on /opt/airflow/dags/Hw6_ELT_User_Summary.py
[2025-03-17T01:05:56.735+0000] {processor.py:914} INFO - Processing file /opt/airflow/dags/Hw6_ELT_User_Summary.py for tasks to queue
[2025-03-17T01:05:56.736+0000] {logging_mixin.py:190} INFO - [2025-03-17T01:05:56.736+0000] {dagbag.py:587} INFO - Filling up the DagBag from /opt/airflow/dags/Hw6_ELT_User_Summary.py
[2025-03-17T01:05:56.749+0000] {processor.py:925} INFO - DAG(s) 'Hw6_BuildELT_UserSummary' retrieved from /opt/airflow/dags/Hw6_ELT_User_Summary.py
[2025-03-17T01:05:56.788+0000] {logging_mixin.py:190} INFO - [2025-03-17T01:05:56.788+0000] {dag.py:3229} INFO - Sync 1 DAGs
[2025-03-17T01:05:56.805+0000] {logging_mixin.py:190} INFO - [2025-03-17T01:05:56.805+0000] {dag.py:4156} INFO - Setting next_dagrun for Hw6_BuildELT_UserSummary to 2025-03-15 02:45:00+00:00, run_after=2025-03-16 02:45:00+00:00
[2025-03-17T01:05:56.814+0000] {processor.py:208} INFO - Processing /opt/airflow/dags/Hw6_ELT_User_Summary.py took 0.092 seconds
[2025-03-17T01:06:27.382+0000] {processor.py:186} INFO - Started process (PID=6126) to work on /opt/airflow/dags/Hw6_ELT_User_Summary.py
[2025-03-17T01:06:27.384+0000] {processor.py:914} INFO - Processing file /opt/airflow/dags/Hw6_ELT_User_Summary.py for tasks to queue
[2025-03-17T01:06:27.384+0000] {logging_mixin.py:190} INFO - [2025-03-17T01:06:27.384+0000] {dagbag.py:587} INFO - Filling up the DagBag from /opt/airflow/dags/Hw6_ELT_User_Summary.py
[2025-03-17T01:06:27.391+0000] {processor.py:925} INFO - DAG(s) 'Hw6_BuildELT_UserSummary' retrieved from /opt/airflow/dags/Hw6_ELT_User_Summary.py
[2025-03-17T01:06:27.405+0000] {logging_mixin.py:190} INFO - [2025-03-17T01:06:27.405+0000] {dag.py:3229} INFO - Sync 1 DAGs
[2025-03-17T01:06:27.416+0000] {logging_mixin.py:190} INFO - [2025-03-17T01:06:27.416+0000] {dag.py:4156} INFO - Setting next_dagrun for Hw6_BuildELT_UserSummary to 2025-03-15 02:45:00+00:00, run_after=2025-03-16 02:45:00+00:00
[2025-03-17T01:06:27.424+0000] {processor.py:208} INFO - Processing /opt/airflow/dags/Hw6_ELT_User_Summary.py took 0.049 seconds
[2025-03-17T01:06:57.524+0000] {processor.py:186} INFO - Started process (PID=6157) to work on /opt/airflow/dags/Hw6_ELT_User_Summary.py
[2025-03-17T01:06:57.528+0000] {processor.py:914} INFO - Processing file /opt/airflow/dags/Hw6_ELT_User_Summary.py for tasks to queue
[2025-03-17T01:06:57.533+0000] {logging_mixin.py:190} INFO - [2025-03-17T01:06:57.532+0000] {dagbag.py:587} INFO - Filling up the DagBag from /opt/airflow/dags/Hw6_ELT_User_Summary.py
[2025-03-17T01:06:57.549+0000] {processor.py:925} INFO - DAG(s) 'Hw6_BuildELT_UserSummary' retrieved from /opt/airflow/dags/Hw6_ELT_User_Summary.py
[2025-03-17T01:06:57.574+0000] {logging_mixin.py:190} INFO - [2025-03-17T01:06:57.574+0000] {dag.py:3229} INFO - Sync 1 DAGs
[2025-03-17T01:06:57.590+0000] {logging_mixin.py:190} INFO - [2025-03-17T01:06:57.590+0000] {dag.py:4156} INFO - Setting next_dagrun for Hw6_BuildELT_UserSummary to 2025-03-15 02:45:00+00:00, run_after=2025-03-16 02:45:00+00:00
[2025-03-17T01:06:57.601+0000] {processor.py:208} INFO - Processing /opt/airflow/dags/Hw6_ELT_User_Summary.py took 0.087 seconds
[2025-03-17T01:07:27.807+0000] {processor.py:186} INFO - Started process (PID=6188) to work on /opt/airflow/dags/Hw6_ELT_User_Summary.py
[2025-03-17T01:07:27.808+0000] {processor.py:914} INFO - Processing file /opt/airflow/dags/Hw6_ELT_User_Summary.py for tasks to queue
[2025-03-17T01:07:27.813+0000] {logging_mixin.py:190} INFO - [2025-03-17T01:07:27.813+0000] {dagbag.py:587} INFO - Filling up the DagBag from /opt/airflow/dags/Hw6_ELT_User_Summary.py
[2025-03-17T01:07:27.835+0000] {processor.py:925} INFO - DAG(s) 'Hw6_BuildELT_UserSummary' retrieved from /opt/airflow/dags/Hw6_ELT_User_Summary.py
[2025-03-17T01:07:27.858+0000] {logging_mixin.py:190} INFO - [2025-03-17T01:07:27.858+0000] {dag.py:3229} INFO - Sync 1 DAGs
[2025-03-17T01:07:27.883+0000] {logging_mixin.py:190} INFO - [2025-03-17T01:07:27.883+0000] {dag.py:4156} INFO - Setting next_dagrun for Hw6_BuildELT_UserSummary to 2025-03-15 02:45:00+00:00, run_after=2025-03-16 02:45:00+00:00
[2025-03-17T01:07:27.894+0000] {processor.py:208} INFO - Processing /opt/airflow/dags/Hw6_ELT_User_Summary.py took 0.096 seconds
[2025-03-17T01:07:58.244+0000] {processor.py:186} INFO - Started process (PID=6219) to work on /opt/airflow/dags/Hw6_ELT_User_Summary.py
[2025-03-17T01:07:58.246+0000] {processor.py:914} INFO - Processing file /opt/airflow/dags/Hw6_ELT_User_Summary.py for tasks to queue
[2025-03-17T01:07:58.247+0000] {logging_mixin.py:190} INFO - [2025-03-17T01:07:58.246+0000] {dagbag.py:587} INFO - Filling up the DagBag from /opt/airflow/dags/Hw6_ELT_User_Summary.py
[2025-03-17T01:07:58.261+0000] {processor.py:925} INFO - DAG(s) 'Hw6_BuildELT_UserSummary' retrieved from /opt/airflow/dags/Hw6_ELT_User_Summary.py
[2025-03-17T01:07:58.289+0000] {logging_mixin.py:190} INFO - [2025-03-17T01:07:58.288+0000] {dag.py:3229} INFO - Sync 1 DAGs
[2025-03-17T01:07:58.327+0000] {logging_mixin.py:190} INFO - [2025-03-17T01:07:58.326+0000] {dag.py:4156} INFO - Setting next_dagrun for Hw6_BuildELT_UserSummary to 2025-03-15 02:45:00+00:00, run_after=2025-03-16 02:45:00+00:00
[2025-03-17T01:07:58.337+0000] {processor.py:208} INFO - Processing /opt/airflow/dags/Hw6_ELT_User_Summary.py took 0.107 seconds
[2025-03-17T01:08:29.028+0000] {processor.py:186} INFO - Started process (PID=6250) to work on /opt/airflow/dags/Hw6_ELT_User_Summary.py
[2025-03-17T01:08:29.030+0000] {processor.py:914} INFO - Processing file /opt/airflow/dags/Hw6_ELT_User_Summary.py for tasks to queue
[2025-03-17T01:08:29.031+0000] {logging_mixin.py:190} INFO - [2025-03-17T01:08:29.031+0000] {dagbag.py:587} INFO - Filling up the DagBag from /opt/airflow/dags/Hw6_ELT_User_Summary.py
[2025-03-17T01:08:29.058+0000] {processor.py:925} INFO - DAG(s) 'Hw6_BuildELT_UserSummary' retrieved from /opt/airflow/dags/Hw6_ELT_User_Summary.py
[2025-03-17T01:08:29.101+0000] {logging_mixin.py:190} INFO - [2025-03-17T01:08:29.100+0000] {dag.py:3229} INFO - Sync 1 DAGs
[2025-03-17T01:08:29.131+0000] {logging_mixin.py:190} INFO - [2025-03-17T01:08:29.131+0000] {dag.py:4156} INFO - Setting next_dagrun for Hw6_BuildELT_UserSummary to 2025-03-15 02:45:00+00:00, run_after=2025-03-16 02:45:00+00:00
[2025-03-17T01:08:29.144+0000] {processor.py:208} INFO - Processing /opt/airflow/dags/Hw6_ELT_User_Summary.py took 0.137 seconds
[2025-03-17T01:08:59.235+0000] {processor.py:186} INFO - Started process (PID=6281) to work on /opt/airflow/dags/Hw6_ELT_User_Summary.py
[2025-03-17T01:08:59.238+0000] {processor.py:914} INFO - Processing file /opt/airflow/dags/Hw6_ELT_User_Summary.py for tasks to queue
[2025-03-17T01:08:59.240+0000] {logging_mixin.py:190} INFO - [2025-03-17T01:08:59.239+0000] {dagbag.py:587} INFO - Filling up the DagBag from /opt/airflow/dags/Hw6_ELT_User_Summary.py
[2025-03-17T01:08:59.257+0000] {processor.py:925} INFO - DAG(s) 'Hw6_BuildELT_UserSummary' retrieved from /opt/airflow/dags/Hw6_ELT_User_Summary.py
[2025-03-17T01:08:59.302+0000] {logging_mixin.py:190} INFO - [2025-03-17T01:08:59.302+0000] {dag.py:3229} INFO - Sync 1 DAGs
[2025-03-17T01:08:59.318+0000] {logging_mixin.py:190} INFO - [2025-03-17T01:08:59.318+0000] {dag.py:4156} INFO - Setting next_dagrun for Hw6_BuildELT_UserSummary to 2025-03-15 02:45:00+00:00, run_after=2025-03-16 02:45:00+00:00
[2025-03-17T01:08:59.328+0000] {processor.py:208} INFO - Processing /opt/airflow/dags/Hw6_ELT_User_Summary.py took 0.103 seconds
[2025-03-17T01:09:29.732+0000] {processor.py:186} INFO - Started process (PID=6312) to work on /opt/airflow/dags/Hw6_ELT_User_Summary.py
[2025-03-17T01:09:29.734+0000] {processor.py:914} INFO - Processing file /opt/airflow/dags/Hw6_ELT_User_Summary.py for tasks to queue
[2025-03-17T01:09:29.736+0000] {logging_mixin.py:190} INFO - [2025-03-17T01:09:29.735+0000] {dagbag.py:587} INFO - Filling up the DagBag from /opt/airflow/dags/Hw6_ELT_User_Summary.py
[2025-03-17T01:09:29.750+0000] {processor.py:925} INFO - DAG(s) 'Hw6_BuildELT_UserSummary' retrieved from /opt/airflow/dags/Hw6_ELT_User_Summary.py
[2025-03-17T01:09:29.777+0000] {logging_mixin.py:190} INFO - [2025-03-17T01:09:29.777+0000] {dag.py:3229} INFO - Sync 1 DAGs
[2025-03-17T01:09:29.809+0000] {logging_mixin.py:190} INFO - [2025-03-17T01:09:29.809+0000] {dag.py:4156} INFO - Setting next_dagrun for Hw6_BuildELT_UserSummary to 2025-03-15 02:45:00+00:00, run_after=2025-03-16 02:45:00+00:00
[2025-03-17T01:09:29.819+0000] {processor.py:208} INFO - Processing /opt/airflow/dags/Hw6_ELT_User_Summary.py took 0.106 seconds
[2025-03-17T01:09:59.878+0000] {processor.py:186} INFO - Started process (PID=6343) to work on /opt/airflow/dags/Hw6_ELT_User_Summary.py
[2025-03-17T01:09:59.883+0000] {processor.py:914} INFO - Processing file /opt/airflow/dags/Hw6_ELT_User_Summary.py for tasks to queue
[2025-03-17T01:09:59.885+0000] {logging_mixin.py:190} INFO - [2025-03-17T01:09:59.885+0000] {dagbag.py:587} INFO - Filling up the DagBag from /opt/airflow/dags/Hw6_ELT_User_Summary.py
[2025-03-17T01:09:59.898+0000] {processor.py:925} INFO - DAG(s) 'Hw6_BuildELT_UserSummary' retrieved from /opt/airflow/dags/Hw6_ELT_User_Summary.py
[2025-03-17T01:09:59.923+0000] {logging_mixin.py:190} INFO - [2025-03-17T01:09:59.922+0000] {dag.py:3229} INFO - Sync 1 DAGs
[2025-03-17T01:09:59.949+0000] {logging_mixin.py:190} INFO - [2025-03-17T01:09:59.949+0000] {dag.py:4156} INFO - Setting next_dagrun for Hw6_BuildELT_UserSummary to 2025-03-15 02:45:00+00:00, run_after=2025-03-16 02:45:00+00:00
[2025-03-17T01:09:59.959+0000] {processor.py:208} INFO - Processing /opt/airflow/dags/Hw6_ELT_User_Summary.py took 0.108 seconds
[2025-03-17T01:10:30.281+0000] {processor.py:186} INFO - Started process (PID=6374) to work on /opt/airflow/dags/Hw6_ELT_User_Summary.py
[2025-03-17T01:10:30.282+0000] {processor.py:914} INFO - Processing file /opt/airflow/dags/Hw6_ELT_User_Summary.py for tasks to queue
[2025-03-17T01:10:30.284+0000] {logging_mixin.py:190} INFO - [2025-03-17T01:10:30.283+0000] {dagbag.py:587} INFO - Filling up the DagBag from /opt/airflow/dags/Hw6_ELT_User_Summary.py
[2025-03-17T01:10:30.299+0000] {processor.py:925} INFO - DAG(s) 'Hw6_BuildELT_UserSummary' retrieved from /opt/airflow/dags/Hw6_ELT_User_Summary.py
[2025-03-17T01:10:30.347+0000] {logging_mixin.py:190} INFO - [2025-03-17T01:10:30.347+0000] {dag.py:3229} INFO - Sync 1 DAGs
[2025-03-17T01:10:30.385+0000] {logging_mixin.py:190} INFO - [2025-03-17T01:10:30.385+0000] {dag.py:4156} INFO - Setting next_dagrun for Hw6_BuildELT_UserSummary to 2025-03-15 02:45:00+00:00, run_after=2025-03-16 02:45:00+00:00
[2025-03-17T01:10:30.397+0000] {processor.py:208} INFO - Processing /opt/airflow/dags/Hw6_ELT_User_Summary.py took 0.126 seconds
[2025-03-17T01:11:01.018+0000] {processor.py:186} INFO - Started process (PID=6405) to work on /opt/airflow/dags/Hw6_ELT_User_Summary.py
[2025-03-17T01:11:01.021+0000] {processor.py:914} INFO - Processing file /opt/airflow/dags/Hw6_ELT_User_Summary.py for tasks to queue
[2025-03-17T01:11:01.022+0000] {logging_mixin.py:190} INFO - [2025-03-17T01:11:01.022+0000] {dagbag.py:587} INFO - Filling up the DagBag from /opt/airflow/dags/Hw6_ELT_User_Summary.py
[2025-03-17T01:11:01.044+0000] {processor.py:925} INFO - DAG(s) 'Hw6_BuildELT_UserSummary' retrieved from /opt/airflow/dags/Hw6_ELT_User_Summary.py
[2025-03-17T01:11:01.082+0000] {logging_mixin.py:190} INFO - [2025-03-17T01:11:01.082+0000] {dag.py:3229} INFO - Sync 1 DAGs
[2025-03-17T01:11:01.106+0000] {logging_mixin.py:190} INFO - [2025-03-17T01:11:01.106+0000] {dag.py:4156} INFO - Setting next_dagrun for Hw6_BuildELT_UserSummary to 2025-03-15 02:45:00+00:00, run_after=2025-03-16 02:45:00+00:00
[2025-03-17T01:11:01.119+0000] {processor.py:208} INFO - Processing /opt/airflow/dags/Hw6_ELT_User_Summary.py took 0.110 seconds
[2025-03-17T01:11:31.662+0000] {processor.py:186} INFO - Started process (PID=6436) to work on /opt/airflow/dags/Hw6_ELT_User_Summary.py
[2025-03-17T01:11:31.676+0000] {processor.py:914} INFO - Processing file /opt/airflow/dags/Hw6_ELT_User_Summary.py for tasks to queue
[2025-03-17T01:11:31.680+0000] {logging_mixin.py:190} INFO - [2025-03-17T01:11:31.679+0000] {dagbag.py:587} INFO - Filling up the DagBag from /opt/airflow/dags/Hw6_ELT_User_Summary.py
[2025-03-17T01:11:31.718+0000] {processor.py:925} INFO - DAG(s) 'Hw6_BuildELT_UserSummary' retrieved from /opt/airflow/dags/Hw6_ELT_User_Summary.py
[2025-03-17T01:11:31.782+0000] {logging_mixin.py:190} INFO - [2025-03-17T01:11:31.782+0000] {dag.py:3229} INFO - Sync 1 DAGs
[2025-03-17T01:11:31.827+0000] {logging_mixin.py:190} INFO - [2025-03-17T01:11:31.827+0000] {dag.py:4156} INFO - Setting next_dagrun for Hw6_BuildELT_UserSummary to 2025-03-15 02:45:00+00:00, run_after=2025-03-16 02:45:00+00:00
[2025-03-17T01:11:31.840+0000] {processor.py:208} INFO - Processing /opt/airflow/dags/Hw6_ELT_User_Summary.py took 0.192 seconds
[2025-03-17T01:12:01.916+0000] {processor.py:186} INFO - Started process (PID=6467) to work on /opt/airflow/dags/Hw6_ELT_User_Summary.py
[2025-03-17T01:12:01.917+0000] {processor.py:914} INFO - Processing file /opt/airflow/dags/Hw6_ELT_User_Summary.py for tasks to queue
[2025-03-17T01:12:01.918+0000] {logging_mixin.py:190} INFO - [2025-03-17T01:12:01.918+0000] {dagbag.py:587} INFO - Filling up the DagBag from /opt/airflow/dags/Hw6_ELT_User_Summary.py
[2025-03-17T01:12:01.929+0000] {processor.py:925} INFO - DAG(s) 'Hw6_BuildELT_UserSummary' retrieved from /opt/airflow/dags/Hw6_ELT_User_Summary.py
[2025-03-17T01:12:01.975+0000] {logging_mixin.py:190} INFO - [2025-03-17T01:12:01.974+0000] {dag.py:3229} INFO - Sync 1 DAGs
[2025-03-17T01:12:01.992+0000] {logging_mixin.py:190} INFO - [2025-03-17T01:12:01.992+0000] {dag.py:4156} INFO - Setting next_dagrun for Hw6_BuildELT_UserSummary to 2025-03-15 02:45:00+00:00, run_after=2025-03-16 02:45:00+00:00
[2025-03-17T01:12:02.002+0000] {processor.py:208} INFO - Processing /opt/airflow/dags/Hw6_ELT_User_Summary.py took 0.093 seconds
[2025-03-17T01:12:32.697+0000] {processor.py:186} INFO - Started process (PID=6496) to work on /opt/airflow/dags/Hw6_ELT_User_Summary.py
[2025-03-17T01:12:32.698+0000] {processor.py:914} INFO - Processing file /opt/airflow/dags/Hw6_ELT_User_Summary.py for tasks to queue
[2025-03-17T01:12:32.700+0000] {logging_mixin.py:190} INFO - [2025-03-17T01:12:32.699+0000] {dagbag.py:587} INFO - Filling up the DagBag from /opt/airflow/dags/Hw6_ELT_User_Summary.py
[2025-03-17T01:12:32.717+0000] {processor.py:925} INFO - DAG(s) 'Hw6_BuildELT_UserSummary' retrieved from /opt/airflow/dags/Hw6_ELT_User_Summary.py
[2025-03-17T01:12:32.744+0000] {logging_mixin.py:190} INFO - [2025-03-17T01:12:32.744+0000] {dag.py:3229} INFO - Sync 1 DAGs
[2025-03-17T01:12:32.792+0000] {logging_mixin.py:190} INFO - [2025-03-17T01:12:32.791+0000] {dag.py:4156} INFO - Setting next_dagrun for Hw6_BuildELT_UserSummary to 2025-03-15 02:45:00+00:00, run_after=2025-03-16 02:45:00+00:00
[2025-03-17T01:12:32.806+0000] {processor.py:208} INFO - Processing /opt/airflow/dags/Hw6_ELT_User_Summary.py took 0.121 seconds
[2025-03-17T01:13:03.405+0000] {processor.py:186} INFO - Started process (PID=6519) to work on /opt/airflow/dags/Hw6_ELT_User_Summary.py
[2025-03-17T01:13:03.408+0000] {processor.py:914} INFO - Processing file /opt/airflow/dags/Hw6_ELT_User_Summary.py for tasks to queue
[2025-03-17T01:13:03.410+0000] {logging_mixin.py:190} INFO - [2025-03-17T01:13:03.410+0000] {dagbag.py:587} INFO - Filling up the DagBag from /opt/airflow/dags/Hw6_ELT_User_Summary.py
[2025-03-17T01:13:03.444+0000] {processor.py:925} INFO - DAG(s) 'Hw6_BuildELT_UserSummary' retrieved from /opt/airflow/dags/Hw6_ELT_User_Summary.py
[2025-03-17T01:13:03.480+0000] {logging_mixin.py:190} INFO - [2025-03-17T01:13:03.480+0000] {dag.py:3229} INFO - Sync 1 DAGs
[2025-03-17T01:13:03.502+0000] {logging_mixin.py:190} INFO - [2025-03-17T01:13:03.501+0000] {dag.py:4156} INFO - Setting next_dagrun for Hw6_BuildELT_UserSummary to 2025-03-15 02:45:00+00:00, run_after=2025-03-16 02:45:00+00:00
[2025-03-17T01:13:03.521+0000] {processor.py:208} INFO - Processing /opt/airflow/dags/Hw6_ELT_User_Summary.py took 0.126 seconds
[2025-03-17T01:13:34.052+0000] {processor.py:186} INFO - Started process (PID=6549) to work on /opt/airflow/dags/Hw6_ELT_User_Summary.py
[2025-03-17T01:13:34.054+0000] {processor.py:914} INFO - Processing file /opt/airflow/dags/Hw6_ELT_User_Summary.py for tasks to queue
[2025-03-17T01:13:34.056+0000] {logging_mixin.py:190} INFO - [2025-03-17T01:13:34.055+0000] {dagbag.py:587} INFO - Filling up the DagBag from /opt/airflow/dags/Hw6_ELT_User_Summary.py
[2025-03-17T01:13:34.077+0000] {processor.py:925} INFO - DAG(s) 'Hw6_BuildELT_UserSummary' retrieved from /opt/airflow/dags/Hw6_ELT_User_Summary.py
[2025-03-17T01:13:34.104+0000] {logging_mixin.py:190} INFO - [2025-03-17T01:13:34.104+0000] {dag.py:3229} INFO - Sync 1 DAGs
[2025-03-17T01:13:34.125+0000] {logging_mixin.py:190} INFO - [2025-03-17T01:13:34.125+0000] {dag.py:4156} INFO - Setting next_dagrun for Hw6_BuildELT_UserSummary to 2025-03-15 02:45:00+00:00, run_after=2025-03-16 02:45:00+00:00
[2025-03-17T01:13:34.139+0000] {processor.py:208} INFO - Processing /opt/airflow/dags/Hw6_ELT_User_Summary.py took 0.099 seconds
[2025-03-17T01:14:04.537+0000] {processor.py:186} INFO - Started process (PID=6580) to work on /opt/airflow/dags/Hw6_ELT_User_Summary.py
[2025-03-17T01:14:04.540+0000] {processor.py:914} INFO - Processing file /opt/airflow/dags/Hw6_ELT_User_Summary.py for tasks to queue
[2025-03-17T01:14:04.542+0000] {logging_mixin.py:190} INFO - [2025-03-17T01:14:04.541+0000] {dagbag.py:587} INFO - Filling up the DagBag from /opt/airflow/dags/Hw6_ELT_User_Summary.py
[2025-03-17T01:14:04.556+0000] {processor.py:925} INFO - DAG(s) 'Hw6_BuildELT_UserSummary' retrieved from /opt/airflow/dags/Hw6_ELT_User_Summary.py
[2025-03-17T01:14:04.579+0000] {logging_mixin.py:190} INFO - [2025-03-17T01:14:04.579+0000] {dag.py:3229} INFO - Sync 1 DAGs
[2025-03-17T01:14:04.608+0000] {logging_mixin.py:190} INFO - [2025-03-17T01:14:04.608+0000] {dag.py:4156} INFO - Setting next_dagrun for Hw6_BuildELT_UserSummary to 2025-03-15 02:45:00+00:00, run_after=2025-03-16 02:45:00+00:00
[2025-03-17T01:14:04.620+0000] {processor.py:208} INFO - Processing /opt/airflow/dags/Hw6_ELT_User_Summary.py took 0.091 seconds
[2025-03-17T01:14:34.818+0000] {processor.py:186} INFO - Started process (PID=6610) to work on /opt/airflow/dags/Hw6_ELT_User_Summary.py
[2025-03-17T01:14:34.820+0000] {processor.py:914} INFO - Processing file /opt/airflow/dags/Hw6_ELT_User_Summary.py for tasks to queue
[2025-03-17T01:14:34.821+0000] {logging_mixin.py:190} INFO - [2025-03-17T01:14:34.820+0000] {dagbag.py:587} INFO - Filling up the DagBag from /opt/airflow/dags/Hw6_ELT_User_Summary.py
[2025-03-17T01:14:34.834+0000] {processor.py:925} INFO - DAG(s) 'Hw6_BuildELT_UserSummary' retrieved from /opt/airflow/dags/Hw6_ELT_User_Summary.py
[2025-03-17T01:14:34.870+0000] {logging_mixin.py:190} INFO - [2025-03-17T01:14:34.870+0000] {dag.py:3229} INFO - Sync 1 DAGs
[2025-03-17T01:14:34.887+0000] {logging_mixin.py:190} INFO - [2025-03-17T01:14:34.887+0000] {dag.py:4156} INFO - Setting next_dagrun for Hw6_BuildELT_UserSummary to 2025-03-15 02:45:00+00:00, run_after=2025-03-16 02:45:00+00:00
[2025-03-17T01:14:34.897+0000] {processor.py:208} INFO - Processing /opt/airflow/dags/Hw6_ELT_User_Summary.py took 0.087 seconds
[2025-03-17T01:15:05.279+0000] {processor.py:186} INFO - Started process (PID=6641) to work on /opt/airflow/dags/Hw6_ELT_User_Summary.py
[2025-03-17T01:15:05.281+0000] {processor.py:914} INFO - Processing file /opt/airflow/dags/Hw6_ELT_User_Summary.py for tasks to queue
[2025-03-17T01:15:05.282+0000] {logging_mixin.py:190} INFO - [2025-03-17T01:15:05.282+0000] {dagbag.py:587} INFO - Filling up the DagBag from /opt/airflow/dags/Hw6_ELT_User_Summary.py
[2025-03-17T01:15:05.296+0000] {processor.py:925} INFO - DAG(s) 'Hw6_BuildELT_UserSummary' retrieved from /opt/airflow/dags/Hw6_ELT_User_Summary.py
[2025-03-17T01:15:05.326+0000] {logging_mixin.py:190} INFO - [2025-03-17T01:15:05.326+0000] {dag.py:3229} INFO - Sync 1 DAGs
[2025-03-17T01:15:05.342+0000] {logging_mixin.py:190} INFO - [2025-03-17T01:15:05.342+0000] {dag.py:4156} INFO - Setting next_dagrun for Hw6_BuildELT_UserSummary to 2025-03-15 02:45:00+00:00, run_after=2025-03-16 02:45:00+00:00
[2025-03-17T01:15:05.351+0000] {processor.py:208} INFO - Processing /opt/airflow/dags/Hw6_ELT_User_Summary.py took 0.082 seconds
[2025-03-17T01:15:35.511+0000] {processor.py:186} INFO - Started process (PID=6672) to work on /opt/airflow/dags/Hw6_ELT_User_Summary.py
[2025-03-17T01:15:35.513+0000] {processor.py:914} INFO - Processing file /opt/airflow/dags/Hw6_ELT_User_Summary.py for tasks to queue
[2025-03-17T01:15:35.515+0000] {logging_mixin.py:190} INFO - [2025-03-17T01:15:35.515+0000] {dagbag.py:587} INFO - Filling up the DagBag from /opt/airflow/dags/Hw6_ELT_User_Summary.py
[2025-03-17T01:15:35.530+0000] {processor.py:925} INFO - DAG(s) 'Hw6_BuildELT_UserSummary' retrieved from /opt/airflow/dags/Hw6_ELT_User_Summary.py
[2025-03-17T01:15:35.551+0000] {logging_mixin.py:190} INFO - [2025-03-17T01:15:35.551+0000] {dag.py:3229} INFO - Sync 1 DAGs
[2025-03-17T01:15:35.568+0000] {logging_mixin.py:190} INFO - [2025-03-17T01:15:35.568+0000] {dag.py:4156} INFO - Setting next_dagrun for Hw6_BuildELT_UserSummary to 2025-03-15 02:45:00+00:00, run_after=2025-03-16 02:45:00+00:00
[2025-03-17T01:15:35.577+0000] {processor.py:208} INFO - Processing /opt/airflow/dags/Hw6_ELT_User_Summary.py took 0.097 seconds
[2025-03-17T01:16:05.864+0000] {processor.py:186} INFO - Started process (PID=6703) to work on /opt/airflow/dags/Hw6_ELT_User_Summary.py
[2025-03-17T01:16:05.866+0000] {processor.py:914} INFO - Processing file /opt/airflow/dags/Hw6_ELT_User_Summary.py for tasks to queue
[2025-03-17T01:16:05.867+0000] {logging_mixin.py:190} INFO - [2025-03-17T01:16:05.867+0000] {dagbag.py:587} INFO - Filling up the DagBag from /opt/airflow/dags/Hw6_ELT_User_Summary.py
[2025-03-17T01:16:05.879+0000] {processor.py:925} INFO - DAG(s) 'Hw6_BuildELT_UserSummary' retrieved from /opt/airflow/dags/Hw6_ELT_User_Summary.py
[2025-03-17T01:16:05.907+0000] {logging_mixin.py:190} INFO - [2025-03-17T01:16:05.906+0000] {dag.py:3229} INFO - Sync 1 DAGs
[2025-03-17T01:16:05.924+0000] {logging_mixin.py:190} INFO - [2025-03-17T01:16:05.923+0000] {dag.py:4156} INFO - Setting next_dagrun for Hw6_BuildELT_UserSummary to 2025-03-15 02:45:00+00:00, run_after=2025-03-16 02:45:00+00:00
[2025-03-17T01:16:05.935+0000] {processor.py:208} INFO - Processing /opt/airflow/dags/Hw6_ELT_User_Summary.py took 0.087 seconds
[2025-03-17T01:16:36.228+0000] {processor.py:186} INFO - Started process (PID=6734) to work on /opt/airflow/dags/Hw6_ELT_User_Summary.py
[2025-03-17T01:16:36.230+0000] {processor.py:914} INFO - Processing file /opt/airflow/dags/Hw6_ELT_User_Summary.py for tasks to queue
[2025-03-17T01:16:36.232+0000] {logging_mixin.py:190} INFO - [2025-03-17T01:16:36.231+0000] {dagbag.py:587} INFO - Filling up the DagBag from /opt/airflow/dags/Hw6_ELT_User_Summary.py
[2025-03-17T01:16:36.245+0000] {processor.py:925} INFO - DAG(s) 'Hw6_BuildELT_UserSummary' retrieved from /opt/airflow/dags/Hw6_ELT_User_Summary.py
[2025-03-17T01:16:36.280+0000] {logging_mixin.py:190} INFO - [2025-03-17T01:16:36.279+0000] {dag.py:3229} INFO - Sync 1 DAGs
[2025-03-17T01:16:36.296+0000] {logging_mixin.py:190} INFO - [2025-03-17T01:16:36.296+0000] {dag.py:4156} INFO - Setting next_dagrun for Hw6_BuildELT_UserSummary to 2025-03-15 02:45:00+00:00, run_after=2025-03-16 02:45:00+00:00
[2025-03-17T01:16:36.305+0000] {processor.py:208} INFO - Processing /opt/airflow/dags/Hw6_ELT_User_Summary.py took 0.089 seconds
[2025-03-17T01:17:06.625+0000] {processor.py:186} INFO - Started process (PID=6765) to work on /opt/airflow/dags/Hw6_ELT_User_Summary.py
[2025-03-17T01:17:06.628+0000] {processor.py:914} INFO - Processing file /opt/airflow/dags/Hw6_ELT_User_Summary.py for tasks to queue
[2025-03-17T01:17:06.629+0000] {logging_mixin.py:190} INFO - [2025-03-17T01:17:06.629+0000] {dagbag.py:587} INFO - Filling up the DagBag from /opt/airflow/dags/Hw6_ELT_User_Summary.py
[2025-03-17T01:17:06.643+0000] {processor.py:925} INFO - DAG(s) 'Hw6_BuildELT_UserSummary' retrieved from /opt/airflow/dags/Hw6_ELT_User_Summary.py
[2025-03-17T01:17:06.674+0000] {logging_mixin.py:190} INFO - [2025-03-17T01:17:06.674+0000] {dag.py:3229} INFO - Sync 1 DAGs
[2025-03-17T01:17:06.691+0000] {logging_mixin.py:190} INFO - [2025-03-17T01:17:06.691+0000] {dag.py:4156} INFO - Setting next_dagrun for Hw6_BuildELT_UserSummary to 2025-03-15 02:45:00+00:00, run_after=2025-03-16 02:45:00+00:00
[2025-03-17T01:17:06.701+0000] {processor.py:208} INFO - Processing /opt/airflow/dags/Hw6_ELT_User_Summary.py took 0.089 seconds
[2025-03-17T01:17:16.524+0000] {processor.py:186} INFO - Started process (PID=6786) to work on /opt/airflow/dags/Hw6_ELT_User_Summary.py
[2025-03-17T01:17:16.525+0000] {processor.py:914} INFO - Processing file /opt/airflow/dags/Hw6_ELT_User_Summary.py for tasks to queue
[2025-03-17T01:17:16.527+0000] {logging_mixin.py:190} INFO - [2025-03-17T01:17:16.526+0000] {dagbag.py:587} INFO - Filling up the DagBag from /opt/airflow/dags/Hw6_ELT_User_Summary.py
[2025-03-17T01:17:16.545+0000] {processor.py:925} INFO - DAG(s) 'Hw6_BuildELT_UserSummary' retrieved from /opt/airflow/dags/Hw6_ELT_User_Summary.py
[2025-03-17T01:17:16.583+0000] {logging_mixin.py:190} INFO - [2025-03-17T01:17:16.583+0000] {dag.py:3229} INFO - Sync 1 DAGs
[2025-03-17T01:17:16.611+0000] {logging_mixin.py:190} INFO - [2025-03-17T01:17:16.611+0000] {dag.py:4156} INFO - Setting next_dagrun for Hw6_BuildELT_UserSummary to 2025-03-15 02:45:00+00:00, run_after=2025-03-16 02:45:00+00:00
[2025-03-17T01:17:16.622+0000] {processor.py:208} INFO - Processing /opt/airflow/dags/Hw6_ELT_User_Summary.py took 0.110 seconds
[2025-03-17T01:17:46.847+0000] {processor.py:186} INFO - Started process (PID=6815) to work on /opt/airflow/dags/Hw6_ELT_User_Summary.py
[2025-03-17T01:17:46.848+0000] {processor.py:914} INFO - Processing file /opt/airflow/dags/Hw6_ELT_User_Summary.py for tasks to queue
[2025-03-17T01:17:46.849+0000] {logging_mixin.py:190} INFO - [2025-03-17T01:17:46.849+0000] {dagbag.py:587} INFO - Filling up the DagBag from /opt/airflow/dags/Hw6_ELT_User_Summary.py
[2025-03-17T01:17:46.854+0000] {processor.py:925} INFO - DAG(s) 'Hw6_BuildELT_UserSummary' retrieved from /opt/airflow/dags/Hw6_ELT_User_Summary.py
[2025-03-17T01:17:46.870+0000] {logging_mixin.py:190} INFO - [2025-03-17T01:17:46.870+0000] {dag.py:3229} INFO - Sync 1 DAGs
[2025-03-17T01:17:46.882+0000] {logging_mixin.py:190} INFO - [2025-03-17T01:17:46.882+0000] {dag.py:4156} INFO - Setting next_dagrun for Hw6_BuildELT_UserSummary to 2025-03-15 02:45:00+00:00, run_after=2025-03-16 02:45:00+00:00
[2025-03-17T01:17:46.891+0000] {processor.py:208} INFO - Processing /opt/airflow/dags/Hw6_ELT_User_Summary.py took 0.052 seconds
[2025-03-17T01:18:17.500+0000] {processor.py:186} INFO - Started process (PID=6838) to work on /opt/airflow/dags/Hw6_ELT_User_Summary.py
[2025-03-17T01:18:17.511+0000] {processor.py:914} INFO - Processing file /opt/airflow/dags/Hw6_ELT_User_Summary.py for tasks to queue
[2025-03-17T01:18:17.513+0000] {logging_mixin.py:190} INFO - [2025-03-17T01:18:17.512+0000] {dagbag.py:587} INFO - Filling up the DagBag from /opt/airflow/dags/Hw6_ELT_User_Summary.py
[2025-03-17T01:18:17.538+0000] {processor.py:925} INFO - DAG(s) 'Hw6_BuildELT_UserSummary' retrieved from /opt/airflow/dags/Hw6_ELT_User_Summary.py
[2025-03-17T01:18:17.602+0000] {logging_mixin.py:190} INFO - [2025-03-17T01:18:17.602+0000] {dag.py:3229} INFO - Sync 1 DAGs
[2025-03-17T01:18:17.634+0000] {logging_mixin.py:190} INFO - [2025-03-17T01:18:17.634+0000] {dag.py:4156} INFO - Setting next_dagrun for Hw6_BuildELT_UserSummary to 2025-03-15 02:45:00+00:00, run_after=2025-03-16 02:45:00+00:00
[2025-03-17T01:18:17.649+0000] {processor.py:208} INFO - Processing /opt/airflow/dags/Hw6_ELT_User_Summary.py took 0.165 seconds
[2025-03-17T01:18:47.807+0000] {processor.py:186} INFO - Started process (PID=6869) to work on /opt/airflow/dags/Hw6_ELT_User_Summary.py
[2025-03-17T01:18:47.809+0000] {processor.py:914} INFO - Processing file /opt/airflow/dags/Hw6_ELT_User_Summary.py for tasks to queue
[2025-03-17T01:18:47.810+0000] {logging_mixin.py:190} INFO - [2025-03-17T01:18:47.810+0000] {dagbag.py:587} INFO - Filling up the DagBag from /opt/airflow/dags/Hw6_ELT_User_Summary.py
[2025-03-17T01:18:47.826+0000] {processor.py:925} INFO - DAG(s) 'Hw6_BuildELT_UserSummary' retrieved from /opt/airflow/dags/Hw6_ELT_User_Summary.py
[2025-03-17T01:18:47.874+0000] {logging_mixin.py:190} INFO - [2025-03-17T01:18:47.873+0000] {dag.py:3229} INFO - Sync 1 DAGs
[2025-03-17T01:18:47.900+0000] {logging_mixin.py:190} INFO - [2025-03-17T01:18:47.899+0000] {dag.py:4156} INFO - Setting next_dagrun for Hw6_BuildELT_UserSummary to 2025-03-15 02:45:00+00:00, run_after=2025-03-16 02:45:00+00:00
[2025-03-17T01:18:47.913+0000] {processor.py:208} INFO - Processing /opt/airflow/dags/Hw6_ELT_User_Summary.py took 0.120 seconds
[2025-03-17T01:19:18.458+0000] {processor.py:186} INFO - Started process (PID=6900) to work on /opt/airflow/dags/Hw6_ELT_User_Summary.py
[2025-03-17T01:19:18.460+0000] {processor.py:914} INFO - Processing file /opt/airflow/dags/Hw6_ELT_User_Summary.py for tasks to queue
[2025-03-17T01:19:18.461+0000] {logging_mixin.py:190} INFO - [2025-03-17T01:19:18.461+0000] {dagbag.py:587} INFO - Filling up the DagBag from /opt/airflow/dags/Hw6_ELT_User_Summary.py
[2025-03-17T01:19:18.476+0000] {processor.py:925} INFO - DAG(s) 'Hw6_BuildELT_UserSummary' retrieved from /opt/airflow/dags/Hw6_ELT_User_Summary.py
[2025-03-17T01:19:18.511+0000] {logging_mixin.py:190} INFO - [2025-03-17T01:19:18.511+0000] {dag.py:3229} INFO - Sync 1 DAGs
[2025-03-17T01:19:18.532+0000] {logging_mixin.py:190} INFO - [2025-03-17T01:19:18.532+0000] {dag.py:4156} INFO - Setting next_dagrun for Hw6_BuildELT_UserSummary to 2025-03-15 02:45:00+00:00, run_after=2025-03-16 02:45:00+00:00
[2025-03-17T01:19:18.543+0000] {processor.py:208} INFO - Processing /opt/airflow/dags/Hw6_ELT_User_Summary.py took 0.097 seconds
[2025-03-17T01:19:48.778+0000] {processor.py:186} INFO - Started process (PID=6931) to work on /opt/airflow/dags/Hw6_ELT_User_Summary.py
[2025-03-17T01:19:48.781+0000] {processor.py:914} INFO - Processing file /opt/airflow/dags/Hw6_ELT_User_Summary.py for tasks to queue
[2025-03-17T01:19:48.782+0000] {logging_mixin.py:190} INFO - [2025-03-17T01:19:48.782+0000] {dagbag.py:587} INFO - Filling up the DagBag from /opt/airflow/dags/Hw6_ELT_User_Summary.py
[2025-03-17T01:19:48.796+0000] {processor.py:925} INFO - DAG(s) 'Hw6_BuildELT_UserSummary' retrieved from /opt/airflow/dags/Hw6_ELT_User_Summary.py
[2025-03-17T01:19:48.825+0000] {logging_mixin.py:190} INFO - [2025-03-17T01:19:48.825+0000] {dag.py:3229} INFO - Sync 1 DAGs
[2025-03-17T01:19:48.841+0000] {logging_mixin.py:190} INFO - [2025-03-17T01:19:48.841+0000] {dag.py:4156} INFO - Setting next_dagrun for Hw6_BuildELT_UserSummary to 2025-03-15 02:45:00+00:00, run_after=2025-03-16 02:45:00+00:00
[2025-03-17T01:19:48.859+0000] {processor.py:208} INFO - Processing /opt/airflow/dags/Hw6_ELT_User_Summary.py took 0.099 seconds
[2025-03-17T01:20:19.154+0000] {processor.py:186} INFO - Started process (PID=6962) to work on /opt/airflow/dags/Hw6_ELT_User_Summary.py
[2025-03-17T01:20:19.158+0000] {processor.py:914} INFO - Processing file /opt/airflow/dags/Hw6_ELT_User_Summary.py for tasks to queue
[2025-03-17T01:20:19.160+0000] {logging_mixin.py:190} INFO - [2025-03-17T01:20:19.160+0000] {dagbag.py:587} INFO - Filling up the DagBag from /opt/airflow/dags/Hw6_ELT_User_Summary.py
[2025-03-17T01:20:19.187+0000] {processor.py:925} INFO - DAG(s) 'Hw6_BuildELT_UserSummary' retrieved from /opt/airflow/dags/Hw6_ELT_User_Summary.py
[2025-03-17T01:20:19.248+0000] {logging_mixin.py:190} INFO - [2025-03-17T01:20:19.247+0000] {dag.py:3229} INFO - Sync 1 DAGs
[2025-03-17T01:20:19.270+0000] {logging_mixin.py:190} INFO - [2025-03-17T01:20:19.270+0000] {dag.py:4156} INFO - Setting next_dagrun for Hw6_BuildELT_UserSummary to 2025-03-15 02:45:00+00:00, run_after=2025-03-16 02:45:00+00:00
[2025-03-17T01:20:19.280+0000] {processor.py:208} INFO - Processing /opt/airflow/dags/Hw6_ELT_User_Summary.py took 0.146 seconds
[2025-03-17T01:20:49.371+0000] {processor.py:186} INFO - Started process (PID=6993) to work on /opt/airflow/dags/Hw6_ELT_User_Summary.py
[2025-03-17T01:20:49.373+0000] {processor.py:914} INFO - Processing file /opt/airflow/dags/Hw6_ELT_User_Summary.py for tasks to queue
[2025-03-17T01:20:49.375+0000] {logging_mixin.py:190} INFO - [2025-03-17T01:20:49.375+0000] {dagbag.py:587} INFO - Filling up the DagBag from /opt/airflow/dags/Hw6_ELT_User_Summary.py
[2025-03-17T01:20:49.400+0000] {processor.py:925} INFO - DAG(s) 'Hw6_BuildELT_UserSummary' retrieved from /opt/airflow/dags/Hw6_ELT_User_Summary.py
[2025-03-17T01:20:49.427+0000] {logging_mixin.py:190} INFO - [2025-03-17T01:20:49.427+0000] {dag.py:3229} INFO - Sync 1 DAGs
[2025-03-17T01:20:49.449+0000] {logging_mixin.py:190} INFO - [2025-03-17T01:20:49.449+0000] {dag.py:4156} INFO - Setting next_dagrun for Hw6_BuildELT_UserSummary to 2025-03-15 02:45:00+00:00, run_after=2025-03-16 02:45:00+00:00
[2025-03-17T01:20:49.459+0000] {processor.py:208} INFO - Processing /opt/airflow/dags/Hw6_ELT_User_Summary.py took 0.100 seconds
[2025-03-17T01:21:19.630+0000] {processor.py:186} INFO - Started process (PID=7024) to work on /opt/airflow/dags/Hw6_ELT_User_Summary.py
[2025-03-17T01:21:19.632+0000] {processor.py:914} INFO - Processing file /opt/airflow/dags/Hw6_ELT_User_Summary.py for tasks to queue
[2025-03-17T01:21:19.633+0000] {logging_mixin.py:190} INFO - [2025-03-17T01:21:19.633+0000] {dagbag.py:587} INFO - Filling up the DagBag from /opt/airflow/dags/Hw6_ELT_User_Summary.py
[2025-03-17T01:21:19.649+0000] {processor.py:925} INFO - DAG(s) 'Hw6_BuildELT_UserSummary' retrieved from /opt/airflow/dags/Hw6_ELT_User_Summary.py
[2025-03-17T01:21:19.684+0000] {logging_mixin.py:190} INFO - [2025-03-17T01:21:19.684+0000] {dag.py:3229} INFO - Sync 1 DAGs
[2025-03-17T01:21:19.713+0000] {logging_mixin.py:190} INFO - [2025-03-17T01:21:19.713+0000] {dag.py:4156} INFO - Setting next_dagrun for Hw6_BuildELT_UserSummary to 2025-03-15 02:45:00+00:00, run_after=2025-03-16 02:45:00+00:00
[2025-03-17T01:21:19.723+0000] {processor.py:208} INFO - Processing /opt/airflow/dags/Hw6_ELT_User_Summary.py took 0.102 seconds
[2025-03-17T01:21:49.939+0000] {processor.py:186} INFO - Started process (PID=7055) to work on /opt/airflow/dags/Hw6_ELT_User_Summary.py
[2025-03-17T01:21:49.941+0000] {processor.py:914} INFO - Processing file /opt/airflow/dags/Hw6_ELT_User_Summary.py for tasks to queue
[2025-03-17T01:21:49.943+0000] {logging_mixin.py:190} INFO - [2025-03-17T01:21:49.942+0000] {dagbag.py:587} INFO - Filling up the DagBag from /opt/airflow/dags/Hw6_ELT_User_Summary.py
[2025-03-17T01:21:49.957+0000] {processor.py:925} INFO - DAG(s) 'Hw6_BuildELT_UserSummary' retrieved from /opt/airflow/dags/Hw6_ELT_User_Summary.py
[2025-03-17T01:21:49.986+0000] {logging_mixin.py:190} INFO - [2025-03-17T01:21:49.986+0000] {dag.py:3229} INFO - Sync 1 DAGs
[2025-03-17T01:21:50.011+0000] {logging_mixin.py:190} INFO - [2025-03-17T01:21:50.011+0000] {dag.py:4156} INFO - Setting next_dagrun for Hw6_BuildELT_UserSummary to 2025-03-15 02:45:00+00:00, run_after=2025-03-16 02:45:00+00:00
[2025-03-17T01:21:50.023+0000] {processor.py:208} INFO - Processing /opt/airflow/dags/Hw6_ELT_User_Summary.py took 0.109 seconds
[2025-03-17T01:22:20.186+0000] {processor.py:186} INFO - Started process (PID=7086) to work on /opt/airflow/dags/Hw6_ELT_User_Summary.py
[2025-03-17T01:22:20.188+0000] {processor.py:914} INFO - Processing file /opt/airflow/dags/Hw6_ELT_User_Summary.py for tasks to queue
[2025-03-17T01:22:20.189+0000] {logging_mixin.py:190} INFO - [2025-03-17T01:22:20.189+0000] {dagbag.py:587} INFO - Filling up the DagBag from /opt/airflow/dags/Hw6_ELT_User_Summary.py
[2025-03-17T01:22:20.204+0000] {processor.py:925} INFO - DAG(s) 'Hw6_BuildELT_UserSummary' retrieved from /opt/airflow/dags/Hw6_ELT_User_Summary.py
[2025-03-17T01:22:20.245+0000] {logging_mixin.py:190} INFO - [2025-03-17T01:22:20.244+0000] {dag.py:3229} INFO - Sync 1 DAGs
[2025-03-17T01:22:20.269+0000] {logging_mixin.py:190} INFO - [2025-03-17T01:22:20.268+0000] {dag.py:4156} INFO - Setting next_dagrun for Hw6_BuildELT_UserSummary to 2025-03-15 02:45:00+00:00, run_after=2025-03-16 02:45:00+00:00
[2025-03-17T01:22:20.279+0000] {processor.py:208} INFO - Processing /opt/airflow/dags/Hw6_ELT_User_Summary.py took 0.106 seconds
[2025-03-17T01:22:50.691+0000] {processor.py:186} INFO - Started process (PID=7117) to work on /opt/airflow/dags/Hw6_ELT_User_Summary.py
[2025-03-17T01:22:50.692+0000] {processor.py:914} INFO - Processing file /opt/airflow/dags/Hw6_ELT_User_Summary.py for tasks to queue
[2025-03-17T01:22:50.694+0000] {logging_mixin.py:190} INFO - [2025-03-17T01:22:50.693+0000] {dagbag.py:587} INFO - Filling up the DagBag from /opt/airflow/dags/Hw6_ELT_User_Summary.py
[2025-03-17T01:22:50.707+0000] {processor.py:925} INFO - DAG(s) 'Hw6_BuildELT_UserSummary' retrieved from /opt/airflow/dags/Hw6_ELT_User_Summary.py
[2025-03-17T01:22:50.730+0000] {logging_mixin.py:190} INFO - [2025-03-17T01:22:50.730+0000] {dag.py:3229} INFO - Sync 1 DAGs
[2025-03-17T01:22:50.746+0000] {logging_mixin.py:190} INFO - [2025-03-17T01:22:50.746+0000] {dag.py:4156} INFO - Setting next_dagrun for Hw6_BuildELT_UserSummary to 2025-03-15 02:45:00+00:00, run_after=2025-03-16 02:45:00+00:00
[2025-03-17T01:22:50.755+0000] {processor.py:208} INFO - Processing /opt/airflow/dags/Hw6_ELT_User_Summary.py took 0.089 seconds
[2025-03-17T01:23:20.939+0000] {processor.py:186} INFO - Started process (PID=7148) to work on /opt/airflow/dags/Hw6_ELT_User_Summary.py
[2025-03-17T01:23:20.941+0000] {processor.py:914} INFO - Processing file /opt/airflow/dags/Hw6_ELT_User_Summary.py for tasks to queue
[2025-03-17T01:23:20.943+0000] {logging_mixin.py:190} INFO - [2025-03-17T01:23:20.942+0000] {dagbag.py:587} INFO - Filling up the DagBag from /opt/airflow/dags/Hw6_ELT_User_Summary.py
[2025-03-17T01:23:20.958+0000] {processor.py:925} INFO - DAG(s) 'Hw6_BuildELT_UserSummary' retrieved from /opt/airflow/dags/Hw6_ELT_User_Summary.py
[2025-03-17T01:23:21.022+0000] {logging_mixin.py:190} INFO - [2025-03-17T01:23:21.021+0000] {dag.py:3229} INFO - Sync 1 DAGs
[2025-03-17T01:23:21.051+0000] {logging_mixin.py:190} INFO - [2025-03-17T01:23:21.051+0000] {dag.py:4156} INFO - Setting next_dagrun for Hw6_BuildELT_UserSummary to 2025-03-15 02:45:00+00:00, run_after=2025-03-16 02:45:00+00:00
[2025-03-17T01:23:21.074+0000] {processor.py:208} INFO - Processing /opt/airflow/dags/Hw6_ELT_User_Summary.py took 0.145 seconds
[2025-03-17T01:23:51.333+0000] {processor.py:186} INFO - Started process (PID=7179) to work on /opt/airflow/dags/Hw6_ELT_User_Summary.py
[2025-03-17T01:23:51.335+0000] {processor.py:914} INFO - Processing file /opt/airflow/dags/Hw6_ELT_User_Summary.py for tasks to queue
[2025-03-17T01:23:51.336+0000] {logging_mixin.py:190} INFO - [2025-03-17T01:23:51.335+0000] {dagbag.py:587} INFO - Filling up the DagBag from /opt/airflow/dags/Hw6_ELT_User_Summary.py
[2025-03-17T01:23:51.347+0000] {processor.py:925} INFO - DAG(s) 'Hw6_BuildELT_UserSummary' retrieved from /opt/airflow/dags/Hw6_ELT_User_Summary.py
[2025-03-17T01:23:51.374+0000] {logging_mixin.py:190} INFO - [2025-03-17T01:23:51.374+0000] {dag.py:3229} INFO - Sync 1 DAGs
[2025-03-17T01:23:51.391+0000] {logging_mixin.py:190} INFO - [2025-03-17T01:23:51.390+0000] {dag.py:4156} INFO - Setting next_dagrun for Hw6_BuildELT_UserSummary to 2025-03-15 02:45:00+00:00, run_after=2025-03-16 02:45:00+00:00
[2025-03-17T01:23:51.406+0000] {processor.py:208} INFO - Processing /opt/airflow/dags/Hw6_ELT_User_Summary.py took 0.096 seconds
[2025-03-17T01:24:21.506+0000] {processor.py:186} INFO - Started process (PID=7210) to work on /opt/airflow/dags/Hw6_ELT_User_Summary.py
[2025-03-17T01:24:21.508+0000] {processor.py:914} INFO - Processing file /opt/airflow/dags/Hw6_ELT_User_Summary.py for tasks to queue
[2025-03-17T01:24:21.510+0000] {logging_mixin.py:190} INFO - [2025-03-17T01:24:21.509+0000] {dagbag.py:587} INFO - Filling up the DagBag from /opt/airflow/dags/Hw6_ELT_User_Summary.py
[2025-03-17T01:24:21.524+0000] {processor.py:925} INFO - DAG(s) 'Hw6_BuildELT_UserSummary' retrieved from /opt/airflow/dags/Hw6_ELT_User_Summary.py
[2025-03-17T01:24:21.562+0000] {logging_mixin.py:190} INFO - [2025-03-17T01:24:21.562+0000] {dag.py:3229} INFO - Sync 1 DAGs
[2025-03-17T01:24:21.582+0000] {logging_mixin.py:190} INFO - [2025-03-17T01:24:21.582+0000] {dag.py:4156} INFO - Setting next_dagrun for Hw6_BuildELT_UserSummary to 2025-03-15 02:45:00+00:00, run_after=2025-03-16 02:45:00+00:00
[2025-03-17T01:24:21.591+0000] {processor.py:208} INFO - Processing /opt/airflow/dags/Hw6_ELT_User_Summary.py took 0.101 seconds
[2025-03-17T01:24:51.757+0000] {processor.py:186} INFO - Started process (PID=7241) to work on /opt/airflow/dags/Hw6_ELT_User_Summary.py
[2025-03-17T01:24:51.759+0000] {processor.py:914} INFO - Processing file /opt/airflow/dags/Hw6_ELT_User_Summary.py for tasks to queue
[2025-03-17T01:24:51.761+0000] {logging_mixin.py:190} INFO - [2025-03-17T01:24:51.761+0000] {dagbag.py:587} INFO - Filling up the DagBag from /opt/airflow/dags/Hw6_ELT_User_Summary.py
[2025-03-17T01:24:51.776+0000] {processor.py:925} INFO - DAG(s) 'Hw6_BuildELT_UserSummary' retrieved from /opt/airflow/dags/Hw6_ELT_User_Summary.py
[2025-03-17T01:24:51.814+0000] {logging_mixin.py:190} INFO - [2025-03-17T01:24:51.814+0000] {dag.py:3229} INFO - Sync 1 DAGs
[2025-03-17T01:24:51.832+0000] {logging_mixin.py:190} INFO - [2025-03-17T01:24:51.832+0000] {dag.py:4156} INFO - Setting next_dagrun for Hw6_BuildELT_UserSummary to 2025-03-15 02:45:00+00:00, run_after=2025-03-16 02:45:00+00:00
[2025-03-17T01:24:51.841+0000] {processor.py:208} INFO - Processing /opt/airflow/dags/Hw6_ELT_User_Summary.py took 0.096 seconds
[2025-03-17T01:25:22.082+0000] {processor.py:186} INFO - Started process (PID=7272) to work on /opt/airflow/dags/Hw6_ELT_User_Summary.py
[2025-03-17T01:25:22.085+0000] {processor.py:914} INFO - Processing file /opt/airflow/dags/Hw6_ELT_User_Summary.py for tasks to queue
[2025-03-17T01:25:22.086+0000] {logging_mixin.py:190} INFO - [2025-03-17T01:25:22.086+0000] {dagbag.py:587} INFO - Filling up the DagBag from /opt/airflow/dags/Hw6_ELT_User_Summary.py
[2025-03-17T01:25:22.099+0000] {processor.py:925} INFO - DAG(s) 'Hw6_BuildELT_UserSummary' retrieved from /opt/airflow/dags/Hw6_ELT_User_Summary.py
[2025-03-17T01:25:22.133+0000] {logging_mixin.py:190} INFO - [2025-03-17T01:25:22.132+0000] {dag.py:3229} INFO - Sync 1 DAGs
[2025-03-17T01:25:22.151+0000] {logging_mixin.py:190} INFO - [2025-03-17T01:25:22.151+0000] {dag.py:4156} INFO - Setting next_dagrun for Hw6_BuildELT_UserSummary to 2025-03-15 02:45:00+00:00, run_after=2025-03-16 02:45:00+00:00
[2025-03-17T01:25:22.160+0000] {processor.py:208} INFO - Processing /opt/airflow/dags/Hw6_ELT_User_Summary.py took 0.088 seconds
[2025-03-17T01:25:52.265+0000] {processor.py:186} INFO - Started process (PID=7302) to work on /opt/airflow/dags/Hw6_ELT_User_Summary.py
[2025-03-17T01:25:52.267+0000] {processor.py:914} INFO - Processing file /opt/airflow/dags/Hw6_ELT_User_Summary.py for tasks to queue
[2025-03-17T01:25:52.269+0000] {logging_mixin.py:190} INFO - [2025-03-17T01:25:52.268+0000] {dagbag.py:587} INFO - Filling up the DagBag from /opt/airflow/dags/Hw6_ELT_User_Summary.py
[2025-03-17T01:25:52.285+0000] {processor.py:925} INFO - DAG(s) 'Hw6_BuildELT_UserSummary' retrieved from /opt/airflow/dags/Hw6_ELT_User_Summary.py
[2025-03-17T01:25:52.331+0000] {logging_mixin.py:190} INFO - [2025-03-17T01:25:52.330+0000] {dag.py:3229} INFO - Sync 1 DAGs
[2025-03-17T01:25:52.352+0000] {logging_mixin.py:190} INFO - [2025-03-17T01:25:52.352+0000] {dag.py:4156} INFO - Setting next_dagrun for Hw6_BuildELT_UserSummary to 2025-03-15 02:45:00+00:00, run_after=2025-03-16 02:45:00+00:00
[2025-03-17T01:25:52.380+0000] {processor.py:208} INFO - Processing /opt/airflow/dags/Hw6_ELT_User_Summary.py took 0.126 seconds
[2025-03-17T01:26:23.004+0000] {processor.py:186} INFO - Started process (PID=7333) to work on /opt/airflow/dags/Hw6_ELT_User_Summary.py
[2025-03-17T01:26:23.005+0000] {processor.py:914} INFO - Processing file /opt/airflow/dags/Hw6_ELT_User_Summary.py for tasks to queue
[2025-03-17T01:26:23.007+0000] {logging_mixin.py:190} INFO - [2025-03-17T01:26:23.006+0000] {dagbag.py:587} INFO - Filling up the DagBag from /opt/airflow/dags/Hw6_ELT_User_Summary.py
[2025-03-17T01:26:23.029+0000] {processor.py:925} INFO - DAG(s) 'Hw6_BuildELT_UserSummary' retrieved from /opt/airflow/dags/Hw6_ELT_User_Summary.py
[2025-03-17T01:26:23.084+0000] {logging_mixin.py:190} INFO - [2025-03-17T01:26:23.084+0000] {dag.py:3229} INFO - Sync 1 DAGs
[2025-03-17T01:26:23.122+0000] {logging_mixin.py:190} INFO - [2025-03-17T01:26:23.122+0000] {dag.py:4156} INFO - Setting next_dagrun for Hw6_BuildELT_UserSummary to 2025-03-15 02:45:00+00:00, run_after=2025-03-16 02:45:00+00:00
[2025-03-17T01:26:23.135+0000] {processor.py:208} INFO - Processing /opt/airflow/dags/Hw6_ELT_User_Summary.py took 0.157 seconds
[2025-03-17T01:26:53.357+0000] {processor.py:186} INFO - Started process (PID=7364) to work on /opt/airflow/dags/Hw6_ELT_User_Summary.py
[2025-03-17T01:26:53.359+0000] {processor.py:914} INFO - Processing file /opt/airflow/dags/Hw6_ELT_User_Summary.py for tasks to queue
[2025-03-17T01:26:53.361+0000] {logging_mixin.py:190} INFO - [2025-03-17T01:26:53.361+0000] {dagbag.py:587} INFO - Filling up the DagBag from /opt/airflow/dags/Hw6_ELT_User_Summary.py
[2025-03-17T01:26:53.392+0000] {processor.py:925} INFO - DAG(s) 'Hw6_BuildELT_UserSummary' retrieved from /opt/airflow/dags/Hw6_ELT_User_Summary.py
[2025-03-17T01:26:53.424+0000] {logging_mixin.py:190} INFO - [2025-03-17T01:26:53.424+0000] {dag.py:3229} INFO - Sync 1 DAGs
[2025-03-17T01:26:53.446+0000] {logging_mixin.py:190} INFO - [2025-03-17T01:26:53.446+0000] {dag.py:4156} INFO - Setting next_dagrun for Hw6_BuildELT_UserSummary to 2025-03-15 02:45:00+00:00, run_after=2025-03-16 02:45:00+00:00
[2025-03-17T01:26:53.469+0000] {processor.py:208} INFO - Processing /opt/airflow/dags/Hw6_ELT_User_Summary.py took 0.124 seconds
[2025-03-17T01:27:23.623+0000] {processor.py:186} INFO - Started process (PID=7395) to work on /opt/airflow/dags/Hw6_ELT_User_Summary.py
[2025-03-17T01:27:23.626+0000] {processor.py:914} INFO - Processing file /opt/airflow/dags/Hw6_ELT_User_Summary.py for tasks to queue
[2025-03-17T01:27:23.636+0000] {logging_mixin.py:190} INFO - [2025-03-17T01:27:23.627+0000] {dagbag.py:587} INFO - Filling up the DagBag from /opt/airflow/dags/Hw6_ELT_User_Summary.py
[2025-03-17T01:27:23.660+0000] {processor.py:925} INFO - DAG(s) 'Hw6_BuildELT_UserSummary' retrieved from /opt/airflow/dags/Hw6_ELT_User_Summary.py
[2025-03-17T01:27:23.688+0000] {logging_mixin.py:190} INFO - [2025-03-17T01:27:23.688+0000] {dag.py:3229} INFO - Sync 1 DAGs
[2025-03-17T01:27:23.714+0000] {logging_mixin.py:190} INFO - [2025-03-17T01:27:23.713+0000] {dag.py:4156} INFO - Setting next_dagrun for Hw6_BuildELT_UserSummary to 2025-03-15 02:45:00+00:00, run_after=2025-03-16 02:45:00+00:00
[2025-03-17T01:27:23.725+0000] {processor.py:208} INFO - Processing /opt/airflow/dags/Hw6_ELT_User_Summary.py took 0.115 seconds
[2025-03-17T01:27:53.947+0000] {processor.py:186} INFO - Started process (PID=7426) to work on /opt/airflow/dags/Hw6_ELT_User_Summary.py
[2025-03-17T01:27:53.949+0000] {processor.py:914} INFO - Processing file /opt/airflow/dags/Hw6_ELT_User_Summary.py for tasks to queue
[2025-03-17T01:27:53.951+0000] {logging_mixin.py:190} INFO - [2025-03-17T01:27:53.950+0000] {dagbag.py:587} INFO - Filling up the DagBag from /opt/airflow/dags/Hw6_ELT_User_Summary.py
[2025-03-17T01:27:53.977+0000] {processor.py:925} INFO - DAG(s) 'Hw6_BuildELT_UserSummary' retrieved from /opt/airflow/dags/Hw6_ELT_User_Summary.py
[2025-03-17T01:27:54.009+0000] {logging_mixin.py:190} INFO - [2025-03-17T01:27:54.009+0000] {dag.py:3229} INFO - Sync 1 DAGs
[2025-03-17T01:27:54.039+0000] {logging_mixin.py:190} INFO - [2025-03-17T01:27:54.039+0000] {dag.py:4156} INFO - Setting next_dagrun for Hw6_BuildELT_UserSummary to 2025-03-15 02:45:00+00:00, run_after=2025-03-16 02:45:00+00:00
[2025-03-17T01:27:54.049+0000] {processor.py:208} INFO - Processing /opt/airflow/dags/Hw6_ELT_User_Summary.py took 0.113 seconds
[2025-03-17T01:28:24.381+0000] {processor.py:186} INFO - Started process (PID=7457) to work on /opt/airflow/dags/Hw6_ELT_User_Summary.py
[2025-03-17T01:28:24.382+0000] {processor.py:914} INFO - Processing file /opt/airflow/dags/Hw6_ELT_User_Summary.py for tasks to queue
[2025-03-17T01:28:24.384+0000] {logging_mixin.py:190} INFO - [2025-03-17T01:28:24.383+0000] {dagbag.py:587} INFO - Filling up the DagBag from /opt/airflow/dags/Hw6_ELT_User_Summary.py
[2025-03-17T01:28:24.398+0000] {processor.py:925} INFO - DAG(s) 'Hw6_BuildELT_UserSummary' retrieved from /opt/airflow/dags/Hw6_ELT_User_Summary.py
[2025-03-17T01:28:24.430+0000] {logging_mixin.py:190} INFO - [2025-03-17T01:28:24.430+0000] {dag.py:3229} INFO - Sync 1 DAGs
[2025-03-17T01:28:24.449+0000] {logging_mixin.py:190} INFO - [2025-03-17T01:28:24.449+0000] {dag.py:4156} INFO - Setting next_dagrun for Hw6_BuildELT_UserSummary to 2025-03-15 02:45:00+00:00, run_after=2025-03-16 02:45:00+00:00
[2025-03-17T01:28:24.459+0000] {processor.py:208} INFO - Processing /opt/airflow/dags/Hw6_ELT_User_Summary.py took 0.091 seconds
[2025-03-17T01:28:54.867+0000] {processor.py:186} INFO - Started process (PID=7493) to work on /opt/airflow/dags/Hw6_ELT_User_Summary.py
[2025-03-17T01:28:54.869+0000] {processor.py:914} INFO - Processing file /opt/airflow/dags/Hw6_ELT_User_Summary.py for tasks to queue
[2025-03-17T01:28:54.871+0000] {logging_mixin.py:190} INFO - [2025-03-17T01:28:54.870+0000] {dagbag.py:587} INFO - Filling up the DagBag from /opt/airflow/dags/Hw6_ELT_User_Summary.py
[2025-03-17T01:28:54.883+0000] {processor.py:925} INFO - DAG(s) 'Hw6_BuildELT_UserSummary' retrieved from /opt/airflow/dags/Hw6_ELT_User_Summary.py
[2025-03-17T01:28:54.920+0000] {logging_mixin.py:190} INFO - [2025-03-17T01:28:54.920+0000] {dag.py:3229} INFO - Sync 1 DAGs
[2025-03-17T01:28:54.937+0000] {logging_mixin.py:190} INFO - [2025-03-17T01:28:54.937+0000] {dag.py:4156} INFO - Setting next_dagrun for Hw6_BuildELT_UserSummary to 2025-03-15 02:45:00+00:00, run_after=2025-03-16 02:45:00+00:00
[2025-03-17T01:28:54.947+0000] {processor.py:208} INFO - Processing /opt/airflow/dags/Hw6_ELT_User_Summary.py took 0.115 seconds
