[2025-03-17T00:47:39.014+0000] {processor.py:186} INFO - Started process (PID=5080) to work on /opt/airflow/dags/Hw6_ETL_User_Session.py
[2025-03-17T00:47:39.016+0000] {processor.py:914} INFO - Processing file /opt/airflow/dags/Hw6_ETL_User_Session.py for tasks to queue
[2025-03-17T00:47:39.021+0000] {logging_mixin.py:190} INFO - [2025-03-17T00:47:39.020+0000] {dagbag.py:587} INFO - Filling up the DagBag from /opt/airflow/dags/Hw6_ETL_User_Session.py
[2025-03-17T00:47:39.035+0000] {processor.py:925} INFO - DAG(s) 'Hw6_ETL_user_sessions' retrieved from /opt/airflow/dags/Hw6_ETL_User_Session.py
[2025-03-17T00:47:39.121+0000] {logging_mixin.py:190} INFO - [2025-03-17T00:47:39.120+0000] {override.py:1900} INFO - Created Permission View: can delete on DAG:Hw6_ETL_user_sessions
[2025-03-17T00:47:39.127+0000] {logging_mixin.py:190} INFO - [2025-03-17T00:47:39.127+0000] {override.py:1900} INFO - Created Permission View: can edit on DAG:Hw6_ETL_user_sessions
[2025-03-17T00:47:39.129+0000] {logging_mixin.py:190} INFO - [2025-03-17T00:47:39.129+0000] {override.py:1900} INFO - Created Permission View: can read on DAG:Hw6_ETL_user_sessions
[2025-03-17T00:47:39.131+0000] {logging_mixin.py:190} INFO - [2025-03-17T00:47:39.131+0000] {override.py:1900} INFO - Created Permission View: menu access on DAG Run:Hw6_ETL_user_sessions
[2025-03-17T00:47:39.132+0000] {logging_mixin.py:190} INFO - [2025-03-17T00:47:39.132+0000] {override.py:1900} INFO - Created Permission View: can create on DAG Run:Hw6_ETL_user_sessions
[2025-03-17T00:47:39.134+0000] {logging_mixin.py:190} INFO - [2025-03-17T00:47:39.134+0000] {override.py:1900} INFO - Created Permission View: can delete on DAG Run:Hw6_ETL_user_sessions
[2025-03-17T00:47:39.136+0000] {logging_mixin.py:190} INFO - [2025-03-17T00:47:39.136+0000] {override.py:1900} INFO - Created Permission View: can read on DAG Run:Hw6_ETL_user_sessions
[2025-03-17T00:47:39.136+0000] {logging_mixin.py:190} INFO - [2025-03-17T00:47:39.136+0000] {dag.py:3229} INFO - Sync 1 DAGs
[2025-03-17T00:47:39.143+0000] {logging_mixin.py:190} INFO - [2025-03-17T00:47:39.143+0000] {dag.py:3252} INFO - Creating ORM DAG for Hw6_ETL_user_sessions
[2025-03-17T00:47:39.148+0000] {logging_mixin.py:190} INFO - [2025-03-17T00:47:39.148+0000] {dag.py:4156} INFO - Setting next_dagrun for Hw6_ETL_user_sessions to 2025-03-16 00:00:00+00:00, run_after=2025-03-17 00:00:00+00:00
[2025-03-17T00:47:39.156+0000] {processor.py:208} INFO - Processing /opt/airflow/dags/Hw6_ETL_User_Session.py took 0.154 seconds
[2025-03-17T00:48:10.125+0000] {processor.py:186} INFO - Started process (PID=5106) to work on /opt/airflow/dags/Hw6_ETL_User_Session.py
[2025-03-17T00:48:10.126+0000] {processor.py:914} INFO - Processing file /opt/airflow/dags/Hw6_ETL_User_Session.py for tasks to queue
[2025-03-17T00:48:10.130+0000] {logging_mixin.py:190} INFO - [2025-03-17T00:48:10.129+0000] {dagbag.py:587} INFO - Filling up the DagBag from /opt/airflow/dags/Hw6_ETL_User_Session.py
[2025-03-17T00:48:10.143+0000] {processor.py:925} INFO - DAG(s) 'Hw6_ETL_user_sessions' retrieved from /opt/airflow/dags/Hw6_ETL_User_Session.py
[2025-03-17T00:48:10.160+0000] {logging_mixin.py:190} INFO - [2025-03-17T00:48:10.160+0000] {dag.py:3229} INFO - Sync 1 DAGs
[2025-03-17T00:48:10.170+0000] {logging_mixin.py:190} INFO - [2025-03-17T00:48:10.170+0000] {dag.py:4156} INFO - Setting next_dagrun for Hw6_ETL_user_sessions to 2025-03-16 00:00:00+00:00, run_after=2025-03-17 00:00:00+00:00
[2025-03-17T00:48:10.177+0000] {processor.py:208} INFO - Processing /opt/airflow/dags/Hw6_ETL_User_Session.py took 0.062 seconds
[2025-03-17T00:48:39.316+0000] {processor.py:186} INFO - Started process (PID=5132) to work on /opt/airflow/dags/Hw6_ETL_User_Session.py
[2025-03-17T00:48:39.327+0000] {processor.py:914} INFO - Processing file /opt/airflow/dags/Hw6_ETL_User_Session.py for tasks to queue
[2025-03-17T00:48:39.346+0000] {logging_mixin.py:190} INFO - [2025-03-17T00:48:39.345+0000] {dagbag.py:587} INFO - Filling up the DagBag from /opt/airflow/dags/Hw6_ETL_User_Session.py
[2025-03-17T00:48:39.366+0000] {processor.py:925} INFO - DAG(s) 'Hw6_ETL_user_sessions' retrieved from /opt/airflow/dags/Hw6_ETL_User_Session.py
[2025-03-17T00:48:39.391+0000] {logging_mixin.py:190} INFO - [2025-03-17T00:48:39.390+0000] {dag.py:3229} INFO - Sync 1 DAGs
[2025-03-17T00:48:39.405+0000] {logging_mixin.py:190} INFO - [2025-03-17T00:48:39.405+0000] {dag.py:4156} INFO - Setting next_dagrun for Hw6_ETL_user_sessions to 2025-03-16 00:00:00+00:00, run_after=2025-03-17 00:00:00+00:00
[2025-03-17T00:48:39.414+0000] {processor.py:208} INFO - Processing /opt/airflow/dags/Hw6_ETL_User_Session.py took 0.108 seconds
[2025-03-17T00:49:09.497+0000] {processor.py:186} INFO - Started process (PID=5158) to work on /opt/airflow/dags/Hw6_ETL_User_Session.py
[2025-03-17T00:49:09.500+0000] {processor.py:914} INFO - Processing file /opt/airflow/dags/Hw6_ETL_User_Session.py for tasks to queue
[2025-03-17T00:49:09.505+0000] {logging_mixin.py:190} INFO - [2025-03-17T00:49:09.504+0000] {dagbag.py:587} INFO - Filling up the DagBag from /opt/airflow/dags/Hw6_ETL_User_Session.py
[2025-03-17T00:49:09.538+0000] {processor.py:925} INFO - DAG(s) 'Hw6_ETL_user_sessions' retrieved from /opt/airflow/dags/Hw6_ETL_User_Session.py
[2025-03-17T00:49:09.565+0000] {logging_mixin.py:190} INFO - [2025-03-17T00:49:09.564+0000] {dag.py:3229} INFO - Sync 1 DAGs
[2025-03-17T00:49:09.580+0000] {logging_mixin.py:190} INFO - [2025-03-17T00:49:09.580+0000] {dag.py:4156} INFO - Setting next_dagrun for Hw6_ETL_user_sessions to 2025-03-16 00:00:00+00:00, run_after=2025-03-17 00:00:00+00:00
[2025-03-17T00:49:09.595+0000] {processor.py:208} INFO - Processing /opt/airflow/dags/Hw6_ETL_User_Session.py took 0.110 seconds
[2025-03-17T00:49:39.703+0000] {processor.py:186} INFO - Started process (PID=5184) to work on /opt/airflow/dags/Hw6_ETL_User_Session.py
[2025-03-17T00:49:39.705+0000] {processor.py:914} INFO - Processing file /opt/airflow/dags/Hw6_ETL_User_Session.py for tasks to queue
[2025-03-17T00:49:39.708+0000] {logging_mixin.py:190} INFO - [2025-03-17T00:49:39.708+0000] {dagbag.py:587} INFO - Filling up the DagBag from /opt/airflow/dags/Hw6_ETL_User_Session.py
[2025-03-17T00:49:39.720+0000] {processor.py:925} INFO - DAG(s) 'Hw6_ETL_user_sessions' retrieved from /opt/airflow/dags/Hw6_ETL_User_Session.py
[2025-03-17T00:49:39.740+0000] {logging_mixin.py:190} INFO - [2025-03-17T00:49:39.740+0000] {dag.py:3229} INFO - Sync 1 DAGs
[2025-03-17T00:49:39.752+0000] {logging_mixin.py:190} INFO - [2025-03-17T00:49:39.752+0000] {dag.py:4156} INFO - Setting next_dagrun for Hw6_ETL_user_sessions to 2025-03-16 00:00:00+00:00, run_after=2025-03-17 00:00:00+00:00
[2025-03-17T00:49:39.759+0000] {processor.py:208} INFO - Processing /opt/airflow/dags/Hw6_ETL_User_Session.py took 0.065 seconds
[2025-03-17T00:50:09.830+0000] {processor.py:186} INFO - Started process (PID=5210) to work on /opt/airflow/dags/Hw6_ETL_User_Session.py
[2025-03-17T00:50:09.830+0000] {processor.py:914} INFO - Processing file /opt/airflow/dags/Hw6_ETL_User_Session.py for tasks to queue
[2025-03-17T00:50:09.831+0000] {logging_mixin.py:190} INFO - [2025-03-17T00:50:09.831+0000] {dagbag.py:587} INFO - Filling up the DagBag from /opt/airflow/dags/Hw6_ETL_User_Session.py
[2025-03-17T00:50:09.836+0000] {processor.py:925} INFO - DAG(s) 'Hw6_ETL_user_sessions' retrieved from /opt/airflow/dags/Hw6_ETL_User_Session.py
[2025-03-17T00:50:09.846+0000] {logging_mixin.py:190} INFO - [2025-03-17T00:50:09.846+0000] {dag.py:3229} INFO - Sync 1 DAGs
[2025-03-17T00:50:09.855+0000] {logging_mixin.py:190} INFO - [2025-03-17T00:50:09.855+0000] {dag.py:4156} INFO - Setting next_dagrun for Hw6_ETL_user_sessions to 2025-03-16 00:00:00+00:00, run_after=2025-03-17 00:00:00+00:00
[2025-03-17T00:50:09.861+0000] {processor.py:208} INFO - Processing /opt/airflow/dags/Hw6_ETL_User_Session.py took 0.034 seconds
[2025-03-17T00:50:40.302+0000] {processor.py:186} INFO - Started process (PID=5221) to work on /opt/airflow/dags/Hw6_ETL_User_Session.py
[2025-03-17T00:50:40.303+0000] {processor.py:914} INFO - Processing file /opt/airflow/dags/Hw6_ETL_User_Session.py for tasks to queue
[2025-03-17T00:50:40.309+0000] {logging_mixin.py:190} INFO - [2025-03-17T00:50:40.309+0000] {dagbag.py:587} INFO - Filling up the DagBag from /opt/airflow/dags/Hw6_ETL_User_Session.py
[2025-03-17T00:50:40.329+0000] {processor.py:925} INFO - DAG(s) 'Hw6_ETL_user_sessions' retrieved from /opt/airflow/dags/Hw6_ETL_User_Session.py
[2025-03-17T00:50:40.351+0000] {logging_mixin.py:190} INFO - [2025-03-17T00:50:40.351+0000] {dag.py:3229} INFO - Sync 1 DAGs
[2025-03-17T00:50:40.380+0000] {logging_mixin.py:190} INFO - [2025-03-17T00:50:40.380+0000] {dag.py:4156} INFO - Setting next_dagrun for Hw6_ETL_user_sessions to 2025-03-16 00:00:00+00:00, run_after=2025-03-17 00:00:00+00:00
[2025-03-17T00:50:40.392+0000] {processor.py:208} INFO - Processing /opt/airflow/dags/Hw6_ETL_User_Session.py took 0.117 seconds
[2025-03-17T00:51:11.366+0000] {processor.py:186} INFO - Started process (PID=5247) to work on /opt/airflow/dags/Hw6_ETL_User_Session.py
[2025-03-17T00:51:11.369+0000] {processor.py:914} INFO - Processing file /opt/airflow/dags/Hw6_ETL_User_Session.py for tasks to queue
[2025-03-17T00:51:11.382+0000] {logging_mixin.py:190} INFO - [2025-03-17T00:51:11.381+0000] {dagbag.py:587} INFO - Filling up the DagBag from /opt/airflow/dags/Hw6_ETL_User_Session.py
[2025-03-17T00:51:11.405+0000] {processor.py:925} INFO - DAG(s) 'Hw6_ETL_user_sessions' retrieved from /opt/airflow/dags/Hw6_ETL_User_Session.py
[2025-03-17T00:51:11.438+0000] {logging_mixin.py:190} INFO - [2025-03-17T00:51:11.437+0000] {dag.py:3229} INFO - Sync 1 DAGs
[2025-03-17T00:51:11.456+0000] {logging_mixin.py:190} INFO - [2025-03-17T00:51:11.456+0000] {dag.py:4156} INFO - Setting next_dagrun for Hw6_ETL_user_sessions to 2025-03-16 00:00:00+00:00, run_after=2025-03-17 00:00:00+00:00
[2025-03-17T00:51:11.467+0000] {processor.py:208} INFO - Processing /opt/airflow/dags/Hw6_ETL_User_Session.py took 0.115 seconds
[2025-03-17T00:51:38.192+0000] {processor.py:186} INFO - Started process (PID=5273) to work on /opt/airflow/dags/Hw6_ETL_User_Session.py
[2025-03-17T00:51:38.193+0000] {processor.py:914} INFO - Processing file /opt/airflow/dags/Hw6_ETL_User_Session.py for tasks to queue
[2025-03-17T00:51:38.197+0000] {logging_mixin.py:190} INFO - [2025-03-17T00:51:38.197+0000] {dagbag.py:587} INFO - Filling up the DagBag from /opt/airflow/dags/Hw6_ETL_User_Session.py
[2025-03-17T00:51:38.212+0000] {processor.py:925} INFO - DAG(s) 'Hw6_ETL_user_sessions' retrieved from /opt/airflow/dags/Hw6_ETL_User_Session.py
[2025-03-17T00:51:38.293+0000] {logging_mixin.py:190} INFO - [2025-03-17T00:51:38.293+0000] {dag.py:3229} INFO - Sync 1 DAGs
[2025-03-17T00:51:38.305+0000] {logging_mixin.py:190} INFO - [2025-03-17T00:51:38.305+0000] {dag.py:4156} INFO - Setting next_dagrun for Hw6_ETL_user_sessions to 2025-03-15 03:30:00+00:00, run_after=2025-03-16 03:30:00+00:00
[2025-03-17T00:51:38.315+0000] {processor.py:208} INFO - Processing /opt/airflow/dags/Hw6_ETL_User_Session.py took 0.144 seconds
[2025-03-17T00:52:09.266+0000] {processor.py:186} INFO - Started process (PID=5299) to work on /opt/airflow/dags/Hw6_ETL_User_Session.py
[2025-03-17T00:52:09.268+0000] {processor.py:914} INFO - Processing file /opt/airflow/dags/Hw6_ETL_User_Session.py for tasks to queue
[2025-03-17T00:52:09.274+0000] {logging_mixin.py:190} INFO - [2025-03-17T00:52:09.274+0000] {dagbag.py:587} INFO - Filling up the DagBag from /opt/airflow/dags/Hw6_ETL_User_Session.py
[2025-03-17T00:52:09.305+0000] {processor.py:925} INFO - DAG(s) 'Hw6_ETL_user_sessions' retrieved from /opt/airflow/dags/Hw6_ETL_User_Session.py
[2025-03-17T00:52:09.334+0000] {logging_mixin.py:190} INFO - [2025-03-17T00:52:09.334+0000] {dag.py:3229} INFO - Sync 1 DAGs
[2025-03-17T00:52:09.348+0000] {logging_mixin.py:190} INFO - [2025-03-17T00:52:09.348+0000] {dag.py:4156} INFO - Setting next_dagrun for Hw6_ETL_user_sessions to 2025-03-15 03:30:00+00:00, run_after=2025-03-16 03:30:00+00:00
[2025-03-17T00:52:09.357+0000] {processor.py:208} INFO - Processing /opt/airflow/dags/Hw6_ETL_User_Session.py took 0.103 seconds
[2025-03-17T00:52:39.437+0000] {processor.py:186} INFO - Started process (PID=5325) to work on /opt/airflow/dags/Hw6_ETL_User_Session.py
[2025-03-17T00:52:39.438+0000] {processor.py:914} INFO - Processing file /opt/airflow/dags/Hw6_ETL_User_Session.py for tasks to queue
[2025-03-17T00:52:39.441+0000] {logging_mixin.py:190} INFO - [2025-03-17T00:52:39.441+0000] {dagbag.py:587} INFO - Filling up the DagBag from /opt/airflow/dags/Hw6_ETL_User_Session.py
[2025-03-17T00:52:39.453+0000] {processor.py:925} INFO - DAG(s) 'Hw6_ETL_user_sessions' retrieved from /opt/airflow/dags/Hw6_ETL_User_Session.py
[2025-03-17T00:52:39.472+0000] {logging_mixin.py:190} INFO - [2025-03-17T00:52:39.472+0000] {dag.py:3229} INFO - Sync 1 DAGs
[2025-03-17T00:52:39.492+0000] {logging_mixin.py:190} INFO - [2025-03-17T00:52:39.492+0000] {dag.py:4156} INFO - Setting next_dagrun for Hw6_ETL_user_sessions to 2025-03-15 03:30:00+00:00, run_after=2025-03-16 03:30:00+00:00
[2025-03-17T00:52:39.506+0000] {processor.py:208} INFO - Processing /opt/airflow/dags/Hw6_ETL_User_Session.py took 0.076 seconds
[2025-03-17T00:53:10.387+0000] {processor.py:186} INFO - Started process (PID=5351) to work on /opt/airflow/dags/Hw6_ETL_User_Session.py
[2025-03-17T00:53:10.389+0000] {processor.py:914} INFO - Processing file /opt/airflow/dags/Hw6_ETL_User_Session.py for tasks to queue
[2025-03-17T00:53:10.408+0000] {logging_mixin.py:190} INFO - [2025-03-17T00:53:10.405+0000] {dagbag.py:587} INFO - Filling up the DagBag from /opt/airflow/dags/Hw6_ETL_User_Session.py
[2025-03-17T00:53:10.430+0000] {processor.py:925} INFO - DAG(s) 'Hw6_ETL_user_sessions' retrieved from /opt/airflow/dags/Hw6_ETL_User_Session.py
[2025-03-17T00:53:10.451+0000] {logging_mixin.py:190} INFO - [2025-03-17T00:53:10.451+0000] {dag.py:3229} INFO - Sync 1 DAGs
[2025-03-17T00:53:10.466+0000] {logging_mixin.py:190} INFO - [2025-03-17T00:53:10.466+0000] {dag.py:4156} INFO - Setting next_dagrun for Hw6_ETL_user_sessions to 2025-03-15 03:30:00+00:00, run_after=2025-03-16 03:30:00+00:00
[2025-03-17T00:53:10.474+0000] {processor.py:208} INFO - Processing /opt/airflow/dags/Hw6_ETL_User_Session.py took 0.098 seconds
[2025-03-17T00:53:40.678+0000] {processor.py:186} INFO - Started process (PID=5377) to work on /opt/airflow/dags/Hw6_ETL_User_Session.py
[2025-03-17T00:53:40.681+0000] {processor.py:914} INFO - Processing file /opt/airflow/dags/Hw6_ETL_User_Session.py for tasks to queue
[2025-03-17T00:53:40.689+0000] {logging_mixin.py:190} INFO - [2025-03-17T00:53:40.687+0000] {dagbag.py:587} INFO - Filling up the DagBag from /opt/airflow/dags/Hw6_ETL_User_Session.py
[2025-03-17T00:53:40.724+0000] {processor.py:925} INFO - DAG(s) 'Hw6_ETL_user_sessions' retrieved from /opt/airflow/dags/Hw6_ETL_User_Session.py
[2025-03-17T00:53:40.748+0000] {logging_mixin.py:190} INFO - [2025-03-17T00:53:40.747+0000] {dag.py:3229} INFO - Sync 1 DAGs
[2025-03-17T00:53:40.774+0000] {logging_mixin.py:190} INFO - [2025-03-17T00:53:40.774+0000] {dag.py:4156} INFO - Setting next_dagrun for Hw6_ETL_user_sessions to 2025-03-15 03:30:00+00:00, run_after=2025-03-16 03:30:00+00:00
[2025-03-17T00:53:40.784+0000] {processor.py:208} INFO - Processing /opt/airflow/dags/Hw6_ETL_User_Session.py took 0.118 seconds
[2025-03-17T00:54:10.972+0000] {processor.py:186} INFO - Started process (PID=5403) to work on /opt/airflow/dags/Hw6_ETL_User_Session.py
[2025-03-17T00:54:10.974+0000] {processor.py:914} INFO - Processing file /opt/airflow/dags/Hw6_ETL_User_Session.py for tasks to queue
[2025-03-17T00:54:10.985+0000] {logging_mixin.py:190} INFO - [2025-03-17T00:54:10.983+0000] {dagbag.py:587} INFO - Filling up the DagBag from /opt/airflow/dags/Hw6_ETL_User_Session.py
[2025-03-17T00:54:11.004+0000] {processor.py:925} INFO - DAG(s) 'Hw6_ETL_user_sessions' retrieved from /opt/airflow/dags/Hw6_ETL_User_Session.py
[2025-03-17T00:54:11.027+0000] {logging_mixin.py:190} INFO - [2025-03-17T00:54:11.027+0000] {dag.py:3229} INFO - Sync 1 DAGs
[2025-03-17T00:54:11.043+0000] {logging_mixin.py:190} INFO - [2025-03-17T00:54:11.043+0000] {dag.py:4156} INFO - Setting next_dagrun for Hw6_ETL_user_sessions to 2025-03-15 03:30:00+00:00, run_after=2025-03-16 03:30:00+00:00
[2025-03-17T00:54:11.059+0000] {processor.py:208} INFO - Processing /opt/airflow/dags/Hw6_ETL_User_Session.py took 0.098 seconds
[2025-03-17T00:54:41.112+0000] {processor.py:186} INFO - Started process (PID=5429) to work on /opt/airflow/dags/Hw6_ETL_User_Session.py
[2025-03-17T00:54:41.114+0000] {processor.py:914} INFO - Processing file /opt/airflow/dags/Hw6_ETL_User_Session.py for tasks to queue
[2025-03-17T00:54:41.121+0000] {logging_mixin.py:190} INFO - [2025-03-17T00:54:41.120+0000] {dagbag.py:587} INFO - Filling up the DagBag from /opt/airflow/dags/Hw6_ETL_User_Session.py
[2025-03-17T00:54:41.157+0000] {processor.py:925} INFO - DAG(s) 'Hw6_ETL_user_sessions' retrieved from /opt/airflow/dags/Hw6_ETL_User_Session.py
[2025-03-17T00:54:41.180+0000] {logging_mixin.py:190} INFO - [2025-03-17T00:54:41.180+0000] {dag.py:3229} INFO - Sync 1 DAGs
[2025-03-17T00:54:41.194+0000] {logging_mixin.py:190} INFO - [2025-03-17T00:54:41.194+0000] {dag.py:4156} INFO - Setting next_dagrun for Hw6_ETL_user_sessions to 2025-03-15 03:30:00+00:00, run_after=2025-03-16 03:30:00+00:00
[2025-03-17T00:54:41.203+0000] {processor.py:208} INFO - Processing /opt/airflow/dags/Hw6_ETL_User_Session.py took 0.100 seconds
[2025-03-17T00:55:12.068+0000] {processor.py:186} INFO - Started process (PID=5455) to work on /opt/airflow/dags/Hw6_ETL_User_Session.py
[2025-03-17T00:55:12.070+0000] {processor.py:914} INFO - Processing file /opt/airflow/dags/Hw6_ETL_User_Session.py for tasks to queue
[2025-03-17T00:55:12.076+0000] {logging_mixin.py:190} INFO - [2025-03-17T00:55:12.075+0000] {dagbag.py:587} INFO - Filling up the DagBag from /opt/airflow/dags/Hw6_ETL_User_Session.py
[2025-03-17T00:55:12.095+0000] {processor.py:925} INFO - DAG(s) 'Hw6_ETL_user_sessions' retrieved from /opt/airflow/dags/Hw6_ETL_User_Session.py
[2025-03-17T00:55:12.129+0000] {logging_mixin.py:190} INFO - [2025-03-17T00:55:12.128+0000] {dag.py:3229} INFO - Sync 1 DAGs
[2025-03-17T00:55:12.145+0000] {logging_mixin.py:190} INFO - [2025-03-17T00:55:12.145+0000] {dag.py:4156} INFO - Setting next_dagrun for Hw6_ETL_user_sessions to 2025-03-15 03:30:00+00:00, run_after=2025-03-16 03:30:00+00:00
[2025-03-17T00:55:12.155+0000] {processor.py:208} INFO - Processing /opt/airflow/dags/Hw6_ETL_User_Session.py took 0.095 seconds
[2025-03-17T00:55:42.970+0000] {processor.py:186} INFO - Started process (PID=5481) to work on /opt/airflow/dags/Hw6_ETL_User_Session.py
[2025-03-17T00:55:42.977+0000] {processor.py:914} INFO - Processing file /opt/airflow/dags/Hw6_ETL_User_Session.py for tasks to queue
[2025-03-17T00:55:42.990+0000] {logging_mixin.py:190} INFO - [2025-03-17T00:55:42.990+0000] {dagbag.py:587} INFO - Filling up the DagBag from /opt/airflow/dags/Hw6_ETL_User_Session.py
[2025-03-17T00:55:43.004+0000] {processor.py:925} INFO - DAG(s) 'Hw6_ETL_user_sessions' retrieved from /opt/airflow/dags/Hw6_ETL_User_Session.py
[2025-03-17T00:55:43.057+0000] {logging_mixin.py:190} INFO - [2025-03-17T00:55:43.055+0000] {dag.py:3229} INFO - Sync 1 DAGs
[2025-03-17T00:55:43.076+0000] {logging_mixin.py:190} INFO - [2025-03-17T00:55:43.076+0000] {dag.py:4156} INFO - Setting next_dagrun for Hw6_ETL_user_sessions to 2025-03-15 03:30:00+00:00, run_after=2025-03-16 03:30:00+00:00
[2025-03-17T00:55:43.114+0000] {processor.py:208} INFO - Processing /opt/airflow/dags/Hw6_ETL_User_Session.py took 0.157 seconds
[2025-03-17T00:56:13.989+0000] {processor.py:186} INFO - Started process (PID=5507) to work on /opt/airflow/dags/Hw6_ETL_User_Session.py
[2025-03-17T00:56:13.991+0000] {processor.py:914} INFO - Processing file /opt/airflow/dags/Hw6_ETL_User_Session.py for tasks to queue
[2025-03-17T00:56:13.996+0000] {logging_mixin.py:190} INFO - [2025-03-17T00:56:13.995+0000] {dagbag.py:587} INFO - Filling up the DagBag from /opt/airflow/dags/Hw6_ETL_User_Session.py
[2025-03-17T00:56:14.008+0000] {processor.py:925} INFO - DAG(s) 'Hw6_ETL_user_sessions' retrieved from /opt/airflow/dags/Hw6_ETL_User_Session.py
[2025-03-17T00:56:14.041+0000] {logging_mixin.py:190} INFO - [2025-03-17T00:56:14.041+0000] {dag.py:3229} INFO - Sync 1 DAGs
[2025-03-17T00:56:14.056+0000] {logging_mixin.py:190} INFO - [2025-03-17T00:56:14.056+0000] {dag.py:4156} INFO - Setting next_dagrun for Hw6_ETL_user_sessions to 2025-03-15 03:30:00+00:00, run_after=2025-03-16 03:30:00+00:00
[2025-03-17T00:56:14.065+0000] {processor.py:208} INFO - Processing /opt/airflow/dags/Hw6_ETL_User_Session.py took 0.085 seconds
[2025-03-17T00:56:44.810+0000] {processor.py:186} INFO - Started process (PID=5533) to work on /opt/airflow/dags/Hw6_ETL_User_Session.py
[2025-03-17T00:56:44.817+0000] {processor.py:914} INFO - Processing file /opt/airflow/dags/Hw6_ETL_User_Session.py for tasks to queue
[2025-03-17T00:56:44.829+0000] {logging_mixin.py:190} INFO - [2025-03-17T00:56:44.828+0000] {dagbag.py:587} INFO - Filling up the DagBag from /opt/airflow/dags/Hw6_ETL_User_Session.py
[2025-03-17T00:56:44.845+0000] {processor.py:925} INFO - DAG(s) 'Hw6_ETL_user_sessions' retrieved from /opt/airflow/dags/Hw6_ETL_User_Session.py
[2025-03-17T00:56:44.888+0000] {logging_mixin.py:190} INFO - [2025-03-17T00:56:44.887+0000] {dag.py:3229} INFO - Sync 1 DAGs
[2025-03-17T00:56:44.910+0000] {logging_mixin.py:190} INFO - [2025-03-17T00:56:44.909+0000] {dag.py:4156} INFO - Setting next_dagrun for Hw6_ETL_user_sessions to 2025-03-15 03:30:00+00:00, run_after=2025-03-16 03:30:00+00:00
[2025-03-17T00:56:44.922+0000] {processor.py:208} INFO - Processing /opt/airflow/dags/Hw6_ETL_User_Session.py took 0.122 seconds
[2025-03-17T00:57:15.393+0000] {processor.py:186} INFO - Started process (PID=5559) to work on /opt/airflow/dags/Hw6_ETL_User_Session.py
[2025-03-17T00:57:15.396+0000] {processor.py:914} INFO - Processing file /opt/airflow/dags/Hw6_ETL_User_Session.py for tasks to queue
[2025-03-17T00:57:15.400+0000] {logging_mixin.py:190} INFO - [2025-03-17T00:57:15.400+0000] {dagbag.py:587} INFO - Filling up the DagBag from /opt/airflow/dags/Hw6_ETL_User_Session.py
[2025-03-17T00:57:15.417+0000] {processor.py:925} INFO - DAG(s) 'Hw6_ETL_user_sessions' retrieved from /opt/airflow/dags/Hw6_ETL_User_Session.py
[2025-03-17T00:57:15.441+0000] {logging_mixin.py:190} INFO - [2025-03-17T00:57:15.441+0000] {dag.py:3229} INFO - Sync 1 DAGs
[2025-03-17T00:57:15.469+0000] {logging_mixin.py:190} INFO - [2025-03-17T00:57:15.469+0000] {dag.py:4156} INFO - Setting next_dagrun for Hw6_ETL_user_sessions to 2025-03-15 03:30:00+00:00, run_after=2025-03-16 03:30:00+00:00
[2025-03-17T00:57:15.481+0000] {processor.py:208} INFO - Processing /opt/airflow/dags/Hw6_ETL_User_Session.py took 0.107 seconds
[2025-03-17T00:57:45.682+0000] {processor.py:186} INFO - Started process (PID=5590) to work on /opt/airflow/dags/Hw6_ETL_User_Session.py
[2025-03-17T00:57:45.684+0000] {processor.py:914} INFO - Processing file /opt/airflow/dags/Hw6_ETL_User_Session.py for tasks to queue
[2025-03-17T00:57:45.690+0000] {logging_mixin.py:190} INFO - [2025-03-17T00:57:45.689+0000] {dagbag.py:587} INFO - Filling up the DagBag from /opt/airflow/dags/Hw6_ETL_User_Session.py
[2025-03-17T00:57:45.704+0000] {processor.py:925} INFO - DAG(s) 'Hw6_ETL_user_sessions' retrieved from /opt/airflow/dags/Hw6_ETL_User_Session.py
[2025-03-17T00:57:45.745+0000] {logging_mixin.py:190} INFO - [2025-03-17T00:57:45.744+0000] {dag.py:3229} INFO - Sync 1 DAGs
[2025-03-17T00:57:45.760+0000] {logging_mixin.py:190} INFO - [2025-03-17T00:57:45.760+0000] {dag.py:4156} INFO - Setting next_dagrun for Hw6_ETL_user_sessions to 2025-03-15 03:30:00+00:00, run_after=2025-03-16 03:30:00+00:00
[2025-03-17T00:57:45.769+0000] {processor.py:208} INFO - Processing /opt/airflow/dags/Hw6_ETL_User_Session.py took 0.099 seconds
[2025-03-17T00:58:16.055+0000] {processor.py:186} INFO - Started process (PID=5621) to work on /opt/airflow/dags/Hw6_ETL_User_Session.py
[2025-03-17T00:58:16.057+0000] {processor.py:914} INFO - Processing file /opt/airflow/dags/Hw6_ETL_User_Session.py for tasks to queue
[2025-03-17T00:58:16.061+0000] {logging_mixin.py:190} INFO - [2025-03-17T00:58:16.061+0000] {dagbag.py:587} INFO - Filling up the DagBag from /opt/airflow/dags/Hw6_ETL_User_Session.py
[2025-03-17T00:58:16.075+0000] {processor.py:925} INFO - DAG(s) 'Hw6_ETL_user_sessions' retrieved from /opt/airflow/dags/Hw6_ETL_User_Session.py
[2025-03-17T00:58:16.115+0000] {logging_mixin.py:190} INFO - [2025-03-17T00:58:16.115+0000] {dag.py:3229} INFO - Sync 1 DAGs
[2025-03-17T00:58:16.133+0000] {logging_mixin.py:190} INFO - [2025-03-17T00:58:16.133+0000] {dag.py:4156} INFO - Setting next_dagrun for Hw6_ETL_user_sessions to 2025-03-15 03:30:00+00:00, run_after=2025-03-16 03:30:00+00:00
[2025-03-17T00:58:16.142+0000] {processor.py:208} INFO - Processing /opt/airflow/dags/Hw6_ETL_User_Session.py took 0.121 seconds
[2025-03-17T00:58:46.621+0000] {processor.py:186} INFO - Started process (PID=5652) to work on /opt/airflow/dags/Hw6_ETL_User_Session.py
[2025-03-17T00:58:46.624+0000] {processor.py:914} INFO - Processing file /opt/airflow/dags/Hw6_ETL_User_Session.py for tasks to queue
[2025-03-17T00:58:46.628+0000] {logging_mixin.py:190} INFO - [2025-03-17T00:58:46.627+0000] {dagbag.py:587} INFO - Filling up the DagBag from /opt/airflow/dags/Hw6_ETL_User_Session.py
[2025-03-17T00:58:46.643+0000] {processor.py:925} INFO - DAG(s) 'Hw6_ETL_user_sessions' retrieved from /opt/airflow/dags/Hw6_ETL_User_Session.py
[2025-03-17T00:58:46.677+0000] {logging_mixin.py:190} INFO - [2025-03-17T00:58:46.677+0000] {dag.py:3229} INFO - Sync 1 DAGs
[2025-03-17T00:58:46.705+0000] {logging_mixin.py:190} INFO - [2025-03-17T00:58:46.705+0000] {dag.py:4156} INFO - Setting next_dagrun for Hw6_ETL_user_sessions to 2025-03-15 03:30:00+00:00, run_after=2025-03-16 03:30:00+00:00
[2025-03-17T00:58:46.716+0000] {processor.py:208} INFO - Processing /opt/airflow/dags/Hw6_ETL_User_Session.py took 0.105 seconds
[2025-03-17T00:59:17.073+0000] {processor.py:186} INFO - Started process (PID=5683) to work on /opt/airflow/dags/Hw6_ETL_User_Session.py
[2025-03-17T00:59:17.075+0000] {processor.py:914} INFO - Processing file /opt/airflow/dags/Hw6_ETL_User_Session.py for tasks to queue
[2025-03-17T00:59:17.079+0000] {logging_mixin.py:190} INFO - [2025-03-17T00:59:17.078+0000] {dagbag.py:587} INFO - Filling up the DagBag from /opt/airflow/dags/Hw6_ETL_User_Session.py
[2025-03-17T00:59:17.093+0000] {processor.py:925} INFO - DAG(s) 'Hw6_ETL_user_sessions' retrieved from /opt/airflow/dags/Hw6_ETL_User_Session.py
[2025-03-17T00:59:17.116+0000] {logging_mixin.py:190} INFO - [2025-03-17T00:59:17.116+0000] {dag.py:3229} INFO - Sync 1 DAGs
[2025-03-17T00:59:17.149+0000] {logging_mixin.py:190} INFO - [2025-03-17T00:59:17.148+0000] {dag.py:4156} INFO - Setting next_dagrun for Hw6_ETL_user_sessions to 2025-03-15 03:30:00+00:00, run_after=2025-03-16 03:30:00+00:00
[2025-03-17T00:59:17.165+0000] {processor.py:208} INFO - Processing /opt/airflow/dags/Hw6_ETL_User_Session.py took 0.101 seconds
[2025-03-17T00:59:47.961+0000] {processor.py:186} INFO - Started process (PID=5714) to work on /opt/airflow/dags/Hw6_ETL_User_Session.py
[2025-03-17T00:59:47.963+0000] {processor.py:914} INFO - Processing file /opt/airflow/dags/Hw6_ETL_User_Session.py for tasks to queue
[2025-03-17T00:59:47.966+0000] {logging_mixin.py:190} INFO - [2025-03-17T00:59:47.965+0000] {dagbag.py:587} INFO - Filling up the DagBag from /opt/airflow/dags/Hw6_ETL_User_Session.py
[2025-03-17T00:59:47.975+0000] {processor.py:925} INFO - DAG(s) 'Hw6_ETL_user_sessions' retrieved from /opt/airflow/dags/Hw6_ETL_User_Session.py
[2025-03-17T00:59:47.998+0000] {logging_mixin.py:190} INFO - [2025-03-17T00:59:47.998+0000] {dag.py:3229} INFO - Sync 1 DAGs
[2025-03-17T00:59:48.018+0000] {logging_mixin.py:190} INFO - [2025-03-17T00:59:48.018+0000] {dag.py:4156} INFO - Setting next_dagrun for Hw6_ETL_user_sessions to 2025-03-15 03:30:00+00:00, run_after=2025-03-16 03:30:00+00:00
[2025-03-17T00:59:48.027+0000] {processor.py:208} INFO - Processing /opt/airflow/dags/Hw6_ETL_User_Session.py took 0.075 seconds
[2025-03-17T01:00:18.611+0000] {processor.py:186} INFO - Started process (PID=5745) to work on /opt/airflow/dags/Hw6_ETL_User_Session.py
[2025-03-17T01:00:18.613+0000] {processor.py:914} INFO - Processing file /opt/airflow/dags/Hw6_ETL_User_Session.py for tasks to queue
[2025-03-17T01:00:18.616+0000] {logging_mixin.py:190} INFO - [2025-03-17T01:00:18.616+0000] {dagbag.py:587} INFO - Filling up the DagBag from /opt/airflow/dags/Hw6_ETL_User_Session.py
[2025-03-17T01:00:18.631+0000] {processor.py:925} INFO - DAG(s) 'Hw6_ETL_user_sessions' retrieved from /opt/airflow/dags/Hw6_ETL_User_Session.py
[2025-03-17T01:00:18.669+0000] {logging_mixin.py:190} INFO - [2025-03-17T01:00:18.669+0000] {dag.py:3229} INFO - Sync 1 DAGs
[2025-03-17T01:00:18.685+0000] {logging_mixin.py:190} INFO - [2025-03-17T01:00:18.685+0000] {dag.py:4156} INFO - Setting next_dagrun for Hw6_ETL_user_sessions to 2025-03-15 03:30:00+00:00, run_after=2025-03-16 03:30:00+00:00
[2025-03-17T01:00:18.694+0000] {processor.py:208} INFO - Processing /opt/airflow/dags/Hw6_ETL_User_Session.py took 0.095 seconds
[2025-03-17T01:00:48.785+0000] {processor.py:186} INFO - Started process (PID=5776) to work on /opt/airflow/dags/Hw6_ETL_User_Session.py
[2025-03-17T01:00:48.786+0000] {processor.py:914} INFO - Processing file /opt/airflow/dags/Hw6_ETL_User_Session.py for tasks to queue
[2025-03-17T01:00:48.797+0000] {logging_mixin.py:190} INFO - [2025-03-17T01:00:48.793+0000] {dagbag.py:587} INFO - Filling up the DagBag from /opt/airflow/dags/Hw6_ETL_User_Session.py
[2025-03-17T01:00:48.822+0000] {processor.py:925} INFO - DAG(s) 'Hw6_ETL_user_sessions' retrieved from /opt/airflow/dags/Hw6_ETL_User_Session.py
[2025-03-17T01:00:48.846+0000] {logging_mixin.py:190} INFO - [2025-03-17T01:00:48.845+0000] {dag.py:3229} INFO - Sync 1 DAGs
[2025-03-17T01:00:48.859+0000] {logging_mixin.py:190} INFO - [2025-03-17T01:00:48.859+0000] {dag.py:4156} INFO - Setting next_dagrun for Hw6_ETL_user_sessions to 2025-03-15 03:30:00+00:00, run_after=2025-03-16 03:30:00+00:00
[2025-03-17T01:00:48.869+0000] {processor.py:208} INFO - Processing /opt/airflow/dags/Hw6_ETL_User_Session.py took 0.095 seconds
[2025-03-17T01:01:19.426+0000] {processor.py:186} INFO - Started process (PID=5807) to work on /opt/airflow/dags/Hw6_ETL_User_Session.py
[2025-03-17T01:01:19.428+0000] {processor.py:914} INFO - Processing file /opt/airflow/dags/Hw6_ETL_User_Session.py for tasks to queue
[2025-03-17T01:01:19.430+0000] {logging_mixin.py:190} INFO - [2025-03-17T01:01:19.430+0000] {dagbag.py:587} INFO - Filling up the DagBag from /opt/airflow/dags/Hw6_ETL_User_Session.py
[2025-03-17T01:01:19.439+0000] {processor.py:925} INFO - DAG(s) 'Hw6_ETL_user_sessions' retrieved from /opt/airflow/dags/Hw6_ETL_User_Session.py
[2025-03-17T01:01:19.460+0000] {logging_mixin.py:190} INFO - [2025-03-17T01:01:19.459+0000] {dag.py:3229} INFO - Sync 1 DAGs
[2025-03-17T01:01:19.470+0000] {logging_mixin.py:190} INFO - [2025-03-17T01:01:19.470+0000] {dag.py:4156} INFO - Setting next_dagrun for Hw6_ETL_user_sessions to 2025-03-15 03:30:00+00:00, run_after=2025-03-16 03:30:00+00:00
[2025-03-17T01:01:19.477+0000] {processor.py:208} INFO - Processing /opt/airflow/dags/Hw6_ETL_User_Session.py took 0.057 seconds
[2025-03-17T01:01:50.024+0000] {processor.py:186} INFO - Started process (PID=5838) to work on /opt/airflow/dags/Hw6_ETL_User_Session.py
[2025-03-17T01:01:50.025+0000] {processor.py:914} INFO - Processing file /opt/airflow/dags/Hw6_ETL_User_Session.py for tasks to queue
[2025-03-17T01:01:50.028+0000] {logging_mixin.py:190} INFO - [2025-03-17T01:01:50.027+0000] {dagbag.py:587} INFO - Filling up the DagBag from /opt/airflow/dags/Hw6_ETL_User_Session.py
[2025-03-17T01:01:50.037+0000] {processor.py:925} INFO - DAG(s) 'Hw6_ETL_user_sessions' retrieved from /opt/airflow/dags/Hw6_ETL_User_Session.py
[2025-03-17T01:01:50.058+0000] {logging_mixin.py:190} INFO - [2025-03-17T01:01:50.057+0000] {dag.py:3229} INFO - Sync 1 DAGs
[2025-03-17T01:01:50.070+0000] {logging_mixin.py:190} INFO - [2025-03-17T01:01:50.069+0000] {dag.py:4156} INFO - Setting next_dagrun for Hw6_ETL_user_sessions to 2025-03-15 03:30:00+00:00, run_after=2025-03-16 03:30:00+00:00
[2025-03-17T01:01:50.077+0000] {processor.py:208} INFO - Processing /opt/airflow/dags/Hw6_ETL_User_Session.py took 0.059 seconds
[2025-03-17T01:02:20.435+0000] {processor.py:186} INFO - Started process (PID=5869) to work on /opt/airflow/dags/Hw6_ETL_User_Session.py
[2025-03-17T01:02:20.437+0000] {processor.py:914} INFO - Processing file /opt/airflow/dags/Hw6_ETL_User_Session.py for tasks to queue
[2025-03-17T01:02:20.440+0000] {logging_mixin.py:190} INFO - [2025-03-17T01:02:20.440+0000] {dagbag.py:587} INFO - Filling up the DagBag from /opt/airflow/dags/Hw6_ETL_User_Session.py
[2025-03-17T01:02:20.449+0000] {processor.py:925} INFO - DAG(s) 'Hw6_ETL_user_sessions' retrieved from /opt/airflow/dags/Hw6_ETL_User_Session.py
[2025-03-17T01:02:20.481+0000] {logging_mixin.py:190} INFO - [2025-03-17T01:02:20.481+0000] {dag.py:3229} INFO - Sync 1 DAGs
[2025-03-17T01:02:20.495+0000] {logging_mixin.py:190} INFO - [2025-03-17T01:02:20.495+0000] {dag.py:4156} INFO - Setting next_dagrun for Hw6_ETL_user_sessions to 2025-03-15 03:30:00+00:00, run_after=2025-03-16 03:30:00+00:00
[2025-03-17T01:02:20.503+0000] {processor.py:208} INFO - Processing /opt/airflow/dags/Hw6_ETL_User_Session.py took 0.076 seconds
[2025-03-17T01:02:51.053+0000] {processor.py:186} INFO - Started process (PID=5900) to work on /opt/airflow/dags/Hw6_ETL_User_Session.py
[2025-03-17T01:02:51.055+0000] {processor.py:914} INFO - Processing file /opt/airflow/dags/Hw6_ETL_User_Session.py for tasks to queue
[2025-03-17T01:02:51.057+0000] {logging_mixin.py:190} INFO - [2025-03-17T01:02:51.057+0000] {dagbag.py:587} INFO - Filling up the DagBag from /opt/airflow/dags/Hw6_ETL_User_Session.py
[2025-03-17T01:02:51.067+0000] {processor.py:925} INFO - DAG(s) 'Hw6_ETL_user_sessions' retrieved from /opt/airflow/dags/Hw6_ETL_User_Session.py
[2025-03-17T01:02:51.086+0000] {logging_mixin.py:190} INFO - [2025-03-17T01:02:51.086+0000] {dag.py:3229} INFO - Sync 1 DAGs
[2025-03-17T01:02:51.097+0000] {logging_mixin.py:190} INFO - [2025-03-17T01:02:51.097+0000] {dag.py:4156} INFO - Setting next_dagrun for Hw6_ETL_user_sessions to 2025-03-15 03:30:00+00:00, run_after=2025-03-16 03:30:00+00:00
[2025-03-17T01:02:51.104+0000] {processor.py:208} INFO - Processing /opt/airflow/dags/Hw6_ETL_User_Session.py took 0.058 seconds
[2025-03-17T01:03:21.357+0000] {processor.py:186} INFO - Started process (PID=5931) to work on /opt/airflow/dags/Hw6_ETL_User_Session.py
[2025-03-17T01:03:21.359+0000] {processor.py:914} INFO - Processing file /opt/airflow/dags/Hw6_ETL_User_Session.py for tasks to queue
[2025-03-17T01:03:21.363+0000] {logging_mixin.py:190} INFO - [2025-03-17T01:03:21.363+0000] {dagbag.py:587} INFO - Filling up the DagBag from /opt/airflow/dags/Hw6_ETL_User_Session.py
[2025-03-17T01:03:21.385+0000] {processor.py:925} INFO - DAG(s) 'Hw6_ETL_user_sessions' retrieved from /opt/airflow/dags/Hw6_ETL_User_Session.py
[2025-03-17T01:03:21.419+0000] {logging_mixin.py:190} INFO - [2025-03-17T01:03:21.419+0000] {dag.py:3229} INFO - Sync 1 DAGs
[2025-03-17T01:03:21.436+0000] {logging_mixin.py:190} INFO - [2025-03-17T01:03:21.436+0000] {dag.py:4156} INFO - Setting next_dagrun for Hw6_ETL_user_sessions to 2025-03-15 03:30:00+00:00, run_after=2025-03-16 03:30:00+00:00
[2025-03-17T01:03:21.445+0000] {processor.py:208} INFO - Processing /opt/airflow/dags/Hw6_ETL_User_Session.py took 0.117 seconds
[2025-03-17T01:03:51.530+0000] {processor.py:186} INFO - Started process (PID=5962) to work on /opt/airflow/dags/Hw6_ETL_User_Session.py
[2025-03-17T01:03:51.531+0000] {processor.py:914} INFO - Processing file /opt/airflow/dags/Hw6_ETL_User_Session.py for tasks to queue
[2025-03-17T01:03:51.534+0000] {logging_mixin.py:190} INFO - [2025-03-17T01:03:51.534+0000] {dagbag.py:587} INFO - Filling up the DagBag from /opt/airflow/dags/Hw6_ETL_User_Session.py
[2025-03-17T01:03:51.546+0000] {processor.py:925} INFO - DAG(s) 'Hw6_ETL_user_sessions' retrieved from /opt/airflow/dags/Hw6_ETL_User_Session.py
[2025-03-17T01:03:51.575+0000] {logging_mixin.py:190} INFO - [2025-03-17T01:03:51.575+0000] {dag.py:3229} INFO - Sync 1 DAGs
[2025-03-17T01:03:51.590+0000] {logging_mixin.py:190} INFO - [2025-03-17T01:03:51.590+0000] {dag.py:4156} INFO - Setting next_dagrun for Hw6_ETL_user_sessions to 2025-03-15 03:30:00+00:00, run_after=2025-03-16 03:30:00+00:00
[2025-03-17T01:03:51.599+0000] {processor.py:208} INFO - Processing /opt/airflow/dags/Hw6_ETL_User_Session.py took 0.077 seconds
[2025-03-17T01:04:21.775+0000] {processor.py:186} INFO - Started process (PID=5993) to work on /opt/airflow/dags/Hw6_ETL_User_Session.py
[2025-03-17T01:04:21.780+0000] {processor.py:914} INFO - Processing file /opt/airflow/dags/Hw6_ETL_User_Session.py for tasks to queue
[2025-03-17T01:04:21.782+0000] {logging_mixin.py:190} INFO - [2025-03-17T01:04:21.782+0000] {dagbag.py:587} INFO - Filling up the DagBag from /opt/airflow/dags/Hw6_ETL_User_Session.py
[2025-03-17T01:04:21.790+0000] {processor.py:925} INFO - DAG(s) 'Hw6_ETL_user_sessions' retrieved from /opt/airflow/dags/Hw6_ETL_User_Session.py
[2025-03-17T01:04:21.810+0000] {logging_mixin.py:190} INFO - [2025-03-17T01:04:21.810+0000] {dag.py:3229} INFO - Sync 1 DAGs
[2025-03-17T01:04:21.821+0000] {logging_mixin.py:190} INFO - [2025-03-17T01:04:21.820+0000] {dag.py:4156} INFO - Setting next_dagrun for Hw6_ETL_user_sessions to 2025-03-15 03:30:00+00:00, run_after=2025-03-16 03:30:00+00:00
[2025-03-17T01:04:21.827+0000] {processor.py:208} INFO - Processing /opt/airflow/dags/Hw6_ETL_User_Session.py took 0.061 seconds
[2025-03-17T01:04:52.022+0000] {processor.py:186} INFO - Started process (PID=6024) to work on /opt/airflow/dags/Hw6_ETL_User_Session.py
[2025-03-17T01:04:52.028+0000] {processor.py:914} INFO - Processing file /opt/airflow/dags/Hw6_ETL_User_Session.py for tasks to queue
[2025-03-17T01:04:52.049+0000] {logging_mixin.py:190} INFO - [2025-03-17T01:04:52.048+0000] {dagbag.py:587} INFO - Filling up the DagBag from /opt/airflow/dags/Hw6_ETL_User_Session.py
[2025-03-17T01:04:52.064+0000] {processor.py:925} INFO - DAG(s) 'Hw6_ETL_user_sessions' retrieved from /opt/airflow/dags/Hw6_ETL_User_Session.py
[2025-03-17T01:04:52.090+0000] {logging_mixin.py:190} INFO - [2025-03-17T01:04:52.089+0000] {dag.py:3229} INFO - Sync 1 DAGs
[2025-03-17T01:04:52.115+0000] {logging_mixin.py:190} INFO - [2025-03-17T01:04:52.114+0000] {dag.py:4156} INFO - Setting next_dagrun for Hw6_ETL_user_sessions to 2025-03-15 03:30:00+00:00, run_after=2025-03-16 03:30:00+00:00
[2025-03-17T01:04:52.124+0000] {processor.py:208} INFO - Processing /opt/airflow/dags/Hw6_ETL_User_Session.py took 0.122 seconds
[2025-03-17T01:05:22.238+0000] {processor.py:186} INFO - Started process (PID=6055) to work on /opt/airflow/dags/Hw6_ETL_User_Session.py
[2025-03-17T01:05:22.245+0000] {processor.py:914} INFO - Processing file /opt/airflow/dags/Hw6_ETL_User_Session.py for tasks to queue
[2025-03-17T01:05:22.269+0000] {logging_mixin.py:190} INFO - [2025-03-17T01:05:22.268+0000] {dagbag.py:587} INFO - Filling up the DagBag from /opt/airflow/dags/Hw6_ETL_User_Session.py
[2025-03-17T01:05:22.283+0000] {processor.py:925} INFO - DAG(s) 'Hw6_ETL_user_sessions' retrieved from /opt/airflow/dags/Hw6_ETL_User_Session.py
[2025-03-17T01:05:22.309+0000] {logging_mixin.py:190} INFO - [2025-03-17T01:05:22.309+0000] {dag.py:3229} INFO - Sync 1 DAGs
[2025-03-17T01:05:22.332+0000] {logging_mixin.py:190} INFO - [2025-03-17T01:05:22.331+0000] {dag.py:4156} INFO - Setting next_dagrun for Hw6_ETL_user_sessions to 2025-03-15 03:30:00+00:00, run_after=2025-03-16 03:30:00+00:00
[2025-03-17T01:05:22.347+0000] {processor.py:208} INFO - Processing /opt/airflow/dags/Hw6_ETL_User_Session.py took 0.127 seconds
[2025-03-17T01:05:52.621+0000] {processor.py:186} INFO - Started process (PID=6086) to work on /opt/airflow/dags/Hw6_ETL_User_Session.py
[2025-03-17T01:05:52.623+0000] {processor.py:914} INFO - Processing file /opt/airflow/dags/Hw6_ETL_User_Session.py for tasks to queue
[2025-03-17T01:05:52.625+0000] {logging_mixin.py:190} INFO - [2025-03-17T01:05:52.624+0000] {dagbag.py:587} INFO - Filling up the DagBag from /opt/airflow/dags/Hw6_ETL_User_Session.py
[2025-03-17T01:05:52.662+0000] {processor.py:925} INFO - DAG(s) 'Hw6_ETL_user_sessions' retrieved from /opt/airflow/dags/Hw6_ETL_User_Session.py
[2025-03-17T01:05:52.692+0000] {logging_mixin.py:190} INFO - [2025-03-17T01:05:52.692+0000] {dag.py:3229} INFO - Sync 1 DAGs
[2025-03-17T01:05:52.710+0000] {logging_mixin.py:190} INFO - [2025-03-17T01:05:52.710+0000] {dag.py:4156} INFO - Setting next_dagrun for Hw6_ETL_user_sessions to 2025-03-15 03:30:00+00:00, run_after=2025-03-16 03:30:00+00:00
[2025-03-17T01:05:52.729+0000] {processor.py:208} INFO - Processing /opt/airflow/dags/Hw6_ETL_User_Session.py took 0.122 seconds
[2025-03-17T01:06:23.275+0000] {processor.py:186} INFO - Started process (PID=6121) to work on /opt/airflow/dags/Hw6_ETL_User_Session.py
[2025-03-17T01:06:23.276+0000] {processor.py:914} INFO - Processing file /opt/airflow/dags/Hw6_ETL_User_Session.py for tasks to queue
[2025-03-17T01:06:23.281+0000] {logging_mixin.py:190} INFO - [2025-03-17T01:06:23.278+0000] {dagbag.py:587} INFO - Filling up the DagBag from /opt/airflow/dags/Hw6_ETL_User_Session.py
[2025-03-17T01:06:23.298+0000] {processor.py:925} INFO - DAG(s) 'Hw6_ETL_user_sessions' retrieved from /opt/airflow/dags/Hw6_ETL_User_Session.py
[2025-03-17T01:06:23.326+0000] {logging_mixin.py:190} INFO - [2025-03-17T01:06:23.326+0000] {dag.py:3229} INFO - Sync 1 DAGs
[2025-03-17T01:06:23.355+0000] {logging_mixin.py:190} INFO - [2025-03-17T01:06:23.355+0000] {dag.py:4156} INFO - Setting next_dagrun for Hw6_ETL_user_sessions to 2025-03-15 03:30:00+00:00, run_after=2025-03-16 03:30:00+00:00
[2025-03-17T01:06:23.366+0000] {processor.py:208} INFO - Processing /opt/airflow/dags/Hw6_ETL_User_Session.py took 0.102 seconds
[2025-03-17T01:06:48.375+0000] {processor.py:186} INFO - Started process (PID=6152) to work on /opt/airflow/dags/Hw6_ETL_User_Session.py
[2025-03-17T01:06:48.378+0000] {processor.py:914} INFO - Processing file /opt/airflow/dags/Hw6_ETL_User_Session.py for tasks to queue
[2025-03-17T01:06:48.379+0000] {logging_mixin.py:190} INFO - [2025-03-17T01:06:48.378+0000] {dagbag.py:587} INFO - Filling up the DagBag from /opt/airflow/dags/Hw6_ETL_User_Session.py
[2025-03-17T01:06:48.403+0000] {processor.py:925} INFO - DAG(s) 'Hw6_ETL_user_sessions' retrieved from /opt/airflow/dags/Hw6_ETL_User_Session.py
[2025-03-17T01:06:48.429+0000] {logging_mixin.py:190} INFO - [2025-03-17T01:06:48.429+0000] {dag.py:3229} INFO - Sync 1 DAGs
[2025-03-17T01:06:48.458+0000] {logging_mixin.py:190} INFO - [2025-03-17T01:06:48.457+0000] {dag.py:4156} INFO - Setting next_dagrun for Hw6_ETL_user_sessions to 2025-03-15 03:30:00+00:00, run_after=2025-03-16 03:30:00+00:00
[2025-03-17T01:06:48.467+0000] {processor.py:208} INFO - Processing /opt/airflow/dags/Hw6_ETL_User_Session.py took 0.099 seconds
[2025-03-17T01:07:18.595+0000] {processor.py:186} INFO - Started process (PID=6183) to work on /opt/airflow/dags/Hw6_ETL_User_Session.py
[2025-03-17T01:07:18.596+0000] {processor.py:914} INFO - Processing file /opt/airflow/dags/Hw6_ETL_User_Session.py for tasks to queue
[2025-03-17T01:07:18.596+0000] {logging_mixin.py:190} INFO - [2025-03-17T01:07:18.596+0000] {dagbag.py:587} INFO - Filling up the DagBag from /opt/airflow/dags/Hw6_ETL_User_Session.py
[2025-03-17T01:07:18.602+0000] {processor.py:925} INFO - DAG(s) 'Hw6_ETL_user_sessions' retrieved from /opt/airflow/dags/Hw6_ETL_User_Session.py
[2025-03-17T01:07:18.623+0000] {logging_mixin.py:190} INFO - [2025-03-17T01:07:18.623+0000] {dag.py:3229} INFO - Sync 1 DAGs
[2025-03-17T01:07:18.634+0000] {logging_mixin.py:190} INFO - [2025-03-17T01:07:18.634+0000] {dag.py:4156} INFO - Setting next_dagrun for Hw6_ETL_user_sessions to 2025-03-15 03:30:00+00:00, run_after=2025-03-16 03:30:00+00:00
[2025-03-17T01:07:18.641+0000] {processor.py:208} INFO - Processing /opt/airflow/dags/Hw6_ETL_User_Session.py took 0.051 seconds
[2025-03-17T01:07:49.340+0000] {processor.py:186} INFO - Started process (PID=6204) to work on /opt/airflow/dags/Hw6_ETL_User_Session.py
[2025-03-17T01:07:49.344+0000] {processor.py:914} INFO - Processing file /opt/airflow/dags/Hw6_ETL_User_Session.py for tasks to queue
[2025-03-17T01:07:49.347+0000] {logging_mixin.py:190} INFO - [2025-03-17T01:07:49.346+0000] {dagbag.py:587} INFO - Filling up the DagBag from /opt/airflow/dags/Hw6_ETL_User_Session.py
[2025-03-17T01:07:49.403+0000] {processor.py:925} INFO - DAG(s) 'Hw6_ETL_user_sessions' retrieved from /opt/airflow/dags/Hw6_ETL_User_Session.py
[2025-03-17T01:07:49.466+0000] {logging_mixin.py:190} INFO - [2025-03-17T01:07:49.465+0000] {dag.py:3229} INFO - Sync 1 DAGs
[2025-03-17T01:07:49.500+0000] {logging_mixin.py:190} INFO - [2025-03-17T01:07:49.499+0000] {dag.py:4156} INFO - Setting next_dagrun for Hw6_ETL_user_sessions to 2025-03-15 03:30:00+00:00, run_after=2025-03-16 03:30:00+00:00
[2025-03-17T01:07:49.513+0000] {processor.py:208} INFO - Processing /opt/airflow/dags/Hw6_ETL_User_Session.py took 0.219 seconds
[2025-03-17T01:08:19.693+0000] {processor.py:186} INFO - Started process (PID=6235) to work on /opt/airflow/dags/Hw6_ETL_User_Session.py
[2025-03-17T01:08:19.695+0000] {processor.py:914} INFO - Processing file /opt/airflow/dags/Hw6_ETL_User_Session.py for tasks to queue
[2025-03-17T01:08:19.697+0000] {logging_mixin.py:190} INFO - [2025-03-17T01:08:19.697+0000] {dagbag.py:587} INFO - Filling up the DagBag from /opt/airflow/dags/Hw6_ETL_User_Session.py
[2025-03-17T01:08:19.714+0000] {processor.py:925} INFO - DAG(s) 'Hw6_ETL_user_sessions' retrieved from /opt/airflow/dags/Hw6_ETL_User_Session.py
[2025-03-17T01:08:19.748+0000] {logging_mixin.py:190} INFO - [2025-03-17T01:08:19.748+0000] {dag.py:3229} INFO - Sync 1 DAGs
[2025-03-17T01:08:19.766+0000] {logging_mixin.py:190} INFO - [2025-03-17T01:08:19.766+0000] {dag.py:4156} INFO - Setting next_dagrun for Hw6_ETL_user_sessions to 2025-03-15 03:30:00+00:00, run_after=2025-03-16 03:30:00+00:00
[2025-03-17T01:08:19.776+0000] {processor.py:208} INFO - Processing /opt/airflow/dags/Hw6_ETL_User_Session.py took 0.096 seconds
[2025-03-17T01:08:50.275+0000] {processor.py:186} INFO - Started process (PID=6266) to work on /opt/airflow/dags/Hw6_ETL_User_Session.py
[2025-03-17T01:08:50.278+0000] {processor.py:914} INFO - Processing file /opt/airflow/dags/Hw6_ETL_User_Session.py for tasks to queue
[2025-03-17T01:08:50.283+0000] {logging_mixin.py:190} INFO - [2025-03-17T01:08:50.279+0000] {dagbag.py:587} INFO - Filling up the DagBag from /opt/airflow/dags/Hw6_ETL_User_Session.py
[2025-03-17T01:08:50.316+0000] {processor.py:925} INFO - DAG(s) 'Hw6_ETL_user_sessions' retrieved from /opt/airflow/dags/Hw6_ETL_User_Session.py
[2025-03-17T01:08:50.340+0000] {logging_mixin.py:190} INFO - [2025-03-17T01:08:50.340+0000] {dag.py:3229} INFO - Sync 1 DAGs
[2025-03-17T01:08:50.360+0000] {logging_mixin.py:190} INFO - [2025-03-17T01:08:50.360+0000] {dag.py:4156} INFO - Setting next_dagrun for Hw6_ETL_user_sessions to 2025-03-15 03:30:00+00:00, run_after=2025-03-16 03:30:00+00:00
[2025-03-17T01:08:50.370+0000] {processor.py:208} INFO - Processing /opt/airflow/dags/Hw6_ETL_User_Session.py took 0.106 seconds
[2025-03-17T01:09:20.570+0000] {processor.py:186} INFO - Started process (PID=6297) to work on /opt/airflow/dags/Hw6_ETL_User_Session.py
[2025-03-17T01:09:20.572+0000] {processor.py:914} INFO - Processing file /opt/airflow/dags/Hw6_ETL_User_Session.py for tasks to queue
[2025-03-17T01:09:20.574+0000] {logging_mixin.py:190} INFO - [2025-03-17T01:09:20.573+0000] {dagbag.py:587} INFO - Filling up the DagBag from /opt/airflow/dags/Hw6_ETL_User_Session.py
[2025-03-17T01:09:20.585+0000] {processor.py:925} INFO - DAG(s) 'Hw6_ETL_user_sessions' retrieved from /opt/airflow/dags/Hw6_ETL_User_Session.py
[2025-03-17T01:09:20.601+0000] {logging_mixin.py:190} INFO - [2025-03-17T01:09:20.601+0000] {dag.py:3229} INFO - Sync 1 DAGs
[2025-03-17T01:09:20.613+0000] {logging_mixin.py:190} INFO - [2025-03-17T01:09:20.613+0000] {dag.py:4156} INFO - Setting next_dagrun for Hw6_ETL_user_sessions to 2025-03-15 03:30:00+00:00, run_after=2025-03-16 03:30:00+00:00
[2025-03-17T01:09:20.620+0000] {processor.py:208} INFO - Processing /opt/airflow/dags/Hw6_ETL_User_Session.py took 0.062 seconds
[2025-03-17T01:09:51.094+0000] {processor.py:186} INFO - Started process (PID=6328) to work on /opt/airflow/dags/Hw6_ETL_User_Session.py
[2025-03-17T01:09:51.096+0000] {processor.py:914} INFO - Processing file /opt/airflow/dags/Hw6_ETL_User_Session.py for tasks to queue
[2025-03-17T01:09:51.097+0000] {logging_mixin.py:190} INFO - [2025-03-17T01:09:51.097+0000] {dagbag.py:587} INFO - Filling up the DagBag from /opt/airflow/dags/Hw6_ETL_User_Session.py
[2025-03-17T01:09:51.114+0000] {processor.py:925} INFO - DAG(s) 'Hw6_ETL_user_sessions' retrieved from /opt/airflow/dags/Hw6_ETL_User_Session.py
[2025-03-17T01:09:51.136+0000] {logging_mixin.py:190} INFO - [2025-03-17T01:09:51.136+0000] {dag.py:3229} INFO - Sync 1 DAGs
[2025-03-17T01:09:51.152+0000] {logging_mixin.py:190} INFO - [2025-03-17T01:09:51.152+0000] {dag.py:4156} INFO - Setting next_dagrun for Hw6_ETL_user_sessions to 2025-03-15 03:30:00+00:00, run_after=2025-03-16 03:30:00+00:00
[2025-03-17T01:09:51.160+0000] {processor.py:208} INFO - Processing /opt/airflow/dags/Hw6_ETL_User_Session.py took 0.073 seconds
[2025-03-17T01:10:21.347+0000] {processor.py:186} INFO - Started process (PID=6359) to work on /opt/airflow/dags/Hw6_ETL_User_Session.py
[2025-03-17T01:10:21.350+0000] {processor.py:914} INFO - Processing file /opt/airflow/dags/Hw6_ETL_User_Session.py for tasks to queue
[2025-03-17T01:10:21.352+0000] {logging_mixin.py:190} INFO - [2025-03-17T01:10:21.351+0000] {dagbag.py:587} INFO - Filling up the DagBag from /opt/airflow/dags/Hw6_ETL_User_Session.py
[2025-03-17T01:10:21.378+0000] {processor.py:925} INFO - DAG(s) 'Hw6_ETL_user_sessions' retrieved from /opt/airflow/dags/Hw6_ETL_User_Session.py
[2025-03-17T01:10:21.406+0000] {logging_mixin.py:190} INFO - [2025-03-17T01:10:21.406+0000] {dag.py:3229} INFO - Sync 1 DAGs
[2025-03-17T01:10:21.439+0000] {logging_mixin.py:190} INFO - [2025-03-17T01:10:21.439+0000] {dag.py:4156} INFO - Setting next_dagrun for Hw6_ETL_user_sessions to 2025-03-15 03:30:00+00:00, run_after=2025-03-16 03:30:00+00:00
[2025-03-17T01:10:21.450+0000] {processor.py:208} INFO - Processing /opt/airflow/dags/Hw6_ETL_User_Session.py took 0.115 seconds
[2025-03-17T01:10:51.655+0000] {processor.py:186} INFO - Started process (PID=6390) to work on /opt/airflow/dags/Hw6_ETL_User_Session.py
[2025-03-17T01:10:51.659+0000] {processor.py:914} INFO - Processing file /opt/airflow/dags/Hw6_ETL_User_Session.py for tasks to queue
[2025-03-17T01:10:51.660+0000] {logging_mixin.py:190} INFO - [2025-03-17T01:10:51.660+0000] {dagbag.py:587} INFO - Filling up the DagBag from /opt/airflow/dags/Hw6_ETL_User_Session.py
[2025-03-17T01:10:51.695+0000] {processor.py:925} INFO - DAG(s) 'Hw6_ETL_user_sessions' retrieved from /opt/airflow/dags/Hw6_ETL_User_Session.py
[2025-03-17T01:10:51.756+0000] {logging_mixin.py:190} INFO - [2025-03-17T01:10:51.755+0000] {dag.py:3229} INFO - Sync 1 DAGs
[2025-03-17T01:10:51.832+0000] {logging_mixin.py:190} INFO - [2025-03-17T01:10:51.831+0000] {dag.py:4156} INFO - Setting next_dagrun for Hw6_ETL_user_sessions to 2025-03-15 03:30:00+00:00, run_after=2025-03-16 03:30:00+00:00
[2025-03-17T01:10:51.850+0000] {processor.py:208} INFO - Processing /opt/airflow/dags/Hw6_ETL_User_Session.py took 0.206 seconds
[2025-03-17T01:11:22.386+0000] {processor.py:186} INFO - Started process (PID=6421) to work on /opt/airflow/dags/Hw6_ETL_User_Session.py
[2025-03-17T01:11:22.388+0000] {processor.py:914} INFO - Processing file /opt/airflow/dags/Hw6_ETL_User_Session.py for tasks to queue
[2025-03-17T01:11:22.392+0000] {logging_mixin.py:190} INFO - [2025-03-17T01:11:22.391+0000] {dagbag.py:587} INFO - Filling up the DagBag from /opt/airflow/dags/Hw6_ETL_User_Session.py
[2025-03-17T01:11:22.416+0000] {processor.py:925} INFO - DAG(s) 'Hw6_ETL_user_sessions' retrieved from /opt/airflow/dags/Hw6_ETL_User_Session.py
[2025-03-17T01:11:22.449+0000] {logging_mixin.py:190} INFO - [2025-03-17T01:11:22.449+0000] {dag.py:3229} INFO - Sync 1 DAGs
[2025-03-17T01:11:22.467+0000] {logging_mixin.py:190} INFO - [2025-03-17T01:11:22.467+0000] {dag.py:4156} INFO - Setting next_dagrun for Hw6_ETL_user_sessions to 2025-03-15 03:30:00+00:00, run_after=2025-03-16 03:30:00+00:00
[2025-03-17T01:11:22.478+0000] {processor.py:208} INFO - Processing /opt/airflow/dags/Hw6_ETL_User_Session.py took 0.101 seconds
[2025-03-17T01:11:53.149+0000] {processor.py:186} INFO - Started process (PID=6452) to work on /opt/airflow/dags/Hw6_ETL_User_Session.py
[2025-03-17T01:11:53.152+0000] {processor.py:914} INFO - Processing file /opt/airflow/dags/Hw6_ETL_User_Session.py for tasks to queue
[2025-03-17T01:11:53.154+0000] {logging_mixin.py:190} INFO - [2025-03-17T01:11:53.153+0000] {dagbag.py:587} INFO - Filling up the DagBag from /opt/airflow/dags/Hw6_ETL_User_Session.py
[2025-03-17T01:11:53.173+0000] {processor.py:925} INFO - DAG(s) 'Hw6_ETL_user_sessions' retrieved from /opt/airflow/dags/Hw6_ETL_User_Session.py
[2025-03-17T01:11:53.221+0000] {logging_mixin.py:190} INFO - [2025-03-17T01:11:53.221+0000] {dag.py:3229} INFO - Sync 1 DAGs
[2025-03-17T01:11:53.243+0000] {logging_mixin.py:190} INFO - [2025-03-17T01:11:53.243+0000] {dag.py:4156} INFO - Setting next_dagrun for Hw6_ETL_user_sessions to 2025-03-15 03:30:00+00:00, run_after=2025-03-16 03:30:00+00:00
[2025-03-17T01:11:53.255+0000] {processor.py:208} INFO - Processing /opt/airflow/dags/Hw6_ETL_User_Session.py took 0.131 seconds
[2025-03-17T01:12:23.496+0000] {processor.py:186} INFO - Started process (PID=6483) to work on /opt/airflow/dags/Hw6_ETL_User_Session.py
[2025-03-17T01:12:23.498+0000] {processor.py:914} INFO - Processing file /opt/airflow/dags/Hw6_ETL_User_Session.py for tasks to queue
[2025-03-17T01:12:23.499+0000] {logging_mixin.py:190} INFO - [2025-03-17T01:12:23.499+0000] {dagbag.py:587} INFO - Filling up the DagBag from /opt/airflow/dags/Hw6_ETL_User_Session.py
[2025-03-17T01:12:23.522+0000] {processor.py:925} INFO - DAG(s) 'Hw6_ETL_user_sessions' retrieved from /opt/airflow/dags/Hw6_ETL_User_Session.py
[2025-03-17T01:12:23.554+0000] {logging_mixin.py:190} INFO - [2025-03-17T01:12:23.554+0000] {dag.py:3229} INFO - Sync 1 DAGs
[2025-03-17T01:12:23.574+0000] {logging_mixin.py:190} INFO - [2025-03-17T01:12:23.573+0000] {dag.py:4156} INFO - Setting next_dagrun for Hw6_ETL_user_sessions to 2025-03-15 03:30:00+00:00, run_after=2025-03-16 03:30:00+00:00
[2025-03-17T01:12:23.587+0000] {processor.py:208} INFO - Processing /opt/airflow/dags/Hw6_ETL_User_Session.py took 0.102 seconds
[2025-03-17T01:12:54.257+0000] {processor.py:186} INFO - Started process (PID=6514) to work on /opt/airflow/dags/Hw6_ETL_User_Session.py
[2025-03-17T01:12:54.260+0000] {processor.py:914} INFO - Processing file /opt/airflow/dags/Hw6_ETL_User_Session.py for tasks to queue
[2025-03-17T01:12:54.261+0000] {logging_mixin.py:190} INFO - [2025-03-17T01:12:54.261+0000] {dagbag.py:587} INFO - Filling up the DagBag from /opt/airflow/dags/Hw6_ETL_User_Session.py
[2025-03-17T01:12:54.276+0000] {processor.py:925} INFO - DAG(s) 'Hw6_ETL_user_sessions' retrieved from /opt/airflow/dags/Hw6_ETL_User_Session.py
[2025-03-17T01:12:54.325+0000] {logging_mixin.py:190} INFO - [2025-03-17T01:12:54.325+0000] {dag.py:3229} INFO - Sync 1 DAGs
[2025-03-17T01:12:54.360+0000] {logging_mixin.py:190} INFO - [2025-03-17T01:12:54.360+0000] {dag.py:4156} INFO - Setting next_dagrun for Hw6_ETL_user_sessions to 2025-03-15 03:30:00+00:00, run_after=2025-03-16 03:30:00+00:00
[2025-03-17T01:12:54.373+0000] {processor.py:208} INFO - Processing /opt/airflow/dags/Hw6_ETL_User_Session.py took 0.126 seconds
[2025-03-17T01:13:24.853+0000] {processor.py:186} INFO - Started process (PID=6544) to work on /opt/airflow/dags/Hw6_ETL_User_Session.py
[2025-03-17T01:13:24.856+0000] {processor.py:914} INFO - Processing file /opt/airflow/dags/Hw6_ETL_User_Session.py for tasks to queue
[2025-03-17T01:13:24.857+0000] {logging_mixin.py:190} INFO - [2025-03-17T01:13:24.856+0000] {dagbag.py:587} INFO - Filling up the DagBag from /opt/airflow/dags/Hw6_ETL_User_Session.py
[2025-03-17T01:13:24.867+0000] {processor.py:925} INFO - DAG(s) 'Hw6_ETL_user_sessions' retrieved from /opt/airflow/dags/Hw6_ETL_User_Session.py
[2025-03-17T01:13:24.883+0000] {logging_mixin.py:190} INFO - [2025-03-17T01:13:24.883+0000] {dag.py:3229} INFO - Sync 1 DAGs
[2025-03-17T01:13:24.895+0000] {logging_mixin.py:190} INFO - [2025-03-17T01:13:24.894+0000] {dag.py:4156} INFO - Setting next_dagrun for Hw6_ETL_user_sessions to 2025-03-15 03:30:00+00:00, run_after=2025-03-16 03:30:00+00:00
[2025-03-17T01:13:24.901+0000] {processor.py:208} INFO - Processing /opt/airflow/dags/Hw6_ETL_User_Session.py took 0.059 seconds
[2025-03-17T01:13:55.253+0000] {processor.py:186} INFO - Started process (PID=6575) to work on /opt/airflow/dags/Hw6_ETL_User_Session.py
[2025-03-17T01:13:55.259+0000] {processor.py:914} INFO - Processing file /opt/airflow/dags/Hw6_ETL_User_Session.py for tasks to queue
[2025-03-17T01:13:55.261+0000] {logging_mixin.py:190} INFO - [2025-03-17T01:13:55.260+0000] {dagbag.py:587} INFO - Filling up the DagBag from /opt/airflow/dags/Hw6_ETL_User_Session.py
[2025-03-17T01:13:55.284+0000] {processor.py:925} INFO - DAG(s) 'Hw6_ETL_user_sessions' retrieved from /opt/airflow/dags/Hw6_ETL_User_Session.py
[2025-03-17T01:13:55.320+0000] {logging_mixin.py:190} INFO - [2025-03-17T01:13:55.320+0000] {dag.py:3229} INFO - Sync 1 DAGs
[2025-03-17T01:13:55.339+0000] {logging_mixin.py:190} INFO - [2025-03-17T01:13:55.339+0000] {dag.py:4156} INFO - Setting next_dagrun for Hw6_ETL_user_sessions to 2025-03-15 03:30:00+00:00, run_after=2025-03-16 03:30:00+00:00
[2025-03-17T01:13:55.355+0000] {processor.py:208} INFO - Processing /opt/airflow/dags/Hw6_ETL_User_Session.py took 0.115 seconds
[2025-03-17T01:14:25.546+0000] {processor.py:186} INFO - Started process (PID=6605) to work on /opt/airflow/dags/Hw6_ETL_User_Session.py
[2025-03-17T01:14:25.549+0000] {processor.py:914} INFO - Processing file /opt/airflow/dags/Hw6_ETL_User_Session.py for tasks to queue
[2025-03-17T01:14:25.551+0000] {logging_mixin.py:190} INFO - [2025-03-17T01:14:25.551+0000] {dagbag.py:587} INFO - Filling up the DagBag from /opt/airflow/dags/Hw6_ETL_User_Session.py
[2025-03-17T01:14:25.591+0000] {processor.py:925} INFO - DAG(s) 'Hw6_ETL_user_sessions' retrieved from /opt/airflow/dags/Hw6_ETL_User_Session.py
[2025-03-17T01:14:25.616+0000] {logging_mixin.py:190} INFO - [2025-03-17T01:14:25.616+0000] {dag.py:3229} INFO - Sync 1 DAGs
[2025-03-17T01:14:25.641+0000] {logging_mixin.py:190} INFO - [2025-03-17T01:14:25.641+0000] {dag.py:4156} INFO - Setting next_dagrun for Hw6_ETL_user_sessions to 2025-03-15 03:30:00+00:00, run_after=2025-03-16 03:30:00+00:00
[2025-03-17T01:14:25.651+0000] {processor.py:208} INFO - Processing /opt/airflow/dags/Hw6_ETL_User_Session.py took 0.119 seconds
[2025-03-17T01:14:56.064+0000] {processor.py:186} INFO - Started process (PID=6636) to work on /opt/airflow/dags/Hw6_ETL_User_Session.py
[2025-03-17T01:14:56.067+0000] {processor.py:914} INFO - Processing file /opt/airflow/dags/Hw6_ETL_User_Session.py for tasks to queue
[2025-03-17T01:14:56.069+0000] {logging_mixin.py:190} INFO - [2025-03-17T01:14:56.068+0000] {dagbag.py:587} INFO - Filling up the DagBag from /opt/airflow/dags/Hw6_ETL_User_Session.py
[2025-03-17T01:14:56.088+0000] {processor.py:925} INFO - DAG(s) 'Hw6_ETL_user_sessions' retrieved from /opt/airflow/dags/Hw6_ETL_User_Session.py
[2025-03-17T01:14:56.110+0000] {logging_mixin.py:190} INFO - [2025-03-17T01:14:56.110+0000] {dag.py:3229} INFO - Sync 1 DAGs
[2025-03-17T01:14:56.134+0000] {logging_mixin.py:190} INFO - [2025-03-17T01:14:56.133+0000] {dag.py:4156} INFO - Setting next_dagrun for Hw6_ETL_user_sessions to 2025-03-15 03:30:00+00:00, run_after=2025-03-16 03:30:00+00:00
[2025-03-17T01:14:56.145+0000] {processor.py:208} INFO - Processing /opt/airflow/dags/Hw6_ETL_User_Session.py took 0.110 seconds
[2025-03-17T01:15:26.333+0000] {processor.py:186} INFO - Started process (PID=6667) to work on /opt/airflow/dags/Hw6_ETL_User_Session.py
[2025-03-17T01:15:26.336+0000] {processor.py:914} INFO - Processing file /opt/airflow/dags/Hw6_ETL_User_Session.py for tasks to queue
[2025-03-17T01:15:26.337+0000] {logging_mixin.py:190} INFO - [2025-03-17T01:15:26.336+0000] {dagbag.py:587} INFO - Filling up the DagBag from /opt/airflow/dags/Hw6_ETL_User_Session.py
[2025-03-17T01:15:26.347+0000] {processor.py:925} INFO - DAG(s) 'Hw6_ETL_user_sessions' retrieved from /opt/airflow/dags/Hw6_ETL_User_Session.py
[2025-03-17T01:15:26.364+0000] {logging_mixin.py:190} INFO - [2025-03-17T01:15:26.364+0000] {dag.py:3229} INFO - Sync 1 DAGs
[2025-03-17T01:15:26.379+0000] {logging_mixin.py:190} INFO - [2025-03-17T01:15:26.378+0000] {dag.py:4156} INFO - Setting next_dagrun for Hw6_ETL_user_sessions to 2025-03-15 03:30:00+00:00, run_after=2025-03-16 03:30:00+00:00
[2025-03-17T01:15:26.386+0000] {processor.py:208} INFO - Processing /opt/airflow/dags/Hw6_ETL_User_Session.py took 0.063 seconds
[2025-03-17T01:15:56.755+0000] {processor.py:186} INFO - Started process (PID=6698) to work on /opt/airflow/dags/Hw6_ETL_User_Session.py
[2025-03-17T01:15:56.758+0000] {processor.py:914} INFO - Processing file /opt/airflow/dags/Hw6_ETL_User_Session.py for tasks to queue
[2025-03-17T01:15:56.762+0000] {logging_mixin.py:190} INFO - [2025-03-17T01:15:56.761+0000] {dagbag.py:587} INFO - Filling up the DagBag from /opt/airflow/dags/Hw6_ETL_User_Session.py
[2025-03-17T01:15:56.778+0000] {processor.py:925} INFO - DAG(s) 'Hw6_ETL_user_sessions' retrieved from /opt/airflow/dags/Hw6_ETL_User_Session.py
[2025-03-17T01:15:56.800+0000] {logging_mixin.py:190} INFO - [2025-03-17T01:15:56.800+0000] {dag.py:3229} INFO - Sync 1 DAGs
[2025-03-17T01:15:56.820+0000] {logging_mixin.py:190} INFO - [2025-03-17T01:15:56.820+0000] {dag.py:4156} INFO - Setting next_dagrun for Hw6_ETL_user_sessions to 2025-03-15 03:30:00+00:00, run_after=2025-03-16 03:30:00+00:00
[2025-03-17T01:15:56.829+0000] {processor.py:208} INFO - Processing /opt/airflow/dags/Hw6_ETL_User_Session.py took 0.098 seconds
[2025-03-17T01:16:27.046+0000] {processor.py:186} INFO - Started process (PID=6729) to work on /opt/airflow/dags/Hw6_ETL_User_Session.py
[2025-03-17T01:16:27.049+0000] {processor.py:914} INFO - Processing file /opt/airflow/dags/Hw6_ETL_User_Session.py for tasks to queue
[2025-03-17T01:16:27.050+0000] {logging_mixin.py:190} INFO - [2025-03-17T01:16:27.050+0000] {dagbag.py:587} INFO - Filling up the DagBag from /opt/airflow/dags/Hw6_ETL_User_Session.py
[2025-03-17T01:16:27.067+0000] {processor.py:925} INFO - DAG(s) 'Hw6_ETL_user_sessions' retrieved from /opt/airflow/dags/Hw6_ETL_User_Session.py
[2025-03-17T01:16:27.106+0000] {logging_mixin.py:190} INFO - [2025-03-17T01:16:27.106+0000] {dag.py:3229} INFO - Sync 1 DAGs
[2025-03-17T01:16:27.126+0000] {logging_mixin.py:190} INFO - [2025-03-17T01:16:27.126+0000] {dag.py:4156} INFO - Setting next_dagrun for Hw6_ETL_user_sessions to 2025-03-15 03:30:00+00:00, run_after=2025-03-16 03:30:00+00:00
[2025-03-17T01:16:27.136+0000] {processor.py:208} INFO - Processing /opt/airflow/dags/Hw6_ETL_User_Session.py took 0.102 seconds
[2025-03-17T01:16:57.409+0000] {processor.py:186} INFO - Started process (PID=6760) to work on /opt/airflow/dags/Hw6_ETL_User_Session.py
[2025-03-17T01:16:57.410+0000] {processor.py:914} INFO - Processing file /opt/airflow/dags/Hw6_ETL_User_Session.py for tasks to queue
[2025-03-17T01:16:57.412+0000] {logging_mixin.py:190} INFO - [2025-03-17T01:16:57.411+0000] {dagbag.py:587} INFO - Filling up the DagBag from /opt/airflow/dags/Hw6_ETL_User_Session.py
[2025-03-17T01:16:57.426+0000] {processor.py:925} INFO - DAG(s) 'Hw6_ETL_user_sessions' retrieved from /opt/airflow/dags/Hw6_ETL_User_Session.py
[2025-03-17T01:16:57.457+0000] {logging_mixin.py:190} INFO - [2025-03-17T01:16:57.457+0000] {dag.py:3229} INFO - Sync 1 DAGs
[2025-03-17T01:16:57.477+0000] {logging_mixin.py:190} INFO - [2025-03-17T01:16:57.477+0000] {dag.py:4156} INFO - Setting next_dagrun for Hw6_ETL_user_sessions to 2025-03-15 03:30:00+00:00, run_after=2025-03-16 03:30:00+00:00
[2025-03-17T01:16:57.487+0000] {processor.py:208} INFO - Processing /opt/airflow/dags/Hw6_ETL_User_Session.py took 0.090 seconds
[2025-03-17T01:17:27.867+0000] {processor.py:186} INFO - Started process (PID=6796) to work on /opt/airflow/dags/Hw6_ETL_User_Session.py
[2025-03-17T01:17:27.869+0000] {processor.py:914} INFO - Processing file /opt/airflow/dags/Hw6_ETL_User_Session.py for tasks to queue
[2025-03-17T01:17:27.871+0000] {logging_mixin.py:190} INFO - [2025-03-17T01:17:27.870+0000] {dagbag.py:587} INFO - Filling up the DagBag from /opt/airflow/dags/Hw6_ETL_User_Session.py
[2025-03-17T01:17:27.904+0000] {processor.py:925} INFO - DAG(s) 'Hw6_ETL_user_sessions' retrieved from /opt/airflow/dags/Hw6_ETL_User_Session.py
[2025-03-17T01:17:27.928+0000] {logging_mixin.py:190} INFO - [2025-03-17T01:17:27.928+0000] {dag.py:3229} INFO - Sync 1 DAGs
[2025-03-17T01:17:27.956+0000] {logging_mixin.py:190} INFO - [2025-03-17T01:17:27.956+0000] {dag.py:4156} INFO - Setting next_dagrun for Hw6_ETL_user_sessions to 2025-03-15 03:30:00+00:00, run_after=2025-03-16 03:30:00+00:00
[2025-03-17T01:17:27.966+0000] {processor.py:208} INFO - Processing /opt/airflow/dags/Hw6_ETL_User_Session.py took 0.109 seconds
[2025-03-17T01:17:58.192+0000] {processor.py:186} INFO - Started process (PID=6827) to work on /opt/airflow/dags/Hw6_ETL_User_Session.py
[2025-03-17T01:17:58.194+0000] {processor.py:914} INFO - Processing file /opt/airflow/dags/Hw6_ETL_User_Session.py for tasks to queue
[2025-03-17T01:17:58.196+0000] {logging_mixin.py:190} INFO - [2025-03-17T01:17:58.196+0000] {dagbag.py:587} INFO - Filling up the DagBag from /opt/airflow/dags/Hw6_ETL_User_Session.py
[2025-03-17T01:17:58.223+0000] {processor.py:925} INFO - DAG(s) 'Hw6_ETL_user_sessions' retrieved from /opt/airflow/dags/Hw6_ETL_User_Session.py
[2025-03-17T01:17:58.247+0000] {logging_mixin.py:190} INFO - [2025-03-17T01:17:58.247+0000] {dag.py:3229} INFO - Sync 1 DAGs
[2025-03-17T01:17:58.267+0000] {logging_mixin.py:190} INFO - [2025-03-17T01:17:58.267+0000] {dag.py:4156} INFO - Setting next_dagrun for Hw6_ETL_user_sessions to 2025-03-15 03:30:00+00:00, run_after=2025-03-16 03:30:00+00:00
[2025-03-17T01:17:58.276+0000] {processor.py:208} INFO - Processing /opt/airflow/dags/Hw6_ETL_User_Session.py took 0.097 seconds
[2025-03-17T01:18:28.425+0000] {processor.py:186} INFO - Started process (PID=6858) to work on /opt/airflow/dags/Hw6_ETL_User_Session.py
[2025-03-17T01:18:28.428+0000] {processor.py:914} INFO - Processing file /opt/airflow/dags/Hw6_ETL_User_Session.py for tasks to queue
[2025-03-17T01:18:28.431+0000] {logging_mixin.py:190} INFO - [2025-03-17T01:18:28.430+0000] {dagbag.py:587} INFO - Filling up the DagBag from /opt/airflow/dags/Hw6_ETL_User_Session.py
[2025-03-17T01:18:28.461+0000] {processor.py:925} INFO - DAG(s) 'Hw6_ETL_user_sessions' retrieved from /opt/airflow/dags/Hw6_ETL_User_Session.py
[2025-03-17T01:18:28.499+0000] {logging_mixin.py:190} INFO - [2025-03-17T01:18:28.499+0000] {dag.py:3229} INFO - Sync 1 DAGs
[2025-03-17T01:18:28.549+0000] {logging_mixin.py:190} INFO - [2025-03-17T01:18:28.549+0000] {dag.py:4156} INFO - Setting next_dagrun for Hw6_ETL_user_sessions to 2025-03-15 03:30:00+00:00, run_after=2025-03-16 03:30:00+00:00
[2025-03-17T01:18:28.567+0000] {processor.py:208} INFO - Processing /opt/airflow/dags/Hw6_ETL_User_Session.py took 0.155 seconds
[2025-03-17T01:18:59.097+0000] {processor.py:186} INFO - Started process (PID=6889) to work on /opt/airflow/dags/Hw6_ETL_User_Session.py
[2025-03-17T01:18:59.107+0000] {processor.py:914} INFO - Processing file /opt/airflow/dags/Hw6_ETL_User_Session.py for tasks to queue
[2025-03-17T01:18:59.116+0000] {logging_mixin.py:190} INFO - [2025-03-17T01:18:59.115+0000] {dagbag.py:587} INFO - Filling up the DagBag from /opt/airflow/dags/Hw6_ETL_User_Session.py
[2025-03-17T01:18:59.144+0000] {processor.py:925} INFO - DAG(s) 'Hw6_ETL_user_sessions' retrieved from /opt/airflow/dags/Hw6_ETL_User_Session.py
[2025-03-17T01:18:59.178+0000] {logging_mixin.py:190} INFO - [2025-03-17T01:18:59.178+0000] {dag.py:3229} INFO - Sync 1 DAGs
[2025-03-17T01:18:59.198+0000] {logging_mixin.py:190} INFO - [2025-03-17T01:18:59.198+0000] {dag.py:4156} INFO - Setting next_dagrun for Hw6_ETL_user_sessions to 2025-03-15 03:30:00+00:00, run_after=2025-03-16 03:30:00+00:00
[2025-03-17T01:18:59.217+0000] {processor.py:208} INFO - Processing /opt/airflow/dags/Hw6_ETL_User_Session.py took 0.130 seconds
[2025-03-17T01:19:29.490+0000] {processor.py:186} INFO - Started process (PID=6920) to work on /opt/airflow/dags/Hw6_ETL_User_Session.py
[2025-03-17T01:19:29.492+0000] {processor.py:914} INFO - Processing file /opt/airflow/dags/Hw6_ETL_User_Session.py for tasks to queue
[2025-03-17T01:19:29.493+0000] {logging_mixin.py:190} INFO - [2025-03-17T01:19:29.493+0000] {dagbag.py:587} INFO - Filling up the DagBag from /opt/airflow/dags/Hw6_ETL_User_Session.py
[2025-03-17T01:19:29.507+0000] {processor.py:925} INFO - DAG(s) 'Hw6_ETL_user_sessions' retrieved from /opt/airflow/dags/Hw6_ETL_User_Session.py
[2025-03-17T01:19:29.529+0000] {logging_mixin.py:190} INFO - [2025-03-17T01:19:29.529+0000] {dag.py:3229} INFO - Sync 1 DAGs
[2025-03-17T01:19:29.551+0000] {logging_mixin.py:190} INFO - [2025-03-17T01:19:29.551+0000] {dag.py:4156} INFO - Setting next_dagrun for Hw6_ETL_user_sessions to 2025-03-15 03:30:00+00:00, run_after=2025-03-16 03:30:00+00:00
[2025-03-17T01:19:29.564+0000] {processor.py:208} INFO - Processing /opt/airflow/dags/Hw6_ETL_User_Session.py took 0.097 seconds
[2025-03-17T01:19:59.743+0000] {processor.py:186} INFO - Started process (PID=6951) to work on /opt/airflow/dags/Hw6_ETL_User_Session.py
[2025-03-17T01:19:59.748+0000] {processor.py:914} INFO - Processing file /opt/airflow/dags/Hw6_ETL_User_Session.py for tasks to queue
[2025-03-17T01:19:59.752+0000] {logging_mixin.py:190} INFO - [2025-03-17T01:19:59.751+0000] {dagbag.py:587} INFO - Filling up the DagBag from /opt/airflow/dags/Hw6_ETL_User_Session.py
[2025-03-17T01:19:59.786+0000] {processor.py:925} INFO - DAG(s) 'Hw6_ETL_user_sessions' retrieved from /opt/airflow/dags/Hw6_ETL_User_Session.py
[2025-03-17T01:19:59.811+0000] {logging_mixin.py:190} INFO - [2025-03-17T01:19:59.811+0000] {dag.py:3229} INFO - Sync 1 DAGs
[2025-03-17T01:19:59.828+0000] {logging_mixin.py:190} INFO - [2025-03-17T01:19:59.828+0000] {dag.py:4156} INFO - Setting next_dagrun for Hw6_ETL_user_sessions to 2025-03-15 03:30:00+00:00, run_after=2025-03-16 03:30:00+00:00
[2025-03-17T01:19:59.837+0000] {processor.py:208} INFO - Processing /opt/airflow/dags/Hw6_ETL_User_Session.py took 0.109 seconds
[2025-03-17T01:20:29.998+0000] {processor.py:186} INFO - Started process (PID=6982) to work on /opt/airflow/dags/Hw6_ETL_User_Session.py
[2025-03-17T01:20:30.000+0000] {processor.py:914} INFO - Processing file /opt/airflow/dags/Hw6_ETL_User_Session.py for tasks to queue
[2025-03-17T01:20:30.004+0000] {logging_mixin.py:190} INFO - [2025-03-17T01:20:30.002+0000] {dagbag.py:587} INFO - Filling up the DagBag from /opt/airflow/dags/Hw6_ETL_User_Session.py
[2025-03-17T01:20:30.033+0000] {processor.py:925} INFO - DAG(s) 'Hw6_ETL_user_sessions' retrieved from /opt/airflow/dags/Hw6_ETL_User_Session.py
[2025-03-17T01:20:30.068+0000] {logging_mixin.py:190} INFO - [2025-03-17T01:20:30.068+0000] {dag.py:3229} INFO - Sync 1 DAGs
[2025-03-17T01:20:30.106+0000] {logging_mixin.py:190} INFO - [2025-03-17T01:20:30.106+0000] {dag.py:4156} INFO - Setting next_dagrun for Hw6_ETL_user_sessions to 2025-03-15 03:30:00+00:00, run_after=2025-03-16 03:30:00+00:00
[2025-03-17T01:20:30.119+0000] {processor.py:208} INFO - Processing /opt/airflow/dags/Hw6_ETL_User_Session.py took 0.131 seconds
[2025-03-17T01:21:00.315+0000] {processor.py:186} INFO - Started process (PID=7013) to work on /opt/airflow/dags/Hw6_ETL_User_Session.py
[2025-03-17T01:21:00.317+0000] {processor.py:914} INFO - Processing file /opt/airflow/dags/Hw6_ETL_User_Session.py for tasks to queue
[2025-03-17T01:21:00.318+0000] {logging_mixin.py:190} INFO - [2025-03-17T01:21:00.317+0000] {dagbag.py:587} INFO - Filling up the DagBag from /opt/airflow/dags/Hw6_ETL_User_Session.py
[2025-03-17T01:21:00.334+0000] {processor.py:925} INFO - DAG(s) 'Hw6_ETL_user_sessions' retrieved from /opt/airflow/dags/Hw6_ETL_User_Session.py
[2025-03-17T01:21:00.362+0000] {logging_mixin.py:190} INFO - [2025-03-17T01:21:00.362+0000] {dag.py:3229} INFO - Sync 1 DAGs
[2025-03-17T01:21:00.381+0000] {logging_mixin.py:190} INFO - [2025-03-17T01:21:00.381+0000] {dag.py:4156} INFO - Setting next_dagrun for Hw6_ETL_user_sessions to 2025-03-15 03:30:00+00:00, run_after=2025-03-16 03:30:00+00:00
[2025-03-17T01:21:00.392+0000] {processor.py:208} INFO - Processing /opt/airflow/dags/Hw6_ETL_User_Session.py took 0.085 seconds
[2025-03-17T01:21:30.616+0000] {processor.py:186} INFO - Started process (PID=7044) to work on /opt/airflow/dags/Hw6_ETL_User_Session.py
[2025-03-17T01:21:30.620+0000] {processor.py:914} INFO - Processing file /opt/airflow/dags/Hw6_ETL_User_Session.py for tasks to queue
[2025-03-17T01:21:30.622+0000] {logging_mixin.py:190} INFO - [2025-03-17T01:21:30.621+0000] {dagbag.py:587} INFO - Filling up the DagBag from /opt/airflow/dags/Hw6_ETL_User_Session.py
[2025-03-17T01:21:30.641+0000] {processor.py:925} INFO - DAG(s) 'Hw6_ETL_user_sessions' retrieved from /opt/airflow/dags/Hw6_ETL_User_Session.py
[2025-03-17T01:21:30.696+0000] {logging_mixin.py:190} INFO - [2025-03-17T01:21:30.696+0000] {dag.py:3229} INFO - Sync 1 DAGs
[2025-03-17T01:21:30.728+0000] {logging_mixin.py:190} INFO - [2025-03-17T01:21:30.728+0000] {dag.py:4156} INFO - Setting next_dagrun for Hw6_ETL_user_sessions to 2025-03-15 03:30:00+00:00, run_after=2025-03-16 03:30:00+00:00
[2025-03-17T01:21:30.752+0000] {processor.py:208} INFO - Processing /opt/airflow/dags/Hw6_ETL_User_Session.py took 0.158 seconds
[2025-03-17T01:22:00.963+0000] {processor.py:186} INFO - Started process (PID=7075) to work on /opt/airflow/dags/Hw6_ETL_User_Session.py
[2025-03-17T01:22:00.965+0000] {processor.py:914} INFO - Processing file /opt/airflow/dags/Hw6_ETL_User_Session.py for tasks to queue
[2025-03-17T01:22:00.968+0000] {logging_mixin.py:190} INFO - [2025-03-17T01:22:00.967+0000] {dagbag.py:587} INFO - Filling up the DagBag from /opt/airflow/dags/Hw6_ETL_User_Session.py
[2025-03-17T01:22:00.987+0000] {processor.py:925} INFO - DAG(s) 'Hw6_ETL_user_sessions' retrieved from /opt/airflow/dags/Hw6_ETL_User_Session.py
[2025-03-17T01:22:01.040+0000] {logging_mixin.py:190} INFO - [2025-03-17T01:22:01.040+0000] {dag.py:3229} INFO - Sync 1 DAGs
[2025-03-17T01:22:01.067+0000] {logging_mixin.py:190} INFO - [2025-03-17T01:22:01.067+0000] {dag.py:4156} INFO - Setting next_dagrun for Hw6_ETL_user_sessions to 2025-03-15 03:30:00+00:00, run_after=2025-03-16 03:30:00+00:00
[2025-03-17T01:22:01.079+0000] {processor.py:208} INFO - Processing /opt/airflow/dags/Hw6_ETL_User_Session.py took 0.130 seconds
[2025-03-17T01:22:31.300+0000] {processor.py:186} INFO - Started process (PID=7106) to work on /opt/airflow/dags/Hw6_ETL_User_Session.py
[2025-03-17T01:22:31.302+0000] {processor.py:914} INFO - Processing file /opt/airflow/dags/Hw6_ETL_User_Session.py for tasks to queue
[2025-03-17T01:22:31.302+0000] {logging_mixin.py:190} INFO - [2025-03-17T01:22:31.302+0000] {dagbag.py:587} INFO - Filling up the DagBag from /opt/airflow/dags/Hw6_ETL_User_Session.py
[2025-03-17T01:22:31.314+0000] {processor.py:925} INFO - DAG(s) 'Hw6_ETL_user_sessions' retrieved from /opt/airflow/dags/Hw6_ETL_User_Session.py
[2025-03-17T01:22:31.335+0000] {logging_mixin.py:190} INFO - [2025-03-17T01:22:31.335+0000] {dag.py:3229} INFO - Sync 1 DAGs
[2025-03-17T01:22:31.354+0000] {logging_mixin.py:190} INFO - [2025-03-17T01:22:31.354+0000] {dag.py:4156} INFO - Setting next_dagrun for Hw6_ETL_user_sessions to 2025-03-15 03:30:00+00:00, run_after=2025-03-16 03:30:00+00:00
[2025-03-17T01:22:31.379+0000] {processor.py:208} INFO - Processing /opt/airflow/dags/Hw6_ETL_User_Session.py took 0.085 seconds
[2025-03-17T01:23:01.490+0000] {processor.py:186} INFO - Started process (PID=7137) to work on /opt/airflow/dags/Hw6_ETL_User_Session.py
[2025-03-17T01:23:01.491+0000] {processor.py:914} INFO - Processing file /opt/airflow/dags/Hw6_ETL_User_Session.py for tasks to queue
[2025-03-17T01:23:01.492+0000] {logging_mixin.py:190} INFO - [2025-03-17T01:23:01.492+0000] {dagbag.py:587} INFO - Filling up the DagBag from /opt/airflow/dags/Hw6_ETL_User_Session.py
[2025-03-17T01:23:01.505+0000] {processor.py:925} INFO - DAG(s) 'Hw6_ETL_user_sessions' retrieved from /opt/airflow/dags/Hw6_ETL_User_Session.py
[2025-03-17T01:23:01.527+0000] {logging_mixin.py:190} INFO - [2025-03-17T01:23:01.527+0000] {dag.py:3229} INFO - Sync 1 DAGs
[2025-03-17T01:23:01.541+0000] {logging_mixin.py:190} INFO - [2025-03-17T01:23:01.541+0000] {dag.py:4156} INFO - Setting next_dagrun for Hw6_ETL_user_sessions to 2025-03-15 03:30:00+00:00, run_after=2025-03-16 03:30:00+00:00
[2025-03-17T01:23:01.549+0000] {processor.py:208} INFO - Processing /opt/airflow/dags/Hw6_ETL_User_Session.py took 0.093 seconds
[2025-03-17T01:23:31.904+0000] {processor.py:186} INFO - Started process (PID=7166) to work on /opt/airflow/dags/Hw6_ETL_User_Session.py
[2025-03-17T01:23:31.905+0000] {processor.py:914} INFO - Processing file /opt/airflow/dags/Hw6_ETL_User_Session.py for tasks to queue
[2025-03-17T01:23:31.906+0000] {logging_mixin.py:190} INFO - [2025-03-17T01:23:31.906+0000] {dagbag.py:587} INFO - Filling up the DagBag from /opt/airflow/dags/Hw6_ETL_User_Session.py
[2025-03-17T01:23:31.915+0000] {processor.py:925} INFO - DAG(s) 'Hw6_ETL_user_sessions' retrieved from /opt/airflow/dags/Hw6_ETL_User_Session.py
[2025-03-17T01:23:31.958+0000] {logging_mixin.py:190} INFO - [2025-03-17T01:23:31.958+0000] {dag.py:3229} INFO - Sync 1 DAGs
[2025-03-17T01:23:31.978+0000] {logging_mixin.py:190} INFO - [2025-03-17T01:23:31.977+0000] {dag.py:4156} INFO - Setting next_dagrun for Hw6_ETL_user_sessions to 2025-03-15 03:30:00+00:00, run_after=2025-03-16 03:30:00+00:00
[2025-03-17T01:23:32.000+0000] {processor.py:208} INFO - Processing /opt/airflow/dags/Hw6_ETL_User_Session.py took 0.104 seconds
[2025-03-17T01:24:02.581+0000] {processor.py:186} INFO - Started process (PID=7189) to work on /opt/airflow/dags/Hw6_ETL_User_Session.py
[2025-03-17T01:24:02.583+0000] {processor.py:914} INFO - Processing file /opt/airflow/dags/Hw6_ETL_User_Session.py for tasks to queue
[2025-03-17T01:24:02.585+0000] {logging_mixin.py:190} INFO - [2025-03-17T01:24:02.584+0000] {dagbag.py:587} INFO - Filling up the DagBag from /opt/airflow/dags/Hw6_ETL_User_Session.py
[2025-03-17T01:24:02.601+0000] {processor.py:925} INFO - DAG(s) 'Hw6_ETL_user_sessions' retrieved from /opt/airflow/dags/Hw6_ETL_User_Session.py
[2025-03-17T01:24:02.630+0000] {logging_mixin.py:190} INFO - [2025-03-17T01:24:02.629+0000] {dag.py:3229} INFO - Sync 1 DAGs
[2025-03-17T01:24:02.646+0000] {logging_mixin.py:190} INFO - [2025-03-17T01:24:02.646+0000] {dag.py:4156} INFO - Setting next_dagrun for Hw6_ETL_user_sessions to 2025-03-15 03:30:00+00:00, run_after=2025-03-16 03:30:00+00:00
[2025-03-17T01:24:02.655+0000] {processor.py:208} INFO - Processing /opt/airflow/dags/Hw6_ETL_User_Session.py took 0.084 seconds
[2025-03-17T01:24:32.826+0000] {processor.py:186} INFO - Started process (PID=7220) to work on /opt/airflow/dags/Hw6_ETL_User_Session.py
[2025-03-17T01:24:32.828+0000] {processor.py:914} INFO - Processing file /opt/airflow/dags/Hw6_ETL_User_Session.py for tasks to queue
[2025-03-17T01:24:32.830+0000] {logging_mixin.py:190} INFO - [2025-03-17T01:24:32.830+0000] {dagbag.py:587} INFO - Filling up the DagBag from /opt/airflow/dags/Hw6_ETL_User_Session.py
[2025-03-17T01:24:32.846+0000] {processor.py:925} INFO - DAG(s) 'Hw6_ETL_user_sessions' retrieved from /opt/airflow/dags/Hw6_ETL_User_Session.py
[2025-03-17T01:24:32.885+0000] {logging_mixin.py:190} INFO - [2025-03-17T01:24:32.885+0000] {dag.py:3229} INFO - Sync 1 DAGs
[2025-03-17T01:24:32.903+0000] {logging_mixin.py:190} INFO - [2025-03-17T01:24:32.903+0000] {dag.py:4156} INFO - Setting next_dagrun for Hw6_ETL_user_sessions to 2025-03-15 03:30:00+00:00, run_after=2025-03-16 03:30:00+00:00
[2025-03-17T01:24:32.912+0000] {processor.py:208} INFO - Processing /opt/airflow/dags/Hw6_ETL_User_Session.py took 0.101 seconds
[2025-03-17T01:25:04.021+0000] {processor.py:186} INFO - Started process (PID=7251) to work on /opt/airflow/dags/Hw6_ETL_User_Session.py
[2025-03-17T01:25:04.024+0000] {processor.py:914} INFO - Processing file /opt/airflow/dags/Hw6_ETL_User_Session.py for tasks to queue
[2025-03-17T01:25:04.029+0000] {logging_mixin.py:190} INFO - [2025-03-17T01:25:04.028+0000] {dagbag.py:587} INFO - Filling up the DagBag from /opt/airflow/dags/Hw6_ETL_User_Session.py
[2025-03-17T01:25:04.059+0000] {processor.py:925} INFO - DAG(s) 'Hw6_ETL_user_sessions' retrieved from /opt/airflow/dags/Hw6_ETL_User_Session.py
[2025-03-17T01:25:04.099+0000] {logging_mixin.py:190} INFO - [2025-03-17T01:25:04.099+0000] {dag.py:3229} INFO - Sync 1 DAGs
[2025-03-17T01:25:04.123+0000] {logging_mixin.py:190} INFO - [2025-03-17T01:25:04.123+0000] {dag.py:4156} INFO - Setting next_dagrun for Hw6_ETL_user_sessions to 2025-03-15 03:30:00+00:00, run_after=2025-03-16 03:30:00+00:00
[2025-03-17T01:25:04.133+0000] {processor.py:208} INFO - Processing /opt/airflow/dags/Hw6_ETL_User_Session.py took 0.146 seconds
[2025-03-17T01:25:34.271+0000] {processor.py:186} INFO - Started process (PID=7282) to work on /opt/airflow/dags/Hw6_ETL_User_Session.py
[2025-03-17T01:25:34.273+0000] {processor.py:914} INFO - Processing file /opt/airflow/dags/Hw6_ETL_User_Session.py for tasks to queue
[2025-03-17T01:25:34.275+0000] {logging_mixin.py:190} INFO - [2025-03-17T01:25:34.275+0000] {dagbag.py:587} INFO - Filling up the DagBag from /opt/airflow/dags/Hw6_ETL_User_Session.py
[2025-03-17T01:25:34.290+0000] {processor.py:925} INFO - DAG(s) 'Hw6_ETL_user_sessions' retrieved from /opt/airflow/dags/Hw6_ETL_User_Session.py
[2025-03-17T01:25:34.315+0000] {logging_mixin.py:190} INFO - [2025-03-17T01:25:34.315+0000] {dag.py:3229} INFO - Sync 1 DAGs
[2025-03-17T01:25:34.332+0000] {logging_mixin.py:190} INFO - [2025-03-17T01:25:34.332+0000] {dag.py:4156} INFO - Setting next_dagrun for Hw6_ETL_user_sessions to 2025-03-15 03:30:00+00:00, run_after=2025-03-16 03:30:00+00:00
[2025-03-17T01:25:34.340+0000] {processor.py:208} INFO - Processing /opt/airflow/dags/Hw6_ETL_User_Session.py took 0.095 seconds
[2025-03-17T01:26:04.617+0000] {processor.py:186} INFO - Started process (PID=7312) to work on /opt/airflow/dags/Hw6_ETL_User_Session.py
[2025-03-17T01:26:04.618+0000] {processor.py:914} INFO - Processing file /opt/airflow/dags/Hw6_ETL_User_Session.py for tasks to queue
[2025-03-17T01:26:04.619+0000] {logging_mixin.py:190} INFO - [2025-03-17T01:26:04.619+0000] {dagbag.py:587} INFO - Filling up the DagBag from /opt/airflow/dags/Hw6_ETL_User_Session.py
[2025-03-17T01:26:04.635+0000] {processor.py:925} INFO - DAG(s) 'Hw6_ETL_user_sessions' retrieved from /opt/airflow/dags/Hw6_ETL_User_Session.py
[2025-03-17T01:26:04.675+0000] {logging_mixin.py:190} INFO - [2025-03-17T01:26:04.675+0000] {dag.py:3229} INFO - Sync 1 DAGs
[2025-03-17T01:26:04.693+0000] {logging_mixin.py:190} INFO - [2025-03-17T01:26:04.693+0000] {dag.py:4156} INFO - Setting next_dagrun for Hw6_ETL_user_sessions to 2025-03-15 03:30:00+00:00, run_after=2025-03-16 03:30:00+00:00
[2025-03-17T01:26:04.703+0000] {processor.py:208} INFO - Processing /opt/airflow/dags/Hw6_ETL_User_Session.py took 0.096 seconds
[2025-03-17T01:26:35.205+0000] {processor.py:186} INFO - Started process (PID=7343) to work on /opt/airflow/dags/Hw6_ETL_User_Session.py
[2025-03-17T01:26:35.206+0000] {processor.py:914} INFO - Processing file /opt/airflow/dags/Hw6_ETL_User_Session.py for tasks to queue
[2025-03-17T01:26:35.207+0000] {logging_mixin.py:190} INFO - [2025-03-17T01:26:35.207+0000] {dagbag.py:587} INFO - Filling up the DagBag from /opt/airflow/dags/Hw6_ETL_User_Session.py
[2025-03-17T01:26:35.222+0000] {processor.py:925} INFO - DAG(s) 'Hw6_ETL_user_sessions' retrieved from /opt/airflow/dags/Hw6_ETL_User_Session.py
[2025-03-17T01:26:35.263+0000] {logging_mixin.py:190} INFO - [2025-03-17T01:26:35.263+0000] {dag.py:3229} INFO - Sync 1 DAGs
[2025-03-17T01:26:35.283+0000] {logging_mixin.py:190} INFO - [2025-03-17T01:26:35.283+0000] {dag.py:4156} INFO - Setting next_dagrun for Hw6_ETL_user_sessions to 2025-03-15 03:30:00+00:00, run_after=2025-03-16 03:30:00+00:00
[2025-03-17T01:26:35.293+0000] {processor.py:208} INFO - Processing /opt/airflow/dags/Hw6_ETL_User_Session.py took 0.097 seconds
[2025-03-17T01:27:05.666+0000] {processor.py:186} INFO - Started process (PID=7374) to work on /opt/airflow/dags/Hw6_ETL_User_Session.py
[2025-03-17T01:27:05.667+0000] {processor.py:914} INFO - Processing file /opt/airflow/dags/Hw6_ETL_User_Session.py for tasks to queue
[2025-03-17T01:27:05.670+0000] {logging_mixin.py:190} INFO - [2025-03-17T01:27:05.669+0000] {dagbag.py:587} INFO - Filling up the DagBag from /opt/airflow/dags/Hw6_ETL_User_Session.py
[2025-03-17T01:27:05.687+0000] {processor.py:925} INFO - DAG(s) 'Hw6_ETL_user_sessions' retrieved from /opt/airflow/dags/Hw6_ETL_User_Session.py
[2025-03-17T01:27:05.714+0000] {logging_mixin.py:190} INFO - [2025-03-17T01:27:05.714+0000] {dag.py:3229} INFO - Sync 1 DAGs
[2025-03-17T01:27:05.751+0000] {logging_mixin.py:190} INFO - [2025-03-17T01:27:05.750+0000] {dag.py:4156} INFO - Setting next_dagrun for Hw6_ETL_user_sessions to 2025-03-15 03:30:00+00:00, run_after=2025-03-16 03:30:00+00:00
[2025-03-17T01:27:05.764+0000] {processor.py:208} INFO - Processing /opt/airflow/dags/Hw6_ETL_User_Session.py took 0.116 seconds
[2025-03-17T01:27:35.947+0000] {processor.py:186} INFO - Started process (PID=7405) to work on /opt/airflow/dags/Hw6_ETL_User_Session.py
[2025-03-17T01:27:35.948+0000] {processor.py:914} INFO - Processing file /opt/airflow/dags/Hw6_ETL_User_Session.py for tasks to queue
[2025-03-17T01:27:35.950+0000] {logging_mixin.py:190} INFO - [2025-03-17T01:27:35.950+0000] {dagbag.py:587} INFO - Filling up the DagBag from /opt/airflow/dags/Hw6_ETL_User_Session.py
[2025-03-17T01:27:35.964+0000] {processor.py:925} INFO - DAG(s) 'Hw6_ETL_user_sessions' retrieved from /opt/airflow/dags/Hw6_ETL_User_Session.py
[2025-03-17T01:27:35.991+0000] {logging_mixin.py:190} INFO - [2025-03-17T01:27:35.991+0000] {dag.py:3229} INFO - Sync 1 DAGs
[2025-03-17T01:27:36.020+0000] {logging_mixin.py:190} INFO - [2025-03-17T01:27:36.020+0000] {dag.py:4156} INFO - Setting next_dagrun for Hw6_ETL_user_sessions to 2025-03-15 03:30:00+00:00, run_after=2025-03-16 03:30:00+00:00
[2025-03-17T01:27:36.029+0000] {processor.py:208} INFO - Processing /opt/airflow/dags/Hw6_ETL_User_Session.py took 0.091 seconds
[2025-03-17T01:28:06.319+0000] {processor.py:186} INFO - Started process (PID=7436) to work on /opt/airflow/dags/Hw6_ETL_User_Session.py
[2025-03-17T01:28:06.320+0000] {processor.py:914} INFO - Processing file /opt/airflow/dags/Hw6_ETL_User_Session.py for tasks to queue
[2025-03-17T01:28:06.321+0000] {logging_mixin.py:190} INFO - [2025-03-17T01:28:06.320+0000] {dagbag.py:587} INFO - Filling up the DagBag from /opt/airflow/dags/Hw6_ETL_User_Session.py
[2025-03-17T01:28:06.334+0000] {processor.py:925} INFO - DAG(s) 'Hw6_ETL_user_sessions' retrieved from /opt/airflow/dags/Hw6_ETL_User_Session.py
[2025-03-17T01:28:06.358+0000] {logging_mixin.py:190} INFO - [2025-03-17T01:28:06.357+0000] {dag.py:3229} INFO - Sync 1 DAGs
[2025-03-17T01:28:06.386+0000] {logging_mixin.py:190} INFO - [2025-03-17T01:28:06.386+0000] {dag.py:4156} INFO - Setting next_dagrun for Hw6_ETL_user_sessions to 2025-03-15 03:30:00+00:00, run_after=2025-03-16 03:30:00+00:00
[2025-03-17T01:28:06.396+0000] {processor.py:208} INFO - Processing /opt/airflow/dags/Hw6_ETL_User_Session.py took 0.087 seconds
[2025-03-17T01:28:36.755+0000] {processor.py:186} INFO - Started process (PID=7467) to work on /opt/airflow/dags/Hw6_ETL_User_Session.py
[2025-03-17T01:28:36.756+0000] {processor.py:914} INFO - Processing file /opt/airflow/dags/Hw6_ETL_User_Session.py for tasks to queue
[2025-03-17T01:28:36.757+0000] {logging_mixin.py:190} INFO - [2025-03-17T01:28:36.757+0000] {dagbag.py:587} INFO - Filling up the DagBag from /opt/airflow/dags/Hw6_ETL_User_Session.py
[2025-03-17T01:28:36.779+0000] {processor.py:925} INFO - DAG(s) 'Hw6_ETL_user_sessions' retrieved from /opt/airflow/dags/Hw6_ETL_User_Session.py
[2025-03-17T01:28:36.808+0000] {logging_mixin.py:190} INFO - [2025-03-17T01:28:36.807+0000] {dag.py:3229} INFO - Sync 1 DAGs
[2025-03-17T01:28:36.826+0000] {logging_mixin.py:190} INFO - [2025-03-17T01:28:36.826+0000] {dag.py:4156} INFO - Setting next_dagrun for Hw6_ETL_user_sessions to 2025-03-15 03:30:00+00:00, run_after=2025-03-16 03:30:00+00:00
[2025-03-17T01:28:36.835+0000] {processor.py:208} INFO - Processing /opt/airflow/dags/Hw6_ETL_User_Session.py took 0.091 seconds
[2025-03-17T01:28:52.666+0000] {processor.py:186} INFO - Started process (PID=7488) to work on /opt/airflow/dags/Hw6_ETL_User_Session.py
[2025-03-17T01:28:52.669+0000] {processor.py:914} INFO - Processing file /opt/airflow/dags/Hw6_ETL_User_Session.py for tasks to queue
[2025-03-17T01:28:52.671+0000] {logging_mixin.py:190} INFO - [2025-03-17T01:28:52.670+0000] {dagbag.py:587} INFO - Filling up the DagBag from /opt/airflow/dags/Hw6_ETL_User_Session.py
[2025-03-17T01:28:52.688+0000] {processor.py:925} INFO - DAG(s) 'Hw6_ETL_UserSessionToSnowflake' retrieved from /opt/airflow/dags/Hw6_ETL_User_Session.py
[2025-03-17T01:28:52.802+0000] {logging_mixin.py:190} INFO - [2025-03-17T01:28:52.800+0000] {override.py:1900} INFO - Created Permission View: can delete on DAG:Hw6_ETL_UserSessionToSnowflake
[2025-03-17T01:28:52.807+0000] {logging_mixin.py:190} INFO - [2025-03-17T01:28:52.807+0000] {override.py:1900} INFO - Created Permission View: can edit on DAG:Hw6_ETL_UserSessionToSnowflake
[2025-03-17T01:28:52.809+0000] {logging_mixin.py:190} INFO - [2025-03-17T01:28:52.809+0000] {override.py:1900} INFO - Created Permission View: can read on DAG:Hw6_ETL_UserSessionToSnowflake
[2025-03-17T01:28:52.810+0000] {logging_mixin.py:190} INFO - [2025-03-17T01:28:52.810+0000] {override.py:1900} INFO - Created Permission View: menu access on DAG Run:Hw6_ETL_UserSessionToSnowflake
[2025-03-17T01:28:52.812+0000] {logging_mixin.py:190} INFO - [2025-03-17T01:28:52.812+0000] {override.py:1900} INFO - Created Permission View: can create on DAG Run:Hw6_ETL_UserSessionToSnowflake
[2025-03-17T01:28:52.814+0000] {logging_mixin.py:190} INFO - [2025-03-17T01:28:52.814+0000] {override.py:1900} INFO - Created Permission View: can delete on DAG Run:Hw6_ETL_UserSessionToSnowflake
[2025-03-17T01:28:52.816+0000] {logging_mixin.py:190} INFO - [2025-03-17T01:28:52.816+0000] {override.py:1900} INFO - Created Permission View: can read on DAG Run:Hw6_ETL_UserSessionToSnowflake
[2025-03-17T01:28:52.816+0000] {logging_mixin.py:190} INFO - [2025-03-17T01:28:52.816+0000] {dag.py:3229} INFO - Sync 1 DAGs
[2025-03-17T01:28:52.825+0000] {logging_mixin.py:190} INFO - [2025-03-17T01:28:52.825+0000] {dag.py:3252} INFO - Creating ORM DAG for Hw6_ETL_UserSessionToSnowflake
[2025-03-17T01:28:52.830+0000] {logging_mixin.py:190} INFO - [2025-03-17T01:28:52.830+0000] {dag.py:4156} INFO - Setting next_dagrun for Hw6_ETL_UserSessionToSnowflake to 2025-03-15 03:30:00+00:00, run_after=2025-03-16 03:30:00+00:00
[2025-03-17T01:28:52.839+0000] {processor.py:208} INFO - Processing /opt/airflow/dags/Hw6_ETL_User_Session.py took 0.186 seconds
[2025-03-17T01:29:23.117+0000] {processor.py:186} INFO - Started process (PID=7519) to work on /opt/airflow/dags/Hw6_ETL_User_Session.py
[2025-03-17T01:29:23.119+0000] {processor.py:914} INFO - Processing file /opt/airflow/dags/Hw6_ETL_User_Session.py for tasks to queue
[2025-03-17T01:29:23.120+0000] {logging_mixin.py:190} INFO - [2025-03-17T01:29:23.120+0000] {dagbag.py:587} INFO - Filling up the DagBag from /opt/airflow/dags/Hw6_ETL_User_Session.py
[2025-03-17T01:29:23.137+0000] {processor.py:925} INFO - DAG(s) 'Hw6_ETL_UserSessionToSnowflake' retrieved from /opt/airflow/dags/Hw6_ETL_User_Session.py
[2025-03-17T01:29:23.177+0000] {logging_mixin.py:190} INFO - [2025-03-17T01:29:23.177+0000] {dag.py:3229} INFO - Sync 1 DAGs
[2025-03-17T01:29:23.207+0000] {logging_mixin.py:190} INFO - [2025-03-17T01:29:23.207+0000] {dag.py:4156} INFO - Setting next_dagrun for Hw6_ETL_UserSessionToSnowflake to 2025-03-15 03:30:00+00:00, run_after=2025-03-16 03:30:00+00:00
[2025-03-17T01:29:23.217+0000] {processor.py:208} INFO - Processing /opt/airflow/dags/Hw6_ETL_User_Session.py took 0.116 seconds
