[2025-03-16T23:28:27.177+0000] {local_task_job_runner.py:123} INFO - ::group::Pre task execution logs
[2025-03-16T23:28:27.186+0000] {taskinstance.py:2612} INFO - Dependencies all met for dep_context=non-requeueable deps ti=<TaskInstance: lab1StockETL.load scheduled__2025-03-15T02:30:00+00:00 [queued]>
[2025-03-16T23:28:27.190+0000] {taskinstance.py:2612} INFO - Dependencies all met for dep_context=requeueable deps ti=<TaskInstance: lab1StockETL.load scheduled__2025-03-15T02:30:00+00:00 [queued]>
[2025-03-16T23:28:27.191+0000] {taskinstance.py:2865} INFO - Starting attempt 1 of 1
[2025-03-16T23:28:27.196+0000] {taskinstance.py:2888} INFO - Executing <Task(_PythonDecoratedOperator): load> on 2025-03-15 02:30:00+00:00
[2025-03-16T23:28:27.206+0000] {logging_mixin.py:190} WARNING - /home/***/.local/lib/python3.12/site-packages/***/task/task_runner/standard_task_runner.py:70 DeprecationWarning: This process (pid=1766) is multi-threaded, use of fork() may lead to deadlocks in the child.
[2025-03-16T23:28:27.206+0000] {standard_task_runner.py:104} INFO - Running: ['***', 'tasks', 'run', 'lab1StockETL', 'load', 'scheduled__2025-03-15T02:30:00+00:00', '--job-id', '31', '--raw', '--subdir', 'DAGS_FOLDER/lab1_ETL.py', '--cfg-path', '/tmp/tmpu7e7gqs1']
[2025-03-16T23:28:27.209+0000] {standard_task_runner.py:72} INFO - Started process 1772 to run task
[2025-03-16T23:28:27.209+0000] {standard_task_runner.py:105} INFO - Job 31: Subtask load
[2025-03-16T23:28:27.245+0000] {task_command.py:467} INFO - Running <TaskInstance: lab1StockETL.load scheduled__2025-03-15T02:30:00+00:00 [running]> on host 38f3b8d675df
[2025-03-16T23:28:27.302+0000] {taskinstance.py:3131} INFO - Exporting env vars: AIRFLOW_CTX_DAG_OWNER='***' AIRFLOW_CTX_DAG_ID='lab1StockETL' AIRFLOW_CTX_TASK_ID='load' AIRFLOW_CTX_EXECUTION_DATE='2025-03-15T02:30:00+00:00' AIRFLOW_CTX_TRY_NUMBER='1' AIRFLOW_CTX_DAG_RUN_ID='scheduled__2025-03-15T02:30:00+00:00'
[2025-03-16T23:28:27.303+0000] {taskinstance.py:731} INFO - ::endgroup::
[2025-03-16T23:28:27.305+0000] {logging_mixin.py:190} INFO - 360 records found
[2025-03-16T23:28:27.589+0000] {cursor.py:1156} INFO - Number of results in first chunk: 1
[2025-03-16T23:28:28.014+0000] {cursor.py:1156} INFO - Number of results in first chunk: 1
[2025-03-16T23:31:11.762+0000] {cursor.py:1156} INFO - Number of results in first chunk: 1
[2025-03-16T23:31:11.770+0000] {python.py:240} INFO - Done. Returned value was: None
[2025-03-16T23:31:11.793+0000] {taskinstance.py:340} INFO - ::group::Post task execution logs
[2025-03-16T23:31:11.794+0000] {taskinstance.py:352} INFO - Marking task as SUCCESS. dag_id=lab1StockETL, task_id=load, run_id=scheduled__2025-03-15T02:30:00+00:00, execution_date=20250315T023000, start_date=20250316T232827, end_date=20250316T233111
[2025-03-16T23:31:11.876+0000] {local_task_job_runner.py:266} INFO - Task exited with return code 0
[2025-03-16T23:31:11.894+0000] {taskinstance.py:3900} INFO - 0 downstream tasks scheduled from follow-on schedule check
[2025-03-16T23:31:11.894+0000] {local_task_job_runner.py:245} INFO - ::endgroup::
