[2025-03-06T22:51:02.450+0000] {processor.py:186} INFO - Started process (PID=220) to work on /opt/airflow/dags/Dag_homework5.py
[2025-03-06T22:51:02.451+0000] {processor.py:914} INFO - Processing file /opt/airflow/dags/Dag_homework5.py for tasks to queue
[2025-03-06T22:51:02.453+0000] {logging_mixin.py:190} INFO - [2025-03-06T22:51:02.453+0000] {dagbag.py:587} INFO - Filling up the DagBag from /opt/airflow/dags/Dag_homework5.py
[2025-03-06T22:51:02.461+0000] {processor.py:925} INFO - DAG(s) 'Dag_Stock_Hw5' retrieved from /opt/airflow/dags/Dag_homework5.py
[2025-03-06T22:51:02.480+0000] {logging_mixin.py:190} INFO - [2025-03-06T22:51:02.480+0000] {dag.py:3229} INFO - Sync 1 DAGs
[2025-03-06T22:51:02.500+0000] {logging_mixin.py:190} INFO - [2025-03-06T22:51:02.500+0000] {dag.py:4156} INFO - Setting next_dagrun for Dag_Stock_Hw5 to 2025-03-06 02:30:00+00:00, run_after=2025-03-07 02:30:00+00:00
[2025-03-06T22:51:02.508+0000] {processor.py:208} INFO - Processing /opt/airflow/dags/Dag_homework5.py took 0.062 seconds
[2025-03-06T22:51:33.414+0000] {processor.py:186} INFO - Started process (PID=268) to work on /opt/airflow/dags/Dag_homework5.py
[2025-03-06T22:51:33.415+0000] {processor.py:914} INFO - Processing file /opt/airflow/dags/Dag_homework5.py for tasks to queue
[2025-03-06T22:51:33.417+0000] {logging_mixin.py:190} INFO - [2025-03-06T22:51:33.417+0000] {dagbag.py:587} INFO - Filling up the DagBag from /opt/airflow/dags/Dag_homework5.py
[2025-03-06T22:51:33.424+0000] {processor.py:925} INFO - DAG(s) 'Dag_Stock_Hw5' retrieved from /opt/airflow/dags/Dag_homework5.py
[2025-03-06T22:51:33.440+0000] {logging_mixin.py:190} INFO - [2025-03-06T22:51:33.439+0000] {dag.py:3229} INFO - Sync 1 DAGs
[2025-03-06T22:51:33.452+0000] {logging_mixin.py:190} INFO - [2025-03-06T22:51:33.452+0000] {dag.py:4156} INFO - Setting next_dagrun for Dag_Stock_Hw5 to 2025-03-05 02:30:00+00:00, run_after=2025-03-06 02:30:00+00:00
[2025-03-06T22:51:33.459+0000] {processor.py:208} INFO - Processing /opt/airflow/dags/Dag_homework5.py took 0.049 seconds
[2025-03-06T22:52:04.253+0000] {processor.py:186} INFO - Started process (PID=298) to work on /opt/airflow/dags/Dag_homework5.py
[2025-03-06T22:52:04.254+0000] {processor.py:914} INFO - Processing file /opt/airflow/dags/Dag_homework5.py for tasks to queue
[2025-03-06T22:52:04.255+0000] {logging_mixin.py:190} INFO - [2025-03-06T22:52:04.255+0000] {dagbag.py:587} INFO - Filling up the DagBag from /opt/airflow/dags/Dag_homework5.py
[2025-03-06T22:52:04.266+0000] {processor.py:925} INFO - DAG(s) 'Dag_Stock_Hw5' retrieved from /opt/airflow/dags/Dag_homework5.py
[2025-03-06T22:52:04.278+0000] {logging_mixin.py:190} INFO - [2025-03-06T22:52:04.278+0000] {dag.py:3229} INFO - Sync 1 DAGs
[2025-03-06T22:52:04.295+0000] {logging_mixin.py:190} INFO - [2025-03-06T22:52:04.295+0000] {dag.py:4156} INFO - Setting next_dagrun for Dag_Stock_Hw5 to 2025-03-06 02:30:00+00:00, run_after=2025-03-07 02:30:00+00:00
[2025-03-06T22:52:04.301+0000] {processor.py:208} INFO - Processing /opt/airflow/dags/Dag_homework5.py took 0.053 seconds
[2025-03-06T22:52:35.052+0000] {processor.py:186} INFO - Started process (PID=319) to work on /opt/airflow/dags/Dag_homework5.py
[2025-03-06T22:52:35.053+0000] {processor.py:914} INFO - Processing file /opt/airflow/dags/Dag_homework5.py for tasks to queue
[2025-03-06T22:52:35.053+0000] {logging_mixin.py:190} INFO - [2025-03-06T22:52:35.053+0000] {dagbag.py:587} INFO - Filling up the DagBag from /opt/airflow/dags/Dag_homework5.py
[2025-03-06T22:52:35.060+0000] {processor.py:925} INFO - DAG(s) 'Dag_Stock_Hw5' retrieved from /opt/airflow/dags/Dag_homework5.py
[2025-03-06T22:52:35.074+0000] {logging_mixin.py:190} INFO - [2025-03-06T22:52:35.074+0000] {dag.py:3229} INFO - Sync 1 DAGs
[2025-03-06T22:52:35.088+0000] {logging_mixin.py:190} INFO - [2025-03-06T22:52:35.088+0000] {dag.py:4156} INFO - Setting next_dagrun for Dag_Stock_Hw5 to 2025-03-06 02:30:00+00:00, run_after=2025-03-07 02:30:00+00:00
[2025-03-06T22:52:35.095+0000] {processor.py:208} INFO - Processing /opt/airflow/dags/Dag_homework5.py took 0.047 seconds
[2025-03-06T22:53:05.870+0000] {processor.py:186} INFO - Started process (PID=340) to work on /opt/airflow/dags/Dag_homework5.py
[2025-03-06T22:53:05.871+0000] {processor.py:914} INFO - Processing file /opt/airflow/dags/Dag_homework5.py for tasks to queue
[2025-03-06T22:53:05.872+0000] {logging_mixin.py:190} INFO - [2025-03-06T22:53:05.872+0000] {dagbag.py:587} INFO - Filling up the DagBag from /opt/airflow/dags/Dag_homework5.py
[2025-03-06T22:53:05.883+0000] {processor.py:925} INFO - DAG(s) 'Dag_Stock_Hw5' retrieved from /opt/airflow/dags/Dag_homework5.py
[2025-03-06T22:53:05.895+0000] {logging_mixin.py:190} INFO - [2025-03-06T22:53:05.895+0000] {dag.py:3229} INFO - Sync 1 DAGs
[2025-03-06T22:53:05.906+0000] {logging_mixin.py:190} INFO - [2025-03-06T22:53:05.906+0000] {dag.py:4156} INFO - Setting next_dagrun for Dag_Stock_Hw5 to 2025-03-06 02:30:00+00:00, run_after=2025-03-07 02:30:00+00:00
[2025-03-06T22:53:05.913+0000] {processor.py:208} INFO - Processing /opt/airflow/dags/Dag_homework5.py took 0.047 seconds
[2025-03-06T22:53:36.874+0000] {processor.py:186} INFO - Started process (PID=361) to work on /opt/airflow/dags/Dag_homework5.py
[2025-03-06T22:53:36.874+0000] {processor.py:914} INFO - Processing file /opt/airflow/dags/Dag_homework5.py for tasks to queue
[2025-03-06T22:53:36.875+0000] {logging_mixin.py:190} INFO - [2025-03-06T22:53:36.875+0000] {dagbag.py:587} INFO - Filling up the DagBag from /opt/airflow/dags/Dag_homework5.py
[2025-03-06T22:53:36.881+0000] {processor.py:925} INFO - DAG(s) 'Dag_Stock_Hw5' retrieved from /opt/airflow/dags/Dag_homework5.py
[2025-03-06T22:53:36.893+0000] {logging_mixin.py:190} INFO - [2025-03-06T22:53:36.893+0000] {dag.py:3229} INFO - Sync 1 DAGs
[2025-03-06T22:53:36.916+0000] {logging_mixin.py:190} INFO - [2025-03-06T22:53:36.916+0000] {dag.py:4156} INFO - Setting next_dagrun for Dag_Stock_Hw5 to 2025-03-06 02:30:00+00:00, run_after=2025-03-07 02:30:00+00:00
[2025-03-06T22:53:36.927+0000] {processor.py:208} INFO - Processing /opt/airflow/dags/Dag_homework5.py took 0.057 seconds
[2025-03-06T22:54:07.966+0000] {processor.py:186} INFO - Started process (PID=384) to work on /opt/airflow/dags/Dag_homework5.py
[2025-03-06T22:54:07.967+0000] {processor.py:914} INFO - Processing file /opt/airflow/dags/Dag_homework5.py for tasks to queue
[2025-03-06T22:54:07.967+0000] {logging_mixin.py:190} INFO - [2025-03-06T22:54:07.967+0000] {dagbag.py:587} INFO - Filling up the DagBag from /opt/airflow/dags/Dag_homework5.py
[2025-03-06T22:54:07.974+0000] {processor.py:925} INFO - DAG(s) 'Dag_Stock_Hw5' retrieved from /opt/airflow/dags/Dag_homework5.py
[2025-03-06T22:54:07.988+0000] {logging_mixin.py:190} INFO - [2025-03-06T22:54:07.988+0000] {dag.py:3229} INFO - Sync 1 DAGs
[2025-03-06T22:54:08.000+0000] {logging_mixin.py:190} INFO - [2025-03-06T22:54:08.000+0000] {dag.py:4156} INFO - Setting next_dagrun for Dag_Stock_Hw5 to 2025-03-06 02:30:00+00:00, run_after=2025-03-07 02:30:00+00:00
[2025-03-06T22:54:08.007+0000] {processor.py:208} INFO - Processing /opt/airflow/dags/Dag_homework5.py took 0.044 seconds
[2025-03-06T22:54:38.739+0000] {processor.py:186} INFO - Started process (PID=405) to work on /opt/airflow/dags/Dag_homework5.py
[2025-03-06T22:54:38.740+0000] {processor.py:914} INFO - Processing file /opt/airflow/dags/Dag_homework5.py for tasks to queue
[2025-03-06T22:54:38.741+0000] {logging_mixin.py:190} INFO - [2025-03-06T22:54:38.741+0000] {dagbag.py:587} INFO - Filling up the DagBag from /opt/airflow/dags/Dag_homework5.py
[2025-03-06T22:54:38.748+0000] {processor.py:925} INFO - DAG(s) 'Dag_Stock_Hw5' retrieved from /opt/airflow/dags/Dag_homework5.py
[2025-03-06T22:54:38.769+0000] {logging_mixin.py:190} INFO - [2025-03-06T22:54:38.769+0000] {dag.py:3229} INFO - Sync 1 DAGs
[2025-03-06T22:54:38.782+0000] {logging_mixin.py:190} INFO - [2025-03-06T22:54:38.782+0000] {dag.py:4156} INFO - Setting next_dagrun for Dag_Stock_Hw5 to 2025-03-06 02:30:00+00:00, run_after=2025-03-07 02:30:00+00:00
[2025-03-06T22:54:38.789+0000] {processor.py:208} INFO - Processing /opt/airflow/dags/Dag_homework5.py took 0.054 seconds
[2025-03-06T22:55:09.670+0000] {processor.py:186} INFO - Started process (PID=426) to work on /opt/airflow/dags/Dag_homework5.py
[2025-03-06T22:55:09.671+0000] {processor.py:914} INFO - Processing file /opt/airflow/dags/Dag_homework5.py for tasks to queue
[2025-03-06T22:55:09.672+0000] {logging_mixin.py:190} INFO - [2025-03-06T22:55:09.671+0000] {dagbag.py:587} INFO - Filling up the DagBag from /opt/airflow/dags/Dag_homework5.py
[2025-03-06T22:55:09.678+0000] {processor.py:925} INFO - DAG(s) 'Dag_Stock_Hw5' retrieved from /opt/airflow/dags/Dag_homework5.py
[2025-03-06T22:55:09.691+0000] {logging_mixin.py:190} INFO - [2025-03-06T22:55:09.691+0000] {dag.py:3229} INFO - Sync 1 DAGs
[2025-03-06T22:55:09.707+0000] {logging_mixin.py:190} INFO - [2025-03-06T22:55:09.707+0000] {dag.py:4156} INFO - Setting next_dagrun for Dag_Stock_Hw5 to 2025-03-06 02:30:00+00:00, run_after=2025-03-07 02:30:00+00:00
[2025-03-06T22:55:09.715+0000] {processor.py:208} INFO - Processing /opt/airflow/dags/Dag_homework5.py took 0.047 seconds
[2025-03-06T22:55:40.592+0000] {processor.py:186} INFO - Started process (PID=453) to work on /opt/airflow/dags/Dag_homework5.py
[2025-03-06T22:55:40.592+0000] {processor.py:914} INFO - Processing file /opt/airflow/dags/Dag_homework5.py for tasks to queue
[2025-03-06T22:55:40.593+0000] {logging_mixin.py:190} INFO - [2025-03-06T22:55:40.593+0000] {dagbag.py:587} INFO - Filling up the DagBag from /opt/airflow/dags/Dag_homework5.py
[2025-03-06T22:55:40.600+0000] {processor.py:925} INFO - DAG(s) 'Dag_Stock_Hw5' retrieved from /opt/airflow/dags/Dag_homework5.py
[2025-03-06T22:55:40.613+0000] {logging_mixin.py:190} INFO - [2025-03-06T22:55:40.613+0000] {dag.py:3229} INFO - Sync 1 DAGs
[2025-03-06T22:55:40.625+0000] {logging_mixin.py:190} INFO - [2025-03-06T22:55:40.625+0000] {dag.py:4156} INFO - Setting next_dagrun for Dag_Stock_Hw5 to 2025-03-06 02:30:00+00:00, run_after=2025-03-07 02:30:00+00:00
[2025-03-06T22:55:40.631+0000] {processor.py:208} INFO - Processing /opt/airflow/dags/Dag_homework5.py took 0.043 seconds
[2025-03-06T22:56:11.436+0000] {processor.py:186} INFO - Started process (PID=474) to work on /opt/airflow/dags/Dag_homework5.py
[2025-03-06T22:56:11.436+0000] {processor.py:914} INFO - Processing file /opt/airflow/dags/Dag_homework5.py for tasks to queue
[2025-03-06T22:56:11.437+0000] {logging_mixin.py:190} INFO - [2025-03-06T22:56:11.437+0000] {dagbag.py:587} INFO - Filling up the DagBag from /opt/airflow/dags/Dag_homework5.py
[2025-03-06T22:56:11.444+0000] {processor.py:925} INFO - DAG(s) 'Dag_Stock_Hw5' retrieved from /opt/airflow/dags/Dag_homework5.py
[2025-03-06T22:56:11.457+0000] {logging_mixin.py:190} INFO - [2025-03-06T22:56:11.457+0000] {dag.py:3229} INFO - Sync 1 DAGs
[2025-03-06T22:56:11.468+0000] {logging_mixin.py:190} INFO - [2025-03-06T22:56:11.468+0000] {dag.py:4156} INFO - Setting next_dagrun for Dag_Stock_Hw5 to 2025-03-06 02:30:00+00:00, run_after=2025-03-07 02:30:00+00:00
[2025-03-06T22:56:11.475+0000] {processor.py:208} INFO - Processing /opt/airflow/dags/Dag_homework5.py took 0.042 seconds
[2025-03-06T22:56:42.253+0000] {processor.py:186} INFO - Started process (PID=495) to work on /opt/airflow/dags/Dag_homework5.py
[2025-03-06T22:56:42.254+0000] {processor.py:914} INFO - Processing file /opt/airflow/dags/Dag_homework5.py for tasks to queue
[2025-03-06T22:56:42.254+0000] {logging_mixin.py:190} INFO - [2025-03-06T22:56:42.254+0000] {dagbag.py:587} INFO - Filling up the DagBag from /opt/airflow/dags/Dag_homework5.py
[2025-03-06T22:56:42.266+0000] {processor.py:925} INFO - DAG(s) 'Dag_Stock_Hw5' retrieved from /opt/airflow/dags/Dag_homework5.py
[2025-03-06T22:56:42.280+0000] {logging_mixin.py:190} INFO - [2025-03-06T22:56:42.279+0000] {dag.py:3229} INFO - Sync 1 DAGs
[2025-03-06T22:56:42.291+0000] {logging_mixin.py:190} INFO - [2025-03-06T22:56:42.291+0000] {dag.py:4156} INFO - Setting next_dagrun for Dag_Stock_Hw5 to 2025-03-06 02:30:00+00:00, run_after=2025-03-07 02:30:00+00:00
[2025-03-06T22:56:42.299+0000] {processor.py:208} INFO - Processing /opt/airflow/dags/Dag_homework5.py took 0.050 seconds
[2025-03-06T22:57:13.054+0000] {processor.py:186} INFO - Started process (PID=516) to work on /opt/airflow/dags/Dag_homework5.py
[2025-03-06T22:57:13.055+0000] {processor.py:914} INFO - Processing file /opt/airflow/dags/Dag_homework5.py for tasks to queue
[2025-03-06T22:57:13.055+0000] {logging_mixin.py:190} INFO - [2025-03-06T22:57:13.055+0000] {dagbag.py:587} INFO - Filling up the DagBag from /opt/airflow/dags/Dag_homework5.py
[2025-03-06T22:57:13.062+0000] {processor.py:925} INFO - DAG(s) 'Dag_Stock_Hw5' retrieved from /opt/airflow/dags/Dag_homework5.py
[2025-03-06T22:57:13.075+0000] {logging_mixin.py:190} INFO - [2025-03-06T22:57:13.075+0000] {dag.py:3229} INFO - Sync 1 DAGs
[2025-03-06T22:57:13.087+0000] {logging_mixin.py:190} INFO - [2025-03-06T22:57:13.087+0000] {dag.py:4156} INFO - Setting next_dagrun for Dag_Stock_Hw5 to 2025-03-06 02:30:00+00:00, run_after=2025-03-07 02:30:00+00:00
[2025-03-06T22:57:13.094+0000] {processor.py:208} INFO - Processing /opt/airflow/dags/Dag_homework5.py took 0.043 seconds
[2025-03-06T22:57:43.704+0000] {processor.py:186} INFO - Started process (PID=535) to work on /opt/airflow/dags/Dag_homework5.py
[2025-03-06T22:57:43.704+0000] {processor.py:914} INFO - Processing file /opt/airflow/dags/Dag_homework5.py for tasks to queue
[2025-03-06T22:57:43.705+0000] {logging_mixin.py:190} INFO - [2025-03-06T22:57:43.704+0000] {dagbag.py:587} INFO - Filling up the DagBag from /opt/airflow/dags/Dag_homework5.py
[2025-03-06T22:57:43.710+0000] {processor.py:925} INFO - DAG(s) 'Dag_Stock_Hw5' retrieved from /opt/airflow/dags/Dag_homework5.py
[2025-03-06T22:57:43.724+0000] {logging_mixin.py:190} INFO - [2025-03-06T22:57:43.724+0000] {dag.py:3229} INFO - Sync 1 DAGs
[2025-03-06T22:57:43.738+0000] {logging_mixin.py:190} INFO - [2025-03-06T22:57:43.738+0000] {dag.py:4156} INFO - Setting next_dagrun for Dag_Stock_Hw5 to 2025-03-06 02:30:00+00:00, run_after=2025-03-07 02:30:00+00:00
[2025-03-06T22:57:43.749+0000] {processor.py:208} INFO - Processing /opt/airflow/dags/Dag_homework5.py took 0.049 seconds
[2025-03-06T22:58:14.458+0000] {processor.py:186} INFO - Started process (PID=558) to work on /opt/airflow/dags/Dag_homework5.py
[2025-03-06T22:58:14.459+0000] {processor.py:914} INFO - Processing file /opt/airflow/dags/Dag_homework5.py for tasks to queue
[2025-03-06T22:58:14.460+0000] {logging_mixin.py:190} INFO - [2025-03-06T22:58:14.459+0000] {dagbag.py:587} INFO - Filling up the DagBag from /opt/airflow/dags/Dag_homework5.py
[2025-03-06T22:58:14.467+0000] {processor.py:925} INFO - DAG(s) 'Dag_Stock_Hw5' retrieved from /opt/airflow/dags/Dag_homework5.py
[2025-03-06T22:58:14.479+0000] {logging_mixin.py:190} INFO - [2025-03-06T22:58:14.479+0000] {dag.py:3229} INFO - Sync 1 DAGs
[2025-03-06T22:58:14.491+0000] {logging_mixin.py:190} INFO - [2025-03-06T22:58:14.490+0000] {dag.py:4156} INFO - Setting next_dagrun for Dag_Stock_Hw5 to 2025-03-06 02:30:00+00:00, run_after=2025-03-07 02:30:00+00:00
[2025-03-06T22:58:14.497+0000] {processor.py:208} INFO - Processing /opt/airflow/dags/Dag_homework5.py took 0.043 seconds
[2025-03-06T22:58:45.197+0000] {processor.py:186} INFO - Started process (PID=579) to work on /opt/airflow/dags/Dag_homework5.py
[2025-03-06T22:58:45.197+0000] {processor.py:914} INFO - Processing file /opt/airflow/dags/Dag_homework5.py for tasks to queue
[2025-03-06T22:58:45.198+0000] {logging_mixin.py:190} INFO - [2025-03-06T22:58:45.198+0000] {dagbag.py:587} INFO - Filling up the DagBag from /opt/airflow/dags/Dag_homework5.py
[2025-03-06T22:58:45.204+0000] {processor.py:925} INFO - DAG(s) 'Dag_Stock_Hw5' retrieved from /opt/airflow/dags/Dag_homework5.py
[2025-03-06T22:58:45.217+0000] {logging_mixin.py:190} INFO - [2025-03-06T22:58:45.217+0000] {dag.py:3229} INFO - Sync 1 DAGs
[2025-03-06T22:58:45.229+0000] {logging_mixin.py:190} INFO - [2025-03-06T22:58:45.229+0000] {dag.py:4156} INFO - Setting next_dagrun for Dag_Stock_Hw5 to 2025-03-06 02:30:00+00:00, run_after=2025-03-07 02:30:00+00:00
[2025-03-06T22:58:45.235+0000] {processor.py:208} INFO - Processing /opt/airflow/dags/Dag_homework5.py took 0.042 seconds
