[2025-03-29T07:15:53.784+0000] {processor.py:186} INFO - Started process (PID=189) to work on /opt/airflow/dags/build_elt_with_dbt.py
[2025-03-29T07:15:53.786+0000] {processor.py:914} INFO - Processing file /opt/airflow/dags/build_elt_with_dbt.py for tasks to queue
[2025-03-29T07:15:53.788+0000] {logging_mixin.py:190} INFO - [2025-03-29T07:15:53.788+0000] {dagbag.py:587} INFO - Filling up the DagBag from /opt/airflow/dags/build_elt_with_dbt.py
[2025-03-29T07:15:53.818+0000] {logging_mixin.py:190} INFO - [2025-03-29T07:15:53.818+0000] {base.py:84} INFO - Retrieving connection 'snowflake_conn'
[2025-03-29T07:15:53.824+0000] {processor.py:925} INFO - DAG(s) 'BuildELT_dbt' retrieved from /opt/airflow/dags/build_elt_with_dbt.py
[2025-03-29T07:15:54.029+0000] {logging_mixin.py:190} INFO - [2025-03-29T07:15:54.028+0000] {override.py:1900} INFO - Created Permission View: can edit on DAG:BuildELT_dbt
[2025-03-29T07:15:54.039+0000] {logging_mixin.py:190} INFO - [2025-03-29T07:15:54.039+0000] {override.py:1900} INFO - Created Permission View: can delete on DAG:BuildELT_dbt
[2025-03-29T07:15:54.043+0000] {logging_mixin.py:190} INFO - [2025-03-29T07:15:54.043+0000] {override.py:1900} INFO - Created Permission View: can read on DAG:BuildELT_dbt
[2025-03-29T07:15:54.049+0000] {logging_mixin.py:190} INFO - [2025-03-29T07:15:54.049+0000] {override.py:1900} INFO - Created Permission View: menu access on DAG Run:BuildELT_dbt
[2025-03-29T07:15:54.052+0000] {logging_mixin.py:190} INFO - [2025-03-29T07:15:54.052+0000] {override.py:1900} INFO - Created Permission View: can delete on DAG Run:BuildELT_dbt
[2025-03-29T07:15:54.056+0000] {logging_mixin.py:190} INFO - [2025-03-29T07:15:54.056+0000] {override.py:1900} INFO - Created Permission View: can create on DAG Run:BuildELT_dbt
[2025-03-29T07:15:54.074+0000] {logging_mixin.py:190} INFO - [2025-03-29T07:15:54.074+0000] {override.py:1900} INFO - Created Permission View: can read on DAG Run:BuildELT_dbt
[2025-03-29T07:15:54.076+0000] {logging_mixin.py:190} INFO - [2025-03-29T07:15:54.075+0000] {dag.py:3229} INFO - Sync 1 DAGs
[2025-03-29T07:15:54.088+0000] {logging_mixin.py:190} INFO - [2025-03-29T07:15:54.088+0000] {dag.py:3252} INFO - Creating ORM DAG for BuildELT_dbt
[2025-03-29T07:15:54.088+0000] {logging_mixin.py:190} INFO - [2025-03-29T07:15:54.088+0000] {dag.py:4156} INFO - Setting next_dagrun for BuildELT_dbt to None, run_after=None
[2025-03-29T07:15:54.100+0000] {processor.py:208} INFO - Processing /opt/airflow/dags/build_elt_with_dbt.py took 0.320 seconds
[2025-03-29T07:16:25.473+0000] {processor.py:186} INFO - Started process (PID=293) to work on /opt/airflow/dags/build_elt_with_dbt.py
[2025-03-29T07:16:25.476+0000] {processor.py:914} INFO - Processing file /opt/airflow/dags/build_elt_with_dbt.py for tasks to queue
[2025-03-29T07:16:25.478+0000] {logging_mixin.py:190} INFO - [2025-03-29T07:16:25.478+0000] {dagbag.py:587} INFO - Filling up the DagBag from /opt/airflow/dags/build_elt_with_dbt.py
[2025-03-29T07:16:25.512+0000] {logging_mixin.py:190} INFO - [2025-03-29T07:16:25.512+0000] {base.py:84} INFO - Retrieving connection 'snowflake_conn'
[2025-03-29T07:16:25.518+0000] {processor.py:925} INFO - DAG(s) 'BuildELT_dbt' retrieved from /opt/airflow/dags/build_elt_with_dbt.py
[2025-03-29T07:16:25.532+0000] {logging_mixin.py:190} INFO - [2025-03-29T07:16:25.532+0000] {dag.py:3229} INFO - Sync 1 DAGs
[2025-03-29T07:16:25.546+0000] {logging_mixin.py:190} INFO - [2025-03-29T07:16:25.546+0000] {dag.py:4156} INFO - Setting next_dagrun for BuildELT_dbt to None, run_after=None
[2025-03-29T07:16:25.562+0000] {processor.py:208} INFO - Processing /opt/airflow/dags/build_elt_with_dbt.py took 0.099 seconds
[2025-03-29T07:16:55.682+0000] {processor.py:186} INFO - Started process (PID=329) to work on /opt/airflow/dags/build_elt_with_dbt.py
[2025-03-29T07:16:55.685+0000] {processor.py:914} INFO - Processing file /opt/airflow/dags/build_elt_with_dbt.py for tasks to queue
[2025-03-29T07:16:55.688+0000] {logging_mixin.py:190} INFO - [2025-03-29T07:16:55.688+0000] {dagbag.py:587} INFO - Filling up the DagBag from /opt/airflow/dags/build_elt_with_dbt.py
[2025-03-29T07:16:55.723+0000] {logging_mixin.py:190} INFO - [2025-03-29T07:16:55.722+0000] {base.py:84} INFO - Retrieving connection 'snowflake_conn'
[2025-03-29T07:16:55.728+0000] {processor.py:925} INFO - DAG(s) 'BuildELT_dbt' retrieved from /opt/airflow/dags/build_elt_with_dbt.py
[2025-03-29T07:16:55.739+0000] {logging_mixin.py:190} INFO - [2025-03-29T07:16:55.739+0000] {dag.py:3229} INFO - Sync 1 DAGs
[2025-03-29T07:16:55.747+0000] {logging_mixin.py:190} INFO - [2025-03-29T07:16:55.747+0000] {dag.py:4156} INFO - Setting next_dagrun for BuildELT_dbt to None, run_after=None
[2025-03-29T07:16:55.757+0000] {processor.py:208} INFO - Processing /opt/airflow/dags/build_elt_with_dbt.py took 0.086 seconds
[2025-03-29T07:17:26.782+0000] {processor.py:186} INFO - Started process (PID=372) to work on /opt/airflow/dags/build_elt_with_dbt.py
[2025-03-29T07:17:26.784+0000] {processor.py:914} INFO - Processing file /opt/airflow/dags/build_elt_with_dbt.py for tasks to queue
[2025-03-29T07:17:26.788+0000] {logging_mixin.py:190} INFO - [2025-03-29T07:17:26.787+0000] {dagbag.py:587} INFO - Filling up the DagBag from /opt/airflow/dags/build_elt_with_dbt.py
[2025-03-29T07:17:26.827+0000] {logging_mixin.py:190} INFO - [2025-03-29T07:17:26.827+0000] {base.py:84} INFO - Retrieving connection 'snowflake_conn'
[2025-03-29T07:17:26.834+0000] {processor.py:925} INFO - DAG(s) 'BuildELT_dbt' retrieved from /opt/airflow/dags/build_elt_with_dbt.py
[2025-03-29T07:17:26.848+0000] {logging_mixin.py:190} INFO - [2025-03-29T07:17:26.847+0000] {dag.py:3229} INFO - Sync 1 DAGs
[2025-03-29T07:17:26.856+0000] {logging_mixin.py:190} INFO - [2025-03-29T07:17:26.856+0000] {dag.py:4156} INFO - Setting next_dagrun for BuildELT_dbt to None, run_after=None
[2025-03-29T07:17:26.866+0000] {processor.py:208} INFO - Processing /opt/airflow/dags/build_elt_with_dbt.py took 0.094 seconds
[2025-03-29T07:17:57.722+0000] {processor.py:186} INFO - Started process (PID=408) to work on /opt/airflow/dags/build_elt_with_dbt.py
[2025-03-29T07:17:57.728+0000] {processor.py:914} INFO - Processing file /opt/airflow/dags/build_elt_with_dbt.py for tasks to queue
[2025-03-29T07:17:57.746+0000] {logging_mixin.py:190} INFO - [2025-03-29T07:17:57.743+0000] {dagbag.py:587} INFO - Filling up the DagBag from /opt/airflow/dags/build_elt_with_dbt.py
[2025-03-29T07:17:57.833+0000] {logging_mixin.py:190} INFO - [2025-03-29T07:17:57.833+0000] {base.py:84} INFO - Retrieving connection 'snowflake_conn'
[2025-03-29T07:17:57.864+0000] {processor.py:925} INFO - DAG(s) 'BuildELT_dbt' retrieved from /opt/airflow/dags/build_elt_with_dbt.py
[2025-03-29T07:17:57.913+0000] {logging_mixin.py:190} INFO - [2025-03-29T07:17:57.913+0000] {dag.py:3229} INFO - Sync 1 DAGs
[2025-03-29T07:17:57.937+0000] {logging_mixin.py:190} INFO - [2025-03-29T07:17:57.937+0000] {dag.py:4156} INFO - Setting next_dagrun for BuildELT_dbt to None, run_after=None
[2025-03-29T07:17:58.010+0000] {processor.py:208} INFO - Processing /opt/airflow/dags/build_elt_with_dbt.py took 0.335 seconds
[2025-03-29T08:39:55.145+0000] {processor.py:186} INFO - Started process (PID=444) to work on /opt/airflow/dags/build_elt_with_dbt.py
[2025-03-29T08:39:55.146+0000] {processor.py:914} INFO - Processing file /opt/airflow/dags/build_elt_with_dbt.py for tasks to queue
[2025-03-29T08:39:55.148+0000] {logging_mixin.py:190} INFO - [2025-03-29T08:39:55.148+0000] {dagbag.py:587} INFO - Filling up the DagBag from /opt/airflow/dags/build_elt_with_dbt.py
[2025-03-29T08:39:55.171+0000] {logging_mixin.py:190} INFO - [2025-03-29T08:39:55.171+0000] {base.py:84} INFO - Retrieving connection 'snowflake_conn'
[2025-03-29T08:39:55.176+0000] {processor.py:925} INFO - DAG(s) 'BuildELT_dbt' retrieved from /opt/airflow/dags/build_elt_with_dbt.py
[2025-03-29T08:39:55.191+0000] {logging_mixin.py:190} INFO - [2025-03-29T08:39:55.191+0000] {dag.py:3229} INFO - Sync 1 DAGs
[2025-03-29T08:39:55.200+0000] {logging_mixin.py:190} INFO - [2025-03-29T08:39:55.200+0000] {dag.py:4156} INFO - Setting next_dagrun for BuildELT_dbt to None, run_after=None
[2025-03-29T08:39:55.212+0000] {processor.py:208} INFO - Processing /opt/airflow/dags/build_elt_with_dbt.py took 0.074 seconds
[2025-03-29T09:50:43.431+0000] {processor.py:186} INFO - Started process (PID=480) to work on /opt/airflow/dags/build_elt_with_dbt.py
[2025-03-29T09:50:43.433+0000] {processor.py:914} INFO - Processing file /opt/airflow/dags/build_elt_with_dbt.py for tasks to queue
[2025-03-29T09:50:43.441+0000] {logging_mixin.py:190} INFO - [2025-03-29T09:50:43.439+0000] {dagbag.py:587} INFO - Filling up the DagBag from /opt/airflow/dags/build_elt_with_dbt.py
[2025-03-29T09:50:43.468+0000] {logging_mixin.py:190} INFO - [2025-03-29T09:50:43.466+0000] {base.py:84} INFO - Retrieving connection 'snowflake_conn'
[2025-03-29T09:50:43.474+0000] {processor.py:925} INFO - DAG(s) 'BuildELT_dbt' retrieved from /opt/airflow/dags/build_elt_with_dbt.py
[2025-03-29T09:50:43.489+0000] {logging_mixin.py:190} INFO - [2025-03-29T09:50:43.488+0000] {dag.py:3229} INFO - Sync 1 DAGs
[2025-03-29T09:50:43.499+0000] {logging_mixin.py:190} INFO - [2025-03-29T09:50:43.499+0000] {dag.py:4156} INFO - Setting next_dagrun for BuildELT_dbt to None, run_after=None
[2025-03-29T09:50:43.509+0000] {processor.py:208} INFO - Processing /opt/airflow/dags/build_elt_with_dbt.py took 0.093 seconds
[2025-03-29T11:27:11.880+0000] {processor.py:186} INFO - Started process (PID=516) to work on /opt/airflow/dags/build_elt_with_dbt.py
[2025-03-29T11:27:11.881+0000] {processor.py:914} INFO - Processing file /opt/airflow/dags/build_elt_with_dbt.py for tasks to queue
[2025-03-29T11:27:11.883+0000] {logging_mixin.py:190} INFO - [2025-03-29T11:27:11.883+0000] {dagbag.py:587} INFO - Filling up the DagBag from /opt/airflow/dags/build_elt_with_dbt.py
[2025-03-29T11:27:11.908+0000] {logging_mixin.py:190} INFO - [2025-03-29T11:27:11.907+0000] {base.py:84} INFO - Retrieving connection 'snowflake_conn'
[2025-03-29T11:27:11.912+0000] {processor.py:925} INFO - DAG(s) 'BuildELT_dbt' retrieved from /opt/airflow/dags/build_elt_with_dbt.py
[2025-03-29T11:27:11.928+0000] {logging_mixin.py:190} INFO - [2025-03-29T11:27:11.928+0000] {dag.py:3229} INFO - Sync 1 DAGs
[2025-03-29T11:27:11.940+0000] {logging_mixin.py:190} INFO - [2025-03-29T11:27:11.939+0000] {dag.py:4156} INFO - Setting next_dagrun for BuildELT_dbt to None, run_after=None
[2025-03-29T11:27:11.956+0000] {processor.py:208} INFO - Processing /opt/airflow/dags/build_elt_with_dbt.py took 0.081 seconds
[2025-03-29T12:51:20.834+0000] {processor.py:186} INFO - Started process (PID=552) to work on /opt/airflow/dags/build_elt_with_dbt.py
[2025-03-29T12:51:20.835+0000] {processor.py:914} INFO - Processing file /opt/airflow/dags/build_elt_with_dbt.py for tasks to queue
[2025-03-29T12:51:20.849+0000] {logging_mixin.py:190} INFO - [2025-03-29T12:51:20.849+0000] {dagbag.py:587} INFO - Filling up the DagBag from /opt/airflow/dags/build_elt_with_dbt.py
[2025-03-29T12:51:20.880+0000] {logging_mixin.py:190} INFO - [2025-03-29T12:51:20.880+0000] {base.py:84} INFO - Retrieving connection 'snowflake_conn'
[2025-03-29T12:51:20.887+0000] {processor.py:925} INFO - DAG(s) 'BuildELT_dbt' retrieved from /opt/airflow/dags/build_elt_with_dbt.py
[2025-03-29T12:51:20.907+0000] {logging_mixin.py:190} INFO - [2025-03-29T12:51:20.907+0000] {dag.py:3229} INFO - Sync 1 DAGs
[2025-03-29T12:51:20.926+0000] {logging_mixin.py:190} INFO - [2025-03-29T12:51:20.926+0000] {dag.py:4156} INFO - Setting next_dagrun for BuildELT_dbt to None, run_after=None
[2025-03-29T12:51:20.939+0000] {processor.py:208} INFO - Processing /opt/airflow/dags/build_elt_with_dbt.py took 0.115 seconds
[2025-03-29T13:34:07.828+0000] {processor.py:186} INFO - Started process (PID=588) to work on /opt/airflow/dags/build_elt_with_dbt.py
[2025-03-29T13:34:07.830+0000] {processor.py:914} INFO - Processing file /opt/airflow/dags/build_elt_with_dbt.py for tasks to queue
[2025-03-29T13:34:07.834+0000] {logging_mixin.py:190} INFO - [2025-03-29T13:34:07.834+0000] {dagbag.py:587} INFO - Filling up the DagBag from /opt/airflow/dags/build_elt_with_dbt.py
[2025-03-29T13:34:07.864+0000] {logging_mixin.py:190} INFO - [2025-03-29T13:34:07.864+0000] {base.py:84} INFO - Retrieving connection 'snowflake_conn'
[2025-03-29T13:34:07.873+0000] {processor.py:925} INFO - DAG(s) 'BuildELT_dbt' retrieved from /opt/airflow/dags/build_elt_with_dbt.py
[2025-03-29T13:34:07.885+0000] {logging_mixin.py:190} INFO - [2025-03-29T13:34:07.885+0000] {dag.py:3229} INFO - Sync 1 DAGs
[2025-03-29T13:34:07.894+0000] {logging_mixin.py:190} INFO - [2025-03-29T13:34:07.894+0000] {dag.py:4156} INFO - Setting next_dagrun for BuildELT_dbt to None, run_after=None
[2025-03-29T13:34:07.910+0000] {processor.py:208} INFO - Processing /opt/airflow/dags/build_elt_with_dbt.py took 0.090 seconds
[2025-03-29T15:13:00.600+0000] {processor.py:186} INFO - Started process (PID=624) to work on /opt/airflow/dags/build_elt_with_dbt.py
[2025-03-29T15:13:00.603+0000] {processor.py:914} INFO - Processing file /opt/airflow/dags/build_elt_with_dbt.py for tasks to queue
[2025-03-29T15:13:00.612+0000] {logging_mixin.py:190} INFO - [2025-03-29T15:13:00.611+0000] {dagbag.py:587} INFO - Filling up the DagBag from /opt/airflow/dags/build_elt_with_dbt.py
[2025-03-29T15:13:00.658+0000] {logging_mixin.py:190} INFO - [2025-03-29T15:13:00.658+0000] {base.py:84} INFO - Retrieving connection 'snowflake_conn'
[2025-03-29T15:13:00.666+0000] {processor.py:925} INFO - DAG(s) 'BuildELT_dbt' retrieved from /opt/airflow/dags/build_elt_with_dbt.py
[2025-03-29T15:13:00.682+0000] {logging_mixin.py:190} INFO - [2025-03-29T15:13:00.682+0000] {dag.py:3229} INFO - Sync 1 DAGs
[2025-03-29T15:13:00.696+0000] {logging_mixin.py:190} INFO - [2025-03-29T15:13:00.696+0000] {dag.py:4156} INFO - Setting next_dagrun for BuildELT_dbt to None, run_after=None
[2025-03-29T15:13:00.721+0000] {processor.py:208} INFO - Processing /opt/airflow/dags/build_elt_with_dbt.py took 0.142 seconds
[2025-03-29T15:52:09.321+0000] {processor.py:186} INFO - Started process (PID=660) to work on /opt/airflow/dags/build_elt_with_dbt.py
[2025-03-29T15:52:09.325+0000] {processor.py:914} INFO - Processing file /opt/airflow/dags/build_elt_with_dbt.py for tasks to queue
[2025-03-29T15:52:09.330+0000] {logging_mixin.py:190} INFO - [2025-03-29T15:52:09.330+0000] {dagbag.py:587} INFO - Filling up the DagBag from /opt/airflow/dags/build_elt_with_dbt.py
[2025-03-29T15:52:09.361+0000] {logging_mixin.py:190} INFO - [2025-03-29T15:52:09.361+0000] {base.py:84} INFO - Retrieving connection 'snowflake_conn'
[2025-03-29T15:52:09.368+0000] {processor.py:925} INFO - DAG(s) 'BuildELT_dbt' retrieved from /opt/airflow/dags/build_elt_with_dbt.py
[2025-03-29T15:52:09.385+0000] {logging_mixin.py:190} INFO - [2025-03-29T15:52:09.384+0000] {dag.py:3229} INFO - Sync 1 DAGs
[2025-03-29T15:52:09.406+0000] {logging_mixin.py:190} INFO - [2025-03-29T15:52:09.406+0000] {dag.py:4156} INFO - Setting next_dagrun for BuildELT_dbt to None, run_after=None
[2025-03-29T15:52:09.418+0000] {processor.py:208} INFO - Processing /opt/airflow/dags/build_elt_with_dbt.py took 0.111 seconds
[2025-03-29T17:07:41.058+0000] {processor.py:186} INFO - Started process (PID=696) to work on /opt/airflow/dags/build_elt_with_dbt.py
[2025-03-29T17:07:41.059+0000] {processor.py:914} INFO - Processing file /opt/airflow/dags/build_elt_with_dbt.py for tasks to queue
[2025-03-29T17:07:41.063+0000] {logging_mixin.py:190} INFO - [2025-03-29T17:07:41.062+0000] {dagbag.py:587} INFO - Filling up the DagBag from /opt/airflow/dags/build_elt_with_dbt.py
[2025-03-29T17:07:41.083+0000] {logging_mixin.py:190} INFO - [2025-03-29T17:07:41.082+0000] {base.py:84} INFO - Retrieving connection 'snowflake_conn'
[2025-03-29T17:07:41.088+0000] {processor.py:925} INFO - DAG(s) 'BuildELT_dbt' retrieved from /opt/airflow/dags/build_elt_with_dbt.py
[2025-03-29T17:07:41.103+0000] {logging_mixin.py:190} INFO - [2025-03-29T17:07:41.103+0000] {dag.py:3229} INFO - Sync 1 DAGs
[2025-03-29T17:07:41.121+0000] {logging_mixin.py:190} INFO - [2025-03-29T17:07:41.121+0000] {dag.py:4156} INFO - Setting next_dagrun for BuildELT_dbt to None, run_after=None
[2025-03-29T17:07:41.133+0000] {processor.py:208} INFO - Processing /opt/airflow/dags/build_elt_with_dbt.py took 0.094 seconds
[2025-03-29T18:21:18.562+0000] {processor.py:186} INFO - Started process (PID=732) to work on /opt/airflow/dags/build_elt_with_dbt.py
[2025-03-29T18:21:18.564+0000] {processor.py:914} INFO - Processing file /opt/airflow/dags/build_elt_with_dbt.py for tasks to queue
[2025-03-29T18:21:18.568+0000] {logging_mixin.py:190} INFO - [2025-03-29T18:21:18.567+0000] {dagbag.py:587} INFO - Filling up the DagBag from /opt/airflow/dags/build_elt_with_dbt.py
[2025-03-29T18:21:18.586+0000] {logging_mixin.py:190} INFO - [2025-03-29T18:21:18.586+0000] {base.py:84} INFO - Retrieving connection 'snowflake_conn'
[2025-03-29T18:21:18.592+0000] {processor.py:925} INFO - DAG(s) 'BuildELT_dbt' retrieved from /opt/airflow/dags/build_elt_with_dbt.py
[2025-03-29T18:21:18.617+0000] {logging_mixin.py:190} INFO - [2025-03-29T18:21:18.617+0000] {dag.py:3229} INFO - Sync 1 DAGs
[2025-03-29T18:21:18.626+0000] {logging_mixin.py:190} INFO - [2025-03-29T18:21:18.626+0000] {dag.py:4156} INFO - Setting next_dagrun for BuildELT_dbt to None, run_after=None
[2025-03-29T18:21:18.634+0000] {processor.py:208} INFO - Processing /opt/airflow/dags/build_elt_with_dbt.py took 0.084 seconds
[2025-03-29T19:55:15.545+0000] {processor.py:186} INFO - Started process (PID=768) to work on /opt/airflow/dags/build_elt_with_dbt.py
[2025-03-29T19:55:15.546+0000] {processor.py:914} INFO - Processing file /opt/airflow/dags/build_elt_with_dbt.py for tasks to queue
[2025-03-29T19:55:15.551+0000] {logging_mixin.py:190} INFO - [2025-03-29T19:55:15.550+0000] {dagbag.py:587} INFO - Filling up the DagBag from /opt/airflow/dags/build_elt_with_dbt.py
[2025-03-29T19:55:15.568+0000] {logging_mixin.py:190} INFO - [2025-03-29T19:55:15.568+0000] {base.py:84} INFO - Retrieving connection 'snowflake_conn'
[2025-03-29T19:55:15.573+0000] {processor.py:925} INFO - DAG(s) 'BuildELT_dbt' retrieved from /opt/airflow/dags/build_elt_with_dbt.py
[2025-03-29T19:55:15.583+0000] {logging_mixin.py:190} INFO - [2025-03-29T19:55:15.583+0000] {dag.py:3229} INFO - Sync 1 DAGs
[2025-03-29T19:55:15.600+0000] {logging_mixin.py:190} INFO - [2025-03-29T19:55:15.600+0000] {dag.py:4156} INFO - Setting next_dagrun for BuildELT_dbt to None, run_after=None
[2025-03-29T19:55:15.610+0000] {processor.py:208} INFO - Processing /opt/airflow/dags/build_elt_with_dbt.py took 0.087 seconds
[2025-03-29T20:58:57.422+0000] {processor.py:186} INFO - Started process (PID=804) to work on /opt/airflow/dags/build_elt_with_dbt.py
[2025-03-29T20:58:57.423+0000] {processor.py:914} INFO - Processing file /opt/airflow/dags/build_elt_with_dbt.py for tasks to queue
[2025-03-29T20:58:57.428+0000] {logging_mixin.py:190} INFO - [2025-03-29T20:58:57.427+0000] {dagbag.py:587} INFO - Filling up the DagBag from /opt/airflow/dags/build_elt_with_dbt.py
[2025-03-29T20:58:57.451+0000] {logging_mixin.py:190} INFO - [2025-03-29T20:58:57.450+0000] {base.py:84} INFO - Retrieving connection 'snowflake_conn'
[2025-03-29T20:58:57.463+0000] {processor.py:925} INFO - DAG(s) 'BuildELT_dbt' retrieved from /opt/airflow/dags/build_elt_with_dbt.py
[2025-03-29T20:58:57.479+0000] {logging_mixin.py:190} INFO - [2025-03-29T20:58:57.479+0000] {dag.py:3229} INFO - Sync 1 DAGs
[2025-03-29T20:58:57.490+0000] {logging_mixin.py:190} INFO - [2025-03-29T20:58:57.490+0000] {dag.py:4156} INFO - Setting next_dagrun for BuildELT_dbt to None, run_after=None
[2025-03-29T20:58:57.507+0000] {processor.py:208} INFO - Processing /opt/airflow/dags/build_elt_with_dbt.py took 0.095 seconds
[2025-03-29T21:57:39.001+0000] {processor.py:186} INFO - Started process (PID=840) to work on /opt/airflow/dags/build_elt_with_dbt.py
[2025-03-29T21:57:39.003+0000] {processor.py:914} INFO - Processing file /opt/airflow/dags/build_elt_with_dbt.py for tasks to queue
[2025-03-29T21:57:39.007+0000] {logging_mixin.py:190} INFO - [2025-03-29T21:57:39.006+0000] {dagbag.py:587} INFO - Filling up the DagBag from /opt/airflow/dags/build_elt_with_dbt.py
[2025-03-29T21:57:39.034+0000] {logging_mixin.py:190} INFO - [2025-03-29T21:57:39.033+0000] {base.py:84} INFO - Retrieving connection 'snowflake_conn'
[2025-03-29T21:57:39.039+0000] {processor.py:925} INFO - DAG(s) 'BuildELT_dbt' retrieved from /opt/airflow/dags/build_elt_with_dbt.py
[2025-03-29T21:57:39.049+0000] {logging_mixin.py:190} INFO - [2025-03-29T21:57:39.049+0000] {dag.py:3229} INFO - Sync 1 DAGs
[2025-03-29T21:57:39.058+0000] {logging_mixin.py:190} INFO - [2025-03-29T21:57:39.058+0000] {dag.py:4156} INFO - Setting next_dagrun for BuildELT_dbt to None, run_after=None
[2025-03-29T21:57:39.072+0000] {processor.py:208} INFO - Processing /opt/airflow/dags/build_elt_with_dbt.py took 0.087 seconds
[2025-03-29T22:43:12.009+0000] {processor.py:186} INFO - Started process (PID=876) to work on /opt/airflow/dags/build_elt_with_dbt.py
[2025-03-29T22:43:12.010+0000] {processor.py:914} INFO - Processing file /opt/airflow/dags/build_elt_with_dbt.py for tasks to queue
[2025-03-29T22:43:12.014+0000] {logging_mixin.py:190} INFO - [2025-03-29T22:43:12.013+0000] {dagbag.py:587} INFO - Filling up the DagBag from /opt/airflow/dags/build_elt_with_dbt.py
[2025-03-29T22:43:12.034+0000] {logging_mixin.py:190} INFO - [2025-03-29T22:43:12.034+0000] {base.py:84} INFO - Retrieving connection 'snowflake_conn'
[2025-03-29T22:43:12.040+0000] {processor.py:925} INFO - DAG(s) 'BuildELT_dbt' retrieved from /opt/airflow/dags/build_elt_with_dbt.py
[2025-03-29T22:43:12.062+0000] {logging_mixin.py:190} INFO - [2025-03-29T22:43:12.062+0000] {dag.py:3229} INFO - Sync 1 DAGs
[2025-03-29T22:43:12.073+0000] {logging_mixin.py:190} INFO - [2025-03-29T22:43:12.072+0000] {dag.py:4156} INFO - Setting next_dagrun for BuildELT_dbt to None, run_after=None
[2025-03-29T22:43:12.082+0000] {processor.py:208} INFO - Processing /opt/airflow/dags/build_elt_with_dbt.py took 0.087 seconds
[2025-03-29T23:58:31.235+0000] {processor.py:186} INFO - Started process (PID=912) to work on /opt/airflow/dags/build_elt_with_dbt.py
[2025-03-29T23:58:31.237+0000] {processor.py:914} INFO - Processing file /opt/airflow/dags/build_elt_with_dbt.py for tasks to queue
[2025-03-29T23:58:31.241+0000] {logging_mixin.py:190} INFO - [2025-03-29T23:58:31.241+0000] {dagbag.py:587} INFO - Filling up the DagBag from /opt/airflow/dags/build_elt_with_dbt.py
[2025-03-29T23:58:31.272+0000] {logging_mixin.py:190} INFO - [2025-03-29T23:58:31.272+0000] {base.py:84} INFO - Retrieving connection 'snowflake_conn'
[2025-03-29T23:58:31.278+0000] {processor.py:925} INFO - DAG(s) 'BuildELT_dbt' retrieved from /opt/airflow/dags/build_elt_with_dbt.py
[2025-03-29T23:58:31.292+0000] {logging_mixin.py:190} INFO - [2025-03-29T23:58:31.292+0000] {dag.py:3229} INFO - Sync 1 DAGs
[2025-03-29T23:58:31.301+0000] {logging_mixin.py:190} INFO - [2025-03-29T23:58:31.300+0000] {dag.py:4156} INFO - Setting next_dagrun for BuildELT_dbt to None, run_after=None
[2025-03-29T23:58:31.315+0000] {processor.py:208} INFO - Processing /opt/airflow/dags/build_elt_with_dbt.py took 0.088 seconds
