[2025-03-29T07:15:55.067+0000] {processor.py:186} INFO - Started process (PID=213) to work on /opt/airflow/dags/Hw6_ETL_UserSessionToSnowflake.py
[2025-03-29T07:15:55.069+0000] {processor.py:914} INFO - Processing file /opt/airflow/dags/Hw6_ETL_UserSessionToSnowflake.py for tasks to queue
[2025-03-29T07:15:55.073+0000] {logging_mixin.py:190} INFO - [2025-03-29T07:15:55.073+0000] {dagbag.py:587} INFO - Filling up the DagBag from /opt/airflow/dags/Hw6_ETL_UserSessionToSnowflake.py
[2025-03-29T07:15:55.095+0000] {processor.py:925} INFO - DAG(s) 'Hw6_ETL_UserSessionsToSnowflake' retrieved from /opt/airflow/dags/Hw6_ETL_UserSessionToSnowflake.py
[2025-03-29T07:15:55.130+0000] {logging_mixin.py:190} INFO - [2025-03-29T07:15:55.129+0000] {dag.py:3229} INFO - Sync 1 DAGs
[2025-03-29T07:15:55.148+0000] {logging_mixin.py:190} INFO - [2025-03-29T07:15:55.148+0000] {dag.py:4156} INFO - Setting next_dagrun for Hw6_ETL_UserSessionsToSnowflake to 2025-03-29 02:30:00+00:00, run_after=2025-03-30 02:30:00+00:00
[2025-03-29T07:15:55.168+0000] {processor.py:208} INFO - Processing /opt/airflow/dags/Hw6_ETL_UserSessionToSnowflake.py took 0.110 seconds
[2025-03-29T07:16:25.580+0000] {processor.py:186} INFO - Started process (PID=303) to work on /opt/airflow/dags/Hw6_ETL_UserSessionToSnowflake.py
[2025-03-29T07:16:25.581+0000] {processor.py:914} INFO - Processing file /opt/airflow/dags/Hw6_ETL_UserSessionToSnowflake.py for tasks to queue
[2025-03-29T07:16:25.582+0000] {logging_mixin.py:190} INFO - [2025-03-29T07:16:25.581+0000] {dagbag.py:587} INFO - Filling up the DagBag from /opt/airflow/dags/Hw6_ETL_UserSessionToSnowflake.py
[2025-03-29T07:16:25.587+0000] {processor.py:925} INFO - DAG(s) 'Hw6_ETL_UserSessionsToSnowflake' retrieved from /opt/airflow/dags/Hw6_ETL_UserSessionToSnowflake.py
[2025-03-29T07:16:25.597+0000] {logging_mixin.py:190} INFO - [2025-03-29T07:16:25.596+0000] {dag.py:3229} INFO - Sync 1 DAGs
[2025-03-29T07:16:25.605+0000] {logging_mixin.py:190} INFO - [2025-03-29T07:16:25.605+0000] {dag.py:4156} INFO - Setting next_dagrun for Hw6_ETL_UserSessionsToSnowflake to 2025-03-29 02:30:00+00:00, run_after=2025-03-30 02:30:00+00:00
[2025-03-29T07:16:25.612+0000] {processor.py:208} INFO - Processing /opt/airflow/dags/Hw6_ETL_UserSessionToSnowflake.py took 0.034 seconds
[2025-03-29T07:16:55.777+0000] {processor.py:186} INFO - Started process (PID=337) to work on /opt/airflow/dags/Hw6_ETL_UserSessionToSnowflake.py
[2025-03-29T07:16:55.778+0000] {processor.py:914} INFO - Processing file /opt/airflow/dags/Hw6_ETL_UserSessionToSnowflake.py for tasks to queue
[2025-03-29T07:16:55.780+0000] {logging_mixin.py:190} INFO - [2025-03-29T07:16:55.780+0000] {dagbag.py:587} INFO - Filling up the DagBag from /opt/airflow/dags/Hw6_ETL_UserSessionToSnowflake.py
[2025-03-29T07:16:55.787+0000] {processor.py:925} INFO - DAG(s) 'Hw6_ETL_UserSessionsToSnowflake' retrieved from /opt/airflow/dags/Hw6_ETL_UserSessionToSnowflake.py
[2025-03-29T07:16:55.803+0000] {logging_mixin.py:190} INFO - [2025-03-29T07:16:55.802+0000] {dag.py:3229} INFO - Sync 1 DAGs
[2025-03-29T07:16:55.814+0000] {logging_mixin.py:190} INFO - [2025-03-29T07:16:55.814+0000] {dag.py:4156} INFO - Setting next_dagrun for Hw6_ETL_UserSessionsToSnowflake to 2025-03-29 02:30:00+00:00, run_after=2025-03-30 02:30:00+00:00
[2025-03-29T07:16:55.822+0000] {processor.py:208} INFO - Processing /opt/airflow/dags/Hw6_ETL_UserSessionToSnowflake.py took 0.051 seconds
[2025-03-29T07:17:26.882+0000] {processor.py:186} INFO - Started process (PID=382) to work on /opt/airflow/dags/Hw6_ETL_UserSessionToSnowflake.py
[2025-03-29T07:17:26.883+0000] {processor.py:914} INFO - Processing file /opt/airflow/dags/Hw6_ETL_UserSessionToSnowflake.py for tasks to queue
[2025-03-29T07:17:26.884+0000] {logging_mixin.py:190} INFO - [2025-03-29T07:17:26.884+0000] {dagbag.py:587} INFO - Filling up the DagBag from /opt/airflow/dags/Hw6_ETL_UserSessionToSnowflake.py
[2025-03-29T07:17:26.889+0000] {processor.py:925} INFO - DAG(s) 'Hw6_ETL_UserSessionsToSnowflake' retrieved from /opt/airflow/dags/Hw6_ETL_UserSessionToSnowflake.py
[2025-03-29T07:17:26.899+0000] {logging_mixin.py:190} INFO - [2025-03-29T07:17:26.899+0000] {dag.py:3229} INFO - Sync 1 DAGs
[2025-03-29T07:17:26.908+0000] {logging_mixin.py:190} INFO - [2025-03-29T07:17:26.908+0000] {dag.py:4156} INFO - Setting next_dagrun for Hw6_ETL_UserSessionsToSnowflake to 2025-03-29 02:30:00+00:00, run_after=2025-03-30 02:30:00+00:00
[2025-03-29T07:17:26.914+0000] {processor.py:208} INFO - Processing /opt/airflow/dags/Hw6_ETL_UserSessionToSnowflake.py took 0.034 seconds
[2025-03-29T07:17:58.047+0000] {processor.py:186} INFO - Started process (PID=418) to work on /opt/airflow/dags/Hw6_ETL_UserSessionToSnowflake.py
[2025-03-29T07:17:58.048+0000] {processor.py:914} INFO - Processing file /opt/airflow/dags/Hw6_ETL_UserSessionToSnowflake.py for tasks to queue
[2025-03-29T07:17:58.050+0000] {logging_mixin.py:190} INFO - [2025-03-29T07:17:58.050+0000] {dagbag.py:587} INFO - Filling up the DagBag from /opt/airflow/dags/Hw6_ETL_UserSessionToSnowflake.py
[2025-03-29T07:17:58.060+0000] {processor.py:925} INFO - DAG(s) 'Hw6_ETL_UserSessionsToSnowflake' retrieved from /opt/airflow/dags/Hw6_ETL_UserSessionToSnowflake.py
[2025-03-29T07:17:58.086+0000] {logging_mixin.py:190} INFO - [2025-03-29T07:17:58.086+0000] {dag.py:3229} INFO - Sync 1 DAGs
[2025-03-29T07:17:58.108+0000] {logging_mixin.py:190} INFO - [2025-03-29T07:17:58.108+0000] {dag.py:4156} INFO - Setting next_dagrun for Hw6_ETL_UserSessionsToSnowflake to 2025-03-29 02:30:00+00:00, run_after=2025-03-30 02:30:00+00:00
[2025-03-29T07:17:58.125+0000] {processor.py:208} INFO - Processing /opt/airflow/dags/Hw6_ETL_UserSessionToSnowflake.py took 0.082 seconds
[2025-03-29T08:39:55.229+0000] {processor.py:186} INFO - Started process (PID=452) to work on /opt/airflow/dags/Hw6_ETL_UserSessionToSnowflake.py
[2025-03-29T08:39:55.232+0000] {processor.py:914} INFO - Processing file /opt/airflow/dags/Hw6_ETL_UserSessionToSnowflake.py for tasks to queue
[2025-03-29T08:39:55.235+0000] {logging_mixin.py:190} INFO - [2025-03-29T08:39:55.234+0000] {dagbag.py:587} INFO - Filling up the DagBag from /opt/airflow/dags/Hw6_ETL_UserSessionToSnowflake.py
[2025-03-29T08:39:55.244+0000] {processor.py:925} INFO - DAG(s) 'Hw6_ETL_UserSessionsToSnowflake' retrieved from /opt/airflow/dags/Hw6_ETL_UserSessionToSnowflake.py
[2025-03-29T08:39:55.260+0000] {logging_mixin.py:190} INFO - [2025-03-29T08:39:55.260+0000] {dag.py:3229} INFO - Sync 1 DAGs
[2025-03-29T08:39:55.278+0000] {logging_mixin.py:190} INFO - [2025-03-29T08:39:55.277+0000] {dag.py:4156} INFO - Setting next_dagrun for Hw6_ETL_UserSessionsToSnowflake to 2025-03-29 02:30:00+00:00, run_after=2025-03-30 02:30:00+00:00
[2025-03-29T08:39:55.287+0000] {processor.py:208} INFO - Processing /opt/airflow/dags/Hw6_ETL_UserSessionToSnowflake.py took 0.061 seconds
[2025-03-29T09:50:43.524+0000] {processor.py:186} INFO - Started process (PID=490) to work on /opt/airflow/dags/Hw6_ETL_UserSessionToSnowflake.py
[2025-03-29T09:50:43.525+0000] {processor.py:914} INFO - Processing file /opt/airflow/dags/Hw6_ETL_UserSessionToSnowflake.py for tasks to queue
[2025-03-29T09:50:43.526+0000] {logging_mixin.py:190} INFO - [2025-03-29T09:50:43.526+0000] {dagbag.py:587} INFO - Filling up the DagBag from /opt/airflow/dags/Hw6_ETL_UserSessionToSnowflake.py
[2025-03-29T09:50:43.531+0000] {processor.py:925} INFO - DAG(s) 'Hw6_ETL_UserSessionsToSnowflake' retrieved from /opt/airflow/dags/Hw6_ETL_UserSessionToSnowflake.py
[2025-03-29T09:50:43.543+0000] {logging_mixin.py:190} INFO - [2025-03-29T09:50:43.543+0000] {dag.py:3229} INFO - Sync 1 DAGs
[2025-03-29T09:50:43.553+0000] {logging_mixin.py:190} INFO - [2025-03-29T09:50:43.553+0000] {dag.py:4156} INFO - Setting next_dagrun for Hw6_ETL_UserSessionsToSnowflake to 2025-03-29 02:30:00+00:00, run_after=2025-03-30 02:30:00+00:00
[2025-03-29T09:50:43.559+0000] {processor.py:208} INFO - Processing /opt/airflow/dags/Hw6_ETL_UserSessionToSnowflake.py took 0.038 seconds
[2025-03-29T11:27:11.976+0000] {processor.py:186} INFO - Started process (PID=524) to work on /opt/airflow/dags/Hw6_ETL_UserSessionToSnowflake.py
[2025-03-29T11:27:11.978+0000] {processor.py:914} INFO - Processing file /opt/airflow/dags/Hw6_ETL_UserSessionToSnowflake.py for tasks to queue
[2025-03-29T11:27:11.979+0000] {logging_mixin.py:190} INFO - [2025-03-29T11:27:11.979+0000] {dagbag.py:587} INFO - Filling up the DagBag from /opt/airflow/dags/Hw6_ETL_UserSessionToSnowflake.py
[2025-03-29T11:27:11.985+0000] {processor.py:925} INFO - DAG(s) 'Hw6_ETL_UserSessionsToSnowflake' retrieved from /opt/airflow/dags/Hw6_ETL_UserSessionToSnowflake.py
[2025-03-29T11:27:11.999+0000] {logging_mixin.py:190} INFO - [2025-03-29T11:27:11.998+0000] {dag.py:3229} INFO - Sync 1 DAGs
[2025-03-29T11:27:12.011+0000] {logging_mixin.py:190} INFO - [2025-03-29T11:27:12.011+0000] {dag.py:4156} INFO - Setting next_dagrun for Hw6_ETL_UserSessionsToSnowflake to 2025-03-29 02:30:00+00:00, run_after=2025-03-30 02:30:00+00:00
[2025-03-29T11:27:12.023+0000] {processor.py:208} INFO - Processing /opt/airflow/dags/Hw6_ETL_UserSessionToSnowflake.py took 0.050 seconds
[2025-03-29T12:51:20.955+0000] {processor.py:186} INFO - Started process (PID=561) to work on /opt/airflow/dags/Hw6_ETL_UserSessionToSnowflake.py
[2025-03-29T12:51:20.956+0000] {processor.py:914} INFO - Processing file /opt/airflow/dags/Hw6_ETL_UserSessionToSnowflake.py for tasks to queue
[2025-03-29T12:51:20.958+0000] {logging_mixin.py:190} INFO - [2025-03-29T12:51:20.958+0000] {dagbag.py:587} INFO - Filling up the DagBag from /opt/airflow/dags/Hw6_ETL_UserSessionToSnowflake.py
[2025-03-29T12:51:20.964+0000] {processor.py:925} INFO - DAG(s) 'Hw6_ETL_UserSessionsToSnowflake' retrieved from /opt/airflow/dags/Hw6_ETL_UserSessionToSnowflake.py
[2025-03-29T12:51:20.979+0000] {logging_mixin.py:190} INFO - [2025-03-29T12:51:20.978+0000] {dag.py:3229} INFO - Sync 1 DAGs
[2025-03-29T12:51:20.990+0000] {logging_mixin.py:190} INFO - [2025-03-29T12:51:20.990+0000] {dag.py:4156} INFO - Setting next_dagrun for Hw6_ETL_UserSessionsToSnowflake to 2025-03-29 02:30:00+00:00, run_after=2025-03-30 02:30:00+00:00
[2025-03-29T12:51:20.998+0000] {processor.py:208} INFO - Processing /opt/airflow/dags/Hw6_ETL_UserSessionToSnowflake.py took 0.046 seconds
[2025-03-29T13:34:07.927+0000] {processor.py:186} INFO - Started process (PID=598) to work on /opt/airflow/dags/Hw6_ETL_UserSessionToSnowflake.py
[2025-03-29T13:34:07.928+0000] {processor.py:914} INFO - Processing file /opt/airflow/dags/Hw6_ETL_UserSessionToSnowflake.py for tasks to queue
[2025-03-29T13:34:07.929+0000] {logging_mixin.py:190} INFO - [2025-03-29T13:34:07.929+0000] {dagbag.py:587} INFO - Filling up the DagBag from /opt/airflow/dags/Hw6_ETL_UserSessionToSnowflake.py
[2025-03-29T13:34:07.934+0000] {processor.py:925} INFO - DAG(s) 'Hw6_ETL_UserSessionsToSnowflake' retrieved from /opt/airflow/dags/Hw6_ETL_UserSessionToSnowflake.py
[2025-03-29T13:34:07.948+0000] {logging_mixin.py:190} INFO - [2025-03-29T13:34:07.947+0000] {dag.py:3229} INFO - Sync 1 DAGs
[2025-03-29T13:34:07.962+0000] {logging_mixin.py:190} INFO - [2025-03-29T13:34:07.962+0000] {dag.py:4156} INFO - Setting next_dagrun for Hw6_ETL_UserSessionsToSnowflake to 2025-03-29 02:30:00+00:00, run_after=2025-03-30 02:30:00+00:00
[2025-03-29T13:34:07.970+0000] {processor.py:208} INFO - Processing /opt/airflow/dags/Hw6_ETL_UserSessionToSnowflake.py took 0.045 seconds
[2025-03-29T15:13:00.738+0000] {processor.py:186} INFO - Started process (PID=634) to work on /opt/airflow/dags/Hw6_ETL_UserSessionToSnowflake.py
[2025-03-29T15:13:00.738+0000] {processor.py:914} INFO - Processing file /opt/airflow/dags/Hw6_ETL_UserSessionToSnowflake.py for tasks to queue
[2025-03-29T15:13:00.739+0000] {logging_mixin.py:190} INFO - [2025-03-29T15:13:00.739+0000] {dagbag.py:587} INFO - Filling up the DagBag from /opt/airflow/dags/Hw6_ETL_UserSessionToSnowflake.py
[2025-03-29T15:13:00.744+0000] {processor.py:925} INFO - DAG(s) 'Hw6_ETL_UserSessionsToSnowflake' retrieved from /opt/airflow/dags/Hw6_ETL_UserSessionToSnowflake.py
[2025-03-29T15:13:00.755+0000] {logging_mixin.py:190} INFO - [2025-03-29T15:13:00.754+0000] {dag.py:3229} INFO - Sync 1 DAGs
[2025-03-29T15:13:00.764+0000] {logging_mixin.py:190} INFO - [2025-03-29T15:13:00.764+0000] {dag.py:4156} INFO - Setting next_dagrun for Hw6_ETL_UserSessionsToSnowflake to 2025-03-29 02:30:00+00:00, run_after=2025-03-30 02:30:00+00:00
[2025-03-29T15:13:00.770+0000] {processor.py:208} INFO - Processing /opt/airflow/dags/Hw6_ETL_UserSessionToSnowflake.py took 0.036 seconds
[2025-03-29T15:52:09.447+0000] {processor.py:186} INFO - Started process (PID=670) to work on /opt/airflow/dags/Hw6_ETL_UserSessionToSnowflake.py
[2025-03-29T15:52:09.447+0000] {processor.py:914} INFO - Processing file /opt/airflow/dags/Hw6_ETL_UserSessionToSnowflake.py for tasks to queue
[2025-03-29T15:52:09.448+0000] {logging_mixin.py:190} INFO - [2025-03-29T15:52:09.448+0000] {dagbag.py:587} INFO - Filling up the DagBag from /opt/airflow/dags/Hw6_ETL_UserSessionToSnowflake.py
[2025-03-29T15:52:09.453+0000] {processor.py:925} INFO - DAG(s) 'Hw6_ETL_UserSessionsToSnowflake' retrieved from /opt/airflow/dags/Hw6_ETL_UserSessionToSnowflake.py
[2025-03-29T15:52:09.465+0000] {logging_mixin.py:190} INFO - [2025-03-29T15:52:09.465+0000] {dag.py:3229} INFO - Sync 1 DAGs
[2025-03-29T15:52:09.475+0000] {logging_mixin.py:190} INFO - [2025-03-29T15:52:09.475+0000] {dag.py:4156} INFO - Setting next_dagrun for Hw6_ETL_UserSessionsToSnowflake to 2025-03-29 02:30:00+00:00, run_after=2025-03-30 02:30:00+00:00
[2025-03-29T15:52:09.482+0000] {processor.py:208} INFO - Processing /opt/airflow/dags/Hw6_ETL_UserSessionToSnowflake.py took 0.040 seconds
[2025-03-29T17:07:41.149+0000] {processor.py:186} INFO - Started process (PID=706) to work on /opt/airflow/dags/Hw6_ETL_UserSessionToSnowflake.py
[2025-03-29T17:07:41.150+0000] {processor.py:914} INFO - Processing file /opt/airflow/dags/Hw6_ETL_UserSessionToSnowflake.py for tasks to queue
[2025-03-29T17:07:41.151+0000] {logging_mixin.py:190} INFO - [2025-03-29T17:07:41.151+0000] {dagbag.py:587} INFO - Filling up the DagBag from /opt/airflow/dags/Hw6_ETL_UserSessionToSnowflake.py
[2025-03-29T17:07:41.156+0000] {processor.py:925} INFO - DAG(s) 'Hw6_ETL_UserSessionsToSnowflake' retrieved from /opt/airflow/dags/Hw6_ETL_UserSessionToSnowflake.py
[2025-03-29T17:07:41.166+0000] {logging_mixin.py:190} INFO - [2025-03-29T17:07:41.166+0000] {dag.py:3229} INFO - Sync 1 DAGs
[2025-03-29T17:07:41.175+0000] {logging_mixin.py:190} INFO - [2025-03-29T17:07:41.175+0000] {dag.py:4156} INFO - Setting next_dagrun for Hw6_ETL_UserSessionsToSnowflake to 2025-03-29 02:30:00+00:00, run_after=2025-03-30 02:30:00+00:00
[2025-03-29T17:07:41.180+0000] {processor.py:208} INFO - Processing /opt/airflow/dags/Hw6_ETL_UserSessionToSnowflake.py took 0.033 seconds
[2025-03-29T18:21:18.657+0000] {processor.py:186} INFO - Started process (PID=742) to work on /opt/airflow/dags/Hw6_ETL_UserSessionToSnowflake.py
[2025-03-29T18:21:18.659+0000] {processor.py:914} INFO - Processing file /opt/airflow/dags/Hw6_ETL_UserSessionToSnowflake.py for tasks to queue
[2025-03-29T18:21:18.660+0000] {logging_mixin.py:190} INFO - [2025-03-29T18:21:18.660+0000] {dagbag.py:587} INFO - Filling up the DagBag from /opt/airflow/dags/Hw6_ETL_UserSessionToSnowflake.py
[2025-03-29T18:21:18.666+0000] {processor.py:925} INFO - DAG(s) 'Hw6_ETL_UserSessionsToSnowflake' retrieved from /opt/airflow/dags/Hw6_ETL_UserSessionToSnowflake.py
[2025-03-29T18:21:18.679+0000] {logging_mixin.py:190} INFO - [2025-03-29T18:21:18.678+0000] {dag.py:3229} INFO - Sync 1 DAGs
[2025-03-29T18:21:18.688+0000] {logging_mixin.py:190} INFO - [2025-03-29T18:21:18.687+0000] {dag.py:4156} INFO - Setting next_dagrun for Hw6_ETL_UserSessionsToSnowflake to 2025-03-29 02:30:00+00:00, run_after=2025-03-30 02:30:00+00:00
[2025-03-29T18:21:18.694+0000] {processor.py:208} INFO - Processing /opt/airflow/dags/Hw6_ETL_UserSessionToSnowflake.py took 0.044 seconds
[2025-03-29T19:55:15.629+0000] {processor.py:186} INFO - Started process (PID=778) to work on /opt/airflow/dags/Hw6_ETL_UserSessionToSnowflake.py
[2025-03-29T19:55:15.629+0000] {processor.py:914} INFO - Processing file /opt/airflow/dags/Hw6_ETL_UserSessionToSnowflake.py for tasks to queue
[2025-03-29T19:55:15.630+0000] {logging_mixin.py:190} INFO - [2025-03-29T19:55:15.630+0000] {dagbag.py:587} INFO - Filling up the DagBag from /opt/airflow/dags/Hw6_ETL_UserSessionToSnowflake.py
[2025-03-29T19:55:15.635+0000] {processor.py:925} INFO - DAG(s) 'Hw6_ETL_UserSessionsToSnowflake' retrieved from /opt/airflow/dags/Hw6_ETL_UserSessionToSnowflake.py
[2025-03-29T19:55:15.647+0000] {logging_mixin.py:190} INFO - [2025-03-29T19:55:15.646+0000] {dag.py:3229} INFO - Sync 1 DAGs
[2025-03-29T19:55:15.656+0000] {logging_mixin.py:190} INFO - [2025-03-29T19:55:15.656+0000] {dag.py:4156} INFO - Setting next_dagrun for Hw6_ETL_UserSessionsToSnowflake to 2025-03-29 02:30:00+00:00, run_after=2025-03-30 02:30:00+00:00
[2025-03-29T19:55:15.662+0000] {processor.py:208} INFO - Processing /opt/airflow/dags/Hw6_ETL_UserSessionToSnowflake.py took 0.036 seconds
[2025-03-29T20:58:57.526+0000] {processor.py:186} INFO - Started process (PID=814) to work on /opt/airflow/dags/Hw6_ETL_UserSessionToSnowflake.py
[2025-03-29T20:58:57.526+0000] {processor.py:914} INFO - Processing file /opt/airflow/dags/Hw6_ETL_UserSessionToSnowflake.py for tasks to queue
[2025-03-29T20:58:57.528+0000] {logging_mixin.py:190} INFO - [2025-03-29T20:58:57.527+0000] {dagbag.py:587} INFO - Filling up the DagBag from /opt/airflow/dags/Hw6_ETL_UserSessionToSnowflake.py
[2025-03-29T20:58:57.533+0000] {processor.py:925} INFO - DAG(s) 'Hw6_ETL_UserSessionsToSnowflake' retrieved from /opt/airflow/dags/Hw6_ETL_UserSessionToSnowflake.py
[2025-03-29T20:58:57.552+0000] {logging_mixin.py:190} INFO - [2025-03-29T20:58:57.551+0000] {dag.py:3229} INFO - Sync 1 DAGs
[2025-03-29T20:58:57.568+0000] {logging_mixin.py:190} INFO - [2025-03-29T20:58:57.568+0000] {dag.py:4156} INFO - Setting next_dagrun for Hw6_ETL_UserSessionsToSnowflake to 2025-03-29 02:30:00+00:00, run_after=2025-03-30 02:30:00+00:00
[2025-03-29T20:58:57.581+0000] {processor.py:208} INFO - Processing /opt/airflow/dags/Hw6_ETL_UserSessionToSnowflake.py took 0.060 seconds
[2025-03-29T21:57:39.087+0000] {processor.py:186} INFO - Started process (PID=850) to work on /opt/airflow/dags/Hw6_ETL_UserSessionToSnowflake.py
[2025-03-29T21:57:39.088+0000] {processor.py:914} INFO - Processing file /opt/airflow/dags/Hw6_ETL_UserSessionToSnowflake.py for tasks to queue
[2025-03-29T21:57:39.089+0000] {logging_mixin.py:190} INFO - [2025-03-29T21:57:39.089+0000] {dagbag.py:587} INFO - Filling up the DagBag from /opt/airflow/dags/Hw6_ETL_UserSessionToSnowflake.py
[2025-03-29T21:57:39.095+0000] {processor.py:925} INFO - DAG(s) 'Hw6_ETL_UserSessionsToSnowflake' retrieved from /opt/airflow/dags/Hw6_ETL_UserSessionToSnowflake.py
[2025-03-29T21:57:39.108+0000] {logging_mixin.py:190} INFO - [2025-03-29T21:57:39.108+0000] {dag.py:3229} INFO - Sync 1 DAGs
[2025-03-29T21:57:39.122+0000] {logging_mixin.py:190} INFO - [2025-03-29T21:57:39.122+0000] {dag.py:4156} INFO - Setting next_dagrun for Hw6_ETL_UserSessionsToSnowflake to 2025-03-29 02:30:00+00:00, run_after=2025-03-30 02:30:00+00:00
[2025-03-29T21:57:39.133+0000] {processor.py:208} INFO - Processing /opt/airflow/dags/Hw6_ETL_UserSessionToSnowflake.py took 0.049 seconds
[2025-03-29T22:43:12.098+0000] {processor.py:186} INFO - Started process (PID=886) to work on /opt/airflow/dags/Hw6_ETL_UserSessionToSnowflake.py
[2025-03-29T22:43:12.098+0000] {processor.py:914} INFO - Processing file /opt/airflow/dags/Hw6_ETL_UserSessionToSnowflake.py for tasks to queue
[2025-03-29T22:43:12.099+0000] {logging_mixin.py:190} INFO - [2025-03-29T22:43:12.099+0000] {dagbag.py:587} INFO - Filling up the DagBag from /opt/airflow/dags/Hw6_ETL_UserSessionToSnowflake.py
[2025-03-29T22:43:12.104+0000] {processor.py:925} INFO - DAG(s) 'Hw6_ETL_UserSessionsToSnowflake' retrieved from /opt/airflow/dags/Hw6_ETL_UserSessionToSnowflake.py
[2025-03-29T22:43:12.116+0000] {logging_mixin.py:190} INFO - [2025-03-29T22:43:12.116+0000] {dag.py:3229} INFO - Sync 1 DAGs
[2025-03-29T22:43:12.125+0000] {logging_mixin.py:190} INFO - [2025-03-29T22:43:12.125+0000] {dag.py:4156} INFO - Setting next_dagrun for Hw6_ETL_UserSessionsToSnowflake to 2025-03-29 02:30:00+00:00, run_after=2025-03-30 02:30:00+00:00
[2025-03-29T22:43:12.131+0000] {processor.py:208} INFO - Processing /opt/airflow/dags/Hw6_ETL_UserSessionToSnowflake.py took 0.036 seconds
[2025-03-29T23:58:31.333+0000] {processor.py:186} INFO - Started process (PID=922) to work on /opt/airflow/dags/Hw6_ETL_UserSessionToSnowflake.py
[2025-03-29T23:58:31.334+0000] {processor.py:914} INFO - Processing file /opt/airflow/dags/Hw6_ETL_UserSessionToSnowflake.py for tasks to queue
[2025-03-29T23:58:31.335+0000] {logging_mixin.py:190} INFO - [2025-03-29T23:58:31.334+0000] {dagbag.py:587} INFO - Filling up the DagBag from /opt/airflow/dags/Hw6_ETL_UserSessionToSnowflake.py
[2025-03-29T23:58:31.341+0000] {processor.py:925} INFO - DAG(s) 'Hw6_ETL_UserSessionsToSnowflake' retrieved from /opt/airflow/dags/Hw6_ETL_UserSessionToSnowflake.py
[2025-03-29T23:58:31.353+0000] {logging_mixin.py:190} INFO - [2025-03-29T23:58:31.353+0000] {dag.py:3229} INFO - Sync 1 DAGs
[2025-03-29T23:58:31.362+0000] {logging_mixin.py:190} INFO - [2025-03-29T23:58:31.362+0000] {dag.py:4156} INFO - Setting next_dagrun for Hw6_ETL_UserSessionsToSnowflake to 2025-03-29 02:30:00+00:00, run_after=2025-03-30 02:30:00+00:00
[2025-03-29T23:58:31.368+0000] {processor.py:208} INFO - Processing /opt/airflow/dags/Hw6_ETL_UserSessionToSnowflake.py took 0.038 seconds
