[2025-03-29T07:15:55.030+0000] {processor.py:186} INFO - Started process (PID=210) to work on /opt/airflow/dags/Hw6_ELT_UserSummary.py
[2025-03-29T07:15:55.038+0000] {processor.py:914} INFO - Processing file /opt/airflow/dags/Hw6_ELT_UserSummary.py for tasks to queue
[2025-03-29T07:15:55.049+0000] {logging_mixin.py:190} INFO - [2025-03-29T07:15:55.048+0000] {dagbag.py:587} INFO - Filling up the DagBag from /opt/airflow/dags/Hw6_ELT_UserSummary.py
[2025-03-29T07:15:55.063+0000] {processor.py:925} INFO - DAG(s) 'Hw6_ELT_UserSummary' retrieved from /opt/airflow/dags/Hw6_ELT_UserSummary.py
[2025-03-29T07:15:55.106+0000] {logging_mixin.py:190} INFO - [2025-03-29T07:15:55.105+0000] {dag.py:3229} INFO - Sync 1 DAGs
[2025-03-29T07:15:55.141+0000] {logging_mixin.py:190} INFO - [2025-03-29T07:15:55.141+0000] {dag.py:4156} INFO - Setting next_dagrun for Hw6_ELT_UserSummary to 2025-03-29 02:45:00+00:00, run_after=2025-03-30 02:45:00+00:00
[2025-03-29T07:15:55.161+0000] {processor.py:208} INFO - Processing /opt/airflow/dags/Hw6_ELT_UserSummary.py took 0.139 seconds
[2025-03-29T07:16:25.473+0000] {processor.py:186} INFO - Started process (PID=296) to work on /opt/airflow/dags/Hw6_ELT_UserSummary.py
[2025-03-29T07:16:25.474+0000] {processor.py:914} INFO - Processing file /opt/airflow/dags/Hw6_ELT_UserSummary.py for tasks to queue
[2025-03-29T07:16:25.478+0000] {logging_mixin.py:190} INFO - [2025-03-29T07:16:25.477+0000] {dagbag.py:587} INFO - Filling up the DagBag from /opt/airflow/dags/Hw6_ELT_UserSummary.py
[2025-03-29T07:16:25.500+0000] {processor.py:925} INFO - DAG(s) 'Hw6_ELT_UserSummary' retrieved from /opt/airflow/dags/Hw6_ELT_UserSummary.py
[2025-03-29T07:16:25.532+0000] {logging_mixin.py:190} INFO - [2025-03-29T07:16:25.532+0000] {dag.py:3229} INFO - Sync 1 DAGs
[2025-03-29T07:16:25.555+0000] {logging_mixin.py:190} INFO - [2025-03-29T07:16:25.555+0000] {dag.py:4156} INFO - Setting next_dagrun for Hw6_ELT_UserSummary to 2025-03-29 02:45:00+00:00, run_after=2025-03-30 02:45:00+00:00
[2025-03-29T07:16:25.569+0000] {processor.py:208} INFO - Processing /opt/airflow/dags/Hw6_ELT_UserSummary.py took 0.105 seconds
[2025-03-29T07:16:55.682+0000] {processor.py:186} INFO - Started process (PID=332) to work on /opt/airflow/dags/Hw6_ELT_UserSummary.py
[2025-03-29T07:16:55.684+0000] {processor.py:914} INFO - Processing file /opt/airflow/dags/Hw6_ELT_UserSummary.py for tasks to queue
[2025-03-29T07:16:55.687+0000] {logging_mixin.py:190} INFO - [2025-03-29T07:16:55.687+0000] {dagbag.py:587} INFO - Filling up the DagBag from /opt/airflow/dags/Hw6_ELT_UserSummary.py
[2025-03-29T07:16:55.714+0000] {processor.py:925} INFO - DAG(s) 'Hw6_ELT_UserSummary' retrieved from /opt/airflow/dags/Hw6_ELT_UserSummary.py
[2025-03-29T07:16:55.737+0000] {logging_mixin.py:190} INFO - [2025-03-29T07:16:55.736+0000] {dag.py:3229} INFO - Sync 1 DAGs
[2025-03-29T07:16:55.755+0000] {logging_mixin.py:190} INFO - [2025-03-29T07:16:55.754+0000] {dag.py:4156} INFO - Setting next_dagrun for Hw6_ELT_UserSummary to 2025-03-29 02:45:00+00:00, run_after=2025-03-30 02:45:00+00:00
[2025-03-29T07:16:55.768+0000] {processor.py:208} INFO - Processing /opt/airflow/dags/Hw6_ELT_UserSummary.py took 0.091 seconds
[2025-03-29T07:17:26.783+0000] {processor.py:186} INFO - Started process (PID=375) to work on /opt/airflow/dags/Hw6_ELT_UserSummary.py
[2025-03-29T07:17:26.784+0000] {processor.py:914} INFO - Processing file /opt/airflow/dags/Hw6_ELT_UserSummary.py for tasks to queue
[2025-03-29T07:17:26.788+0000] {logging_mixin.py:190} INFO - [2025-03-29T07:17:26.788+0000] {dagbag.py:587} INFO - Filling up the DagBag from /opt/airflow/dags/Hw6_ELT_UserSummary.py
[2025-03-29T07:17:26.818+0000] {processor.py:925} INFO - DAG(s) 'Hw6_ELT_UserSummary' retrieved from /opt/airflow/dags/Hw6_ELT_UserSummary.py
[2025-03-29T07:17:26.843+0000] {logging_mixin.py:190} INFO - [2025-03-29T07:17:26.842+0000] {dag.py:3229} INFO - Sync 1 DAGs
[2025-03-29T07:17:26.858+0000] {logging_mixin.py:190} INFO - [2025-03-29T07:17:26.857+0000] {dag.py:4156} INFO - Setting next_dagrun for Hw6_ELT_UserSummary to 2025-03-29 02:45:00+00:00, run_after=2025-03-30 02:45:00+00:00
[2025-03-29T07:17:26.868+0000] {processor.py:208} INFO - Processing /opt/airflow/dags/Hw6_ELT_UserSummary.py took 0.091 seconds
[2025-03-29T07:17:57.730+0000] {processor.py:186} INFO - Started process (PID=411) to work on /opt/airflow/dags/Hw6_ELT_UserSummary.py
[2025-03-29T07:17:57.734+0000] {processor.py:914} INFO - Processing file /opt/airflow/dags/Hw6_ELT_UserSummary.py for tasks to queue
[2025-03-29T07:17:57.746+0000] {logging_mixin.py:190} INFO - [2025-03-29T07:17:57.745+0000] {dagbag.py:587} INFO - Filling up the DagBag from /opt/airflow/dags/Hw6_ELT_UserSummary.py
[2025-03-29T07:17:57.813+0000] {processor.py:925} INFO - DAG(s) 'Hw6_ELT_UserSummary' retrieved from /opt/airflow/dags/Hw6_ELT_UserSummary.py
[2025-03-29T07:17:57.913+0000] {logging_mixin.py:190} INFO - [2025-03-29T07:17:57.912+0000] {dag.py:3229} INFO - Sync 1 DAGs
[2025-03-29T07:17:57.952+0000] {logging_mixin.py:190} INFO - [2025-03-29T07:17:57.952+0000] {dag.py:4156} INFO - Setting next_dagrun for Hw6_ELT_UserSummary to 2025-03-29 02:45:00+00:00, run_after=2025-03-30 02:45:00+00:00
[2025-03-29T07:17:58.019+0000] {processor.py:208} INFO - Processing /opt/airflow/dags/Hw6_ELT_UserSummary.py took 0.313 seconds
[2025-03-29T08:39:55.151+0000] {processor.py:186} INFO - Started process (PID=447) to work on /opt/airflow/dags/Hw6_ELT_UserSummary.py
[2025-03-29T08:39:55.151+0000] {processor.py:914} INFO - Processing file /opt/airflow/dags/Hw6_ELT_UserSummary.py for tasks to queue
[2025-03-29T08:39:55.153+0000] {logging_mixin.py:190} INFO - [2025-03-29T08:39:55.153+0000] {dagbag.py:587} INFO - Filling up the DagBag from /opt/airflow/dags/Hw6_ELT_UserSummary.py
[2025-03-29T08:39:55.172+0000] {processor.py:925} INFO - DAG(s) 'Hw6_ELT_UserSummary' retrieved from /opt/airflow/dags/Hw6_ELT_UserSummary.py
[2025-03-29T08:39:55.193+0000] {logging_mixin.py:190} INFO - [2025-03-29T08:39:55.193+0000] {dag.py:3229} INFO - Sync 1 DAGs
[2025-03-29T08:39:55.208+0000] {logging_mixin.py:190} INFO - [2025-03-29T08:39:55.208+0000] {dag.py:4156} INFO - Setting next_dagrun for Hw6_ELT_UserSummary to 2025-03-29 02:45:00+00:00, run_after=2025-03-30 02:45:00+00:00
[2025-03-29T08:39:55.221+0000] {processor.py:208} INFO - Processing /opt/airflow/dags/Hw6_ELT_UserSummary.py took 0.075 seconds
[2025-03-29T09:50:43.431+0000] {processor.py:186} INFO - Started process (PID=483) to work on /opt/airflow/dags/Hw6_ELT_UserSummary.py
[2025-03-29T09:50:43.433+0000] {processor.py:914} INFO - Processing file /opt/airflow/dags/Hw6_ELT_UserSummary.py for tasks to queue
[2025-03-29T09:50:43.441+0000] {logging_mixin.py:190} INFO - [2025-03-29T09:50:43.440+0000] {dagbag.py:587} INFO - Filling up the DagBag from /opt/airflow/dags/Hw6_ELT_UserSummary.py
[2025-03-29T09:50:43.460+0000] {processor.py:925} INFO - DAG(s) 'Hw6_ELT_UserSummary' retrieved from /opt/airflow/dags/Hw6_ELT_UserSummary.py
[2025-03-29T09:50:43.482+0000] {logging_mixin.py:190} INFO - [2025-03-29T09:50:43.481+0000] {dag.py:3229} INFO - Sync 1 DAGs
[2025-03-29T09:50:43.499+0000] {logging_mixin.py:190} INFO - [2025-03-29T09:50:43.498+0000] {dag.py:4156} INFO - Setting next_dagrun for Hw6_ELT_UserSummary to 2025-03-29 02:45:00+00:00, run_after=2025-03-30 02:45:00+00:00
[2025-03-29T09:50:43.509+0000] {processor.py:208} INFO - Processing /opt/airflow/dags/Hw6_ELT_UserSummary.py took 0.088 seconds
[2025-03-29T11:27:11.884+0000] {processor.py:186} INFO - Started process (PID=519) to work on /opt/airflow/dags/Hw6_ELT_UserSummary.py
[2025-03-29T11:27:11.888+0000] {processor.py:914} INFO - Processing file /opt/airflow/dags/Hw6_ELT_UserSummary.py for tasks to queue
[2025-03-29T11:27:11.889+0000] {logging_mixin.py:190} INFO - [2025-03-29T11:27:11.889+0000] {dagbag.py:587} INFO - Filling up the DagBag from /opt/airflow/dags/Hw6_ELT_UserSummary.py
[2025-03-29T11:27:11.910+0000] {processor.py:925} INFO - DAG(s) 'Hw6_ELT_UserSummary' retrieved from /opt/airflow/dags/Hw6_ELT_UserSummary.py
[2025-03-29T11:27:11.936+0000] {logging_mixin.py:190} INFO - [2025-03-29T11:27:11.936+0000] {dag.py:3229} INFO - Sync 1 DAGs
[2025-03-29T11:27:11.955+0000] {logging_mixin.py:190} INFO - [2025-03-29T11:27:11.955+0000] {dag.py:4156} INFO - Setting next_dagrun for Hw6_ELT_UserSummary to 2025-03-29 02:45:00+00:00, run_after=2025-03-30 02:45:00+00:00
[2025-03-29T11:27:11.969+0000] {processor.py:208} INFO - Processing /opt/airflow/dags/Hw6_ELT_UserSummary.py took 0.090 seconds
[2025-03-29T12:51:20.837+0000] {processor.py:186} INFO - Started process (PID=555) to work on /opt/airflow/dags/Hw6_ELT_UserSummary.py
[2025-03-29T12:51:20.839+0000] {processor.py:914} INFO - Processing file /opt/airflow/dags/Hw6_ELT_UserSummary.py for tasks to queue
[2025-03-29T12:51:20.849+0000] {logging_mixin.py:190} INFO - [2025-03-29T12:51:20.849+0000] {dagbag.py:587} INFO - Filling up the DagBag from /opt/airflow/dags/Hw6_ELT_UserSummary.py
[2025-03-29T12:51:20.867+0000] {processor.py:925} INFO - DAG(s) 'Hw6_ELT_UserSummary' retrieved from /opt/airflow/dags/Hw6_ELT_UserSummary.py
[2025-03-29T12:51:20.908+0000] {logging_mixin.py:190} INFO - [2025-03-29T12:51:20.908+0000] {dag.py:3229} INFO - Sync 1 DAGs
[2025-03-29T12:51:20.934+0000] {logging_mixin.py:190} INFO - [2025-03-29T12:51:20.934+0000] {dag.py:4156} INFO - Setting next_dagrun for Hw6_ELT_UserSummary to 2025-03-29 02:45:00+00:00, run_after=2025-03-30 02:45:00+00:00
[2025-03-29T12:51:20.946+0000] {processor.py:208} INFO - Processing /opt/airflow/dags/Hw6_ELT_UserSummary.py took 0.116 seconds
[2025-03-29T13:34:07.828+0000] {processor.py:186} INFO - Started process (PID=591) to work on /opt/airflow/dags/Hw6_ELT_UserSummary.py
[2025-03-29T13:34:07.831+0000] {processor.py:914} INFO - Processing file /opt/airflow/dags/Hw6_ELT_UserSummary.py for tasks to queue
[2025-03-29T13:34:07.835+0000] {logging_mixin.py:190} INFO - [2025-03-29T13:34:07.835+0000] {dagbag.py:587} INFO - Filling up the DagBag from /opt/airflow/dags/Hw6_ELT_UserSummary.py
[2025-03-29T13:34:07.855+0000] {processor.py:925} INFO - DAG(s) 'Hw6_ELT_UserSummary' retrieved from /opt/airflow/dags/Hw6_ELT_UserSummary.py
[2025-03-29T13:34:07.884+0000] {logging_mixin.py:190} INFO - [2025-03-29T13:34:07.884+0000] {dag.py:3229} INFO - Sync 1 DAGs
[2025-03-29T13:34:07.904+0000] {logging_mixin.py:190} INFO - [2025-03-29T13:34:07.904+0000] {dag.py:4156} INFO - Setting next_dagrun for Hw6_ELT_UserSummary to 2025-03-29 02:45:00+00:00, run_after=2025-03-30 02:45:00+00:00
[2025-03-29T13:34:07.917+0000] {processor.py:208} INFO - Processing /opt/airflow/dags/Hw6_ELT_UserSummary.py took 0.095 seconds
[2025-03-29T15:13:00.605+0000] {processor.py:186} INFO - Started process (PID=627) to work on /opt/airflow/dags/Hw6_ELT_UserSummary.py
[2025-03-29T15:13:00.609+0000] {processor.py:914} INFO - Processing file /opt/airflow/dags/Hw6_ELT_UserSummary.py for tasks to queue
[2025-03-29T15:13:00.613+0000] {logging_mixin.py:190} INFO - [2025-03-29T15:13:00.613+0000] {dagbag.py:587} INFO - Filling up the DagBag from /opt/airflow/dags/Hw6_ELT_UserSummary.py
[2025-03-29T15:13:00.632+0000] {processor.py:925} INFO - DAG(s) 'Hw6_ELT_UserSummary' retrieved from /opt/airflow/dags/Hw6_ELT_UserSummary.py
[2025-03-29T15:13:00.674+0000] {logging_mixin.py:190} INFO - [2025-03-29T15:13:00.674+0000] {dag.py:3229} INFO - Sync 1 DAGs
[2025-03-29T15:13:00.696+0000] {logging_mixin.py:190} INFO - [2025-03-29T15:13:00.696+0000] {dag.py:4156} INFO - Setting next_dagrun for Hw6_ELT_UserSummary to 2025-03-29 02:45:00+00:00, run_after=2025-03-30 02:45:00+00:00
[2025-03-29T15:13:00.722+0000] {processor.py:208} INFO - Processing /opt/airflow/dags/Hw6_ELT_UserSummary.py took 0.139 seconds
[2025-03-29T15:52:09.329+0000] {processor.py:186} INFO - Started process (PID=663) to work on /opt/airflow/dags/Hw6_ELT_UserSummary.py
[2025-03-29T15:52:09.331+0000] {processor.py:914} INFO - Processing file /opt/airflow/dags/Hw6_ELT_UserSummary.py for tasks to queue
[2025-03-29T15:52:09.334+0000] {logging_mixin.py:190} INFO - [2025-03-29T15:52:09.334+0000] {dagbag.py:587} INFO - Filling up the DagBag from /opt/airflow/dags/Hw6_ELT_UserSummary.py
[2025-03-29T15:52:09.355+0000] {processor.py:925} INFO - DAG(s) 'Hw6_ELT_UserSummary' retrieved from /opt/airflow/dags/Hw6_ELT_UserSummary.py
[2025-03-29T15:52:09.385+0000] {logging_mixin.py:190} INFO - [2025-03-29T15:52:09.385+0000] {dag.py:3229} INFO - Sync 1 DAGs
[2025-03-29T15:52:09.412+0000] {logging_mixin.py:190} INFO - [2025-03-29T15:52:09.412+0000] {dag.py:4156} INFO - Setting next_dagrun for Hw6_ELT_UserSummary to 2025-03-29 02:45:00+00:00, run_after=2025-03-30 02:45:00+00:00
[2025-03-29T15:52:09.431+0000] {processor.py:208} INFO - Processing /opt/airflow/dags/Hw6_ELT_UserSummary.py took 0.109 seconds
[2025-03-29T17:07:41.061+0000] {processor.py:186} INFO - Started process (PID=699) to work on /opt/airflow/dags/Hw6_ELT_UserSummary.py
[2025-03-29T17:07:41.063+0000] {processor.py:914} INFO - Processing file /opt/airflow/dags/Hw6_ELT_UserSummary.py for tasks to queue
[2025-03-29T17:07:41.065+0000] {logging_mixin.py:190} INFO - [2025-03-29T17:07:41.065+0000] {dagbag.py:587} INFO - Filling up the DagBag from /opt/airflow/dags/Hw6_ELT_UserSummary.py
[2025-03-29T17:07:41.083+0000] {processor.py:925} INFO - DAG(s) 'Hw6_ELT_UserSummary' retrieved from /opt/airflow/dags/Hw6_ELT_UserSummary.py
[2025-03-29T17:07:41.110+0000] {logging_mixin.py:190} INFO - [2025-03-29T17:07:41.109+0000] {dag.py:3229} INFO - Sync 1 DAGs
[2025-03-29T17:07:41.127+0000] {logging_mixin.py:190} INFO - [2025-03-29T17:07:41.127+0000] {dag.py:4156} INFO - Setting next_dagrun for Hw6_ELT_UserSummary to 2025-03-29 02:45:00+00:00, run_after=2025-03-30 02:45:00+00:00
[2025-03-29T17:07:41.138+0000] {processor.py:208} INFO - Processing /opt/airflow/dags/Hw6_ELT_UserSummary.py took 0.086 seconds
[2025-03-29T18:21:18.567+0000] {processor.py:186} INFO - Started process (PID=735) to work on /opt/airflow/dags/Hw6_ELT_UserSummary.py
[2025-03-29T18:21:18.568+0000] {processor.py:914} INFO - Processing file /opt/airflow/dags/Hw6_ELT_UserSummary.py for tasks to queue
[2025-03-29T18:21:18.572+0000] {logging_mixin.py:190} INFO - [2025-03-29T18:21:18.572+0000] {dagbag.py:587} INFO - Filling up the DagBag from /opt/airflow/dags/Hw6_ELT_UserSummary.py
[2025-03-29T18:21:18.587+0000] {processor.py:925} INFO - DAG(s) 'Hw6_ELT_UserSummary' retrieved from /opt/airflow/dags/Hw6_ELT_UserSummary.py
[2025-03-29T18:21:18.617+0000] {logging_mixin.py:190} INFO - [2025-03-29T18:21:18.617+0000] {dag.py:3229} INFO - Sync 1 DAGs
[2025-03-29T18:21:18.633+0000] {logging_mixin.py:190} INFO - [2025-03-29T18:21:18.633+0000] {dag.py:4156} INFO - Setting next_dagrun for Hw6_ELT_UserSummary to 2025-03-29 02:45:00+00:00, run_after=2025-03-30 02:45:00+00:00
[2025-03-29T18:21:18.642+0000] {processor.py:208} INFO - Processing /opt/airflow/dags/Hw6_ELT_UserSummary.py took 0.080 seconds
[2025-03-29T19:55:15.546+0000] {processor.py:186} INFO - Started process (PID=771) to work on /opt/airflow/dags/Hw6_ELT_UserSummary.py
[2025-03-29T19:55:15.549+0000] {processor.py:914} INFO - Processing file /opt/airflow/dags/Hw6_ELT_UserSummary.py for tasks to queue
[2025-03-29T19:55:15.551+0000] {logging_mixin.py:190} INFO - [2025-03-29T19:55:15.551+0000] {dagbag.py:587} INFO - Filling up the DagBag from /opt/airflow/dags/Hw6_ELT_UserSummary.py
[2025-03-29T19:55:15.564+0000] {processor.py:925} INFO - DAG(s) 'Hw6_ELT_UserSummary' retrieved from /opt/airflow/dags/Hw6_ELT_UserSummary.py
[2025-03-29T19:55:15.584+0000] {logging_mixin.py:190} INFO - [2025-03-29T19:55:15.583+0000] {dag.py:3229} INFO - Sync 1 DAGs
[2025-03-29T19:55:15.608+0000] {logging_mixin.py:190} INFO - [2025-03-29T19:55:15.608+0000] {dag.py:4156} INFO - Setting next_dagrun for Hw6_ELT_UserSummary to 2025-03-29 02:45:00+00:00, run_after=2025-03-30 02:45:00+00:00
[2025-03-29T19:55:15.617+0000] {processor.py:208} INFO - Processing /opt/airflow/dags/Hw6_ELT_UserSummary.py took 0.077 seconds
[2025-03-29T20:58:57.427+0000] {processor.py:186} INFO - Started process (PID=807) to work on /opt/airflow/dags/Hw6_ELT_UserSummary.py
[2025-03-29T20:58:57.428+0000] {processor.py:914} INFO - Processing file /opt/airflow/dags/Hw6_ELT_UserSummary.py for tasks to queue
[2025-03-29T20:58:57.433+0000] {logging_mixin.py:190} INFO - [2025-03-29T20:58:57.432+0000] {dagbag.py:587} INFO - Filling up the DagBag from /opt/airflow/dags/Hw6_ELT_UserSummary.py
[2025-03-29T20:58:57.450+0000] {processor.py:925} INFO - DAG(s) 'Hw6_ELT_UserSummary' retrieved from /opt/airflow/dags/Hw6_ELT_UserSummary.py
[2025-03-29T20:58:57.480+0000] {logging_mixin.py:190} INFO - [2025-03-29T20:58:57.479+0000] {dag.py:3229} INFO - Sync 1 DAGs
[2025-03-29T20:58:57.502+0000] {logging_mixin.py:190} INFO - [2025-03-29T20:58:57.502+0000] {dag.py:4156} INFO - Setting next_dagrun for Hw6_ELT_UserSummary to 2025-03-29 02:45:00+00:00, run_after=2025-03-30 02:45:00+00:00
[2025-03-29T20:58:57.513+0000] {processor.py:208} INFO - Processing /opt/airflow/dags/Hw6_ELT_UserSummary.py took 0.095 seconds
[2025-03-29T21:57:39.004+0000] {processor.py:186} INFO - Started process (PID=843) to work on /opt/airflow/dags/Hw6_ELT_UserSummary.py
[2025-03-29T21:57:39.005+0000] {processor.py:914} INFO - Processing file /opt/airflow/dags/Hw6_ELT_UserSummary.py for tasks to queue
[2025-03-29T21:57:39.007+0000] {logging_mixin.py:190} INFO - [2025-03-29T21:57:39.007+0000] {dagbag.py:587} INFO - Filling up the DagBag from /opt/airflow/dags/Hw6_ELT_UserSummary.py
[2025-03-29T21:57:39.030+0000] {processor.py:925} INFO - DAG(s) 'Hw6_ELT_UserSummary' retrieved from /opt/airflow/dags/Hw6_ELT_UserSummary.py
[2025-03-29T21:57:39.049+0000] {logging_mixin.py:190} INFO - [2025-03-29T21:57:39.049+0000] {dag.py:3229} INFO - Sync 1 DAGs
[2025-03-29T21:57:39.064+0000] {logging_mixin.py:190} INFO - [2025-03-29T21:57:39.064+0000] {dag.py:4156} INFO - Setting next_dagrun for Hw6_ELT_UserSummary to 2025-03-29 02:45:00+00:00, run_after=2025-03-30 02:45:00+00:00
[2025-03-29T21:57:39.078+0000] {processor.py:208} INFO - Processing /opt/airflow/dags/Hw6_ELT_UserSummary.py took 0.080 seconds
[2025-03-29T22:43:12.014+0000] {processor.py:186} INFO - Started process (PID=879) to work on /opt/airflow/dags/Hw6_ELT_UserSummary.py
[2025-03-29T22:43:12.015+0000] {processor.py:914} INFO - Processing file /opt/airflow/dags/Hw6_ELT_UserSummary.py for tasks to queue
[2025-03-29T22:43:12.018+0000] {logging_mixin.py:190} INFO - [2025-03-29T22:43:12.018+0000] {dagbag.py:587} INFO - Filling up the DagBag from /opt/airflow/dags/Hw6_ELT_UserSummary.py
[2025-03-29T22:43:12.035+0000] {processor.py:925} INFO - DAG(s) 'Hw6_ELT_UserSummary' retrieved from /opt/airflow/dags/Hw6_ELT_UserSummary.py
[2025-03-29T22:43:12.062+0000] {logging_mixin.py:190} INFO - [2025-03-29T22:43:12.062+0000] {dag.py:3229} INFO - Sync 1 DAGs
[2025-03-29T22:43:12.079+0000] {logging_mixin.py:190} INFO - [2025-03-29T22:43:12.079+0000] {dag.py:4156} INFO - Setting next_dagrun for Hw6_ELT_UserSummary to 2025-03-29 02:45:00+00:00, run_after=2025-03-30 02:45:00+00:00
[2025-03-29T22:43:12.089+0000] {processor.py:208} INFO - Processing /opt/airflow/dags/Hw6_ELT_UserSummary.py took 0.082 seconds
[2025-03-29T23:58:31.238+0000] {processor.py:186} INFO - Started process (PID=915) to work on /opt/airflow/dags/Hw6_ELT_UserSummary.py
[2025-03-29T23:58:31.239+0000] {processor.py:914} INFO - Processing file /opt/airflow/dags/Hw6_ELT_UserSummary.py for tasks to queue
[2025-03-29T23:58:31.243+0000] {logging_mixin.py:190} INFO - [2025-03-29T23:58:31.243+0000] {dagbag.py:587} INFO - Filling up the DagBag from /opt/airflow/dags/Hw6_ELT_UserSummary.py
[2025-03-29T23:58:31.272+0000] {processor.py:925} INFO - DAG(s) 'Hw6_ELT_UserSummary' retrieved from /opt/airflow/dags/Hw6_ELT_UserSummary.py
[2025-03-29T23:58:31.293+0000] {logging_mixin.py:190} INFO - [2025-03-29T23:58:31.293+0000] {dag.py:3229} INFO - Sync 1 DAGs
[2025-03-29T23:58:31.307+0000] {logging_mixin.py:190} INFO - [2025-03-29T23:58:31.307+0000] {dag.py:4156} INFO - Setting next_dagrun for Hw6_ELT_UserSummary to 2025-03-29 02:45:00+00:00, run_after=2025-03-30 02:45:00+00:00
[2025-03-29T23:58:31.321+0000] {processor.py:208} INFO - Processing /opt/airflow/dags/Hw6_ELT_UserSummary.py took 0.088 seconds
