[2025-04-15T22:31:37.611+0000] {local_task_job_runner.py:123} INFO - ::group::Pre task execution logs
[2025-04-15T22:31:37.673+0000] {taskinstance.py:2612} INFO - Dependencies all met for dep_context=non-requeueable deps ti=<TaskInstance: StockELT_dbt.dbt_run manual__2025-04-15T22:31:32.306030+00:00 [queued]>
[2025-04-15T22:31:37.769+0000] {taskinstance.py:2612} INFO - Dependencies all met for dep_context=requeueable deps ti=<TaskInstance: StockELT_dbt.dbt_run manual__2025-04-15T22:31:32.306030+00:00 [queued]>
[2025-04-15T22:31:37.773+0000] {taskinstance.py:2865} INFO - Starting attempt 1 of 1
[2025-04-15T22:31:37.867+0000] {taskinstance.py:2888} INFO - Executing <Task(BashOperator): dbt_run> on 2025-04-15 22:31:32.306030+00:00
[2025-04-15T22:31:38.001+0000] {logging_mixin.py:190} WARNING - /home/***/.local/lib/python3.12/site-packages/***/task/task_runner/standard_task_runner.py:70 DeprecationWarning: This process (pid=15265) is multi-threaded, use of fork() may lead to deadlocks in the child.
[2025-04-15T22:31:37.986+0000] {standard_task_runner.py:104} INFO - Running: ['***', 'tasks', 'run', 'StockELT_dbt', 'dbt_run', 'manual__2025-04-15T22:31:32.306030+00:00', '--job-id', '156', '--raw', '--subdir', 'DAGS_FOLDER/Lab2_elt_with_dbt .py', '--cfg-path', '/tmp/tmp18hvh_zu']
[2025-04-15T22:31:38.004+0000] {standard_task_runner.py:105} INFO - Job 156: Subtask dbt_run
[2025-04-15T22:31:38.005+0000] {standard_task_runner.py:72} INFO - Started process 15266 to run task
[2025-04-15T22:31:38.464+0000] {task_command.py:467} INFO - Running <TaskInstance: StockELT_dbt.dbt_run manual__2025-04-15T22:31:32.306030+00:00 [running]> on host e3cb891c5fca
[2025-04-15T22:31:38.933+0000] {taskinstance.py:3131} INFO - Exporting env vars: AIRFLOW_CTX_DAG_OWNER='***' AIRFLOW_CTX_DAG_ID='StockELT_dbt' AIRFLOW_CTX_TASK_ID='dbt_run' AIRFLOW_CTX_EXECUTION_DATE='2025-04-15T22:31:32.306030+00:00' AIRFLOW_CTX_TRY_NUMBER='1' AIRFLOW_CTX_DAG_RUN_ID='manual__2025-04-15T22:31:32.306030+00:00'
[2025-04-15T22:31:38.937+0000] {taskinstance.py:731} INFO - ::endgroup::
[2025-04-15T22:31:39.002+0000] {subprocess.py:63} INFO - Tmp dir root location: /tmp
[2025-04-15T22:31:39.036+0000] {subprocess.py:75} INFO - Running command: ['/usr/bin/bash', '-c', '/home/***/.local/bin/dbt run --profiles-dir /opt/***/dbt_stock --project-dir /opt/***/dbt_stock']
[2025-04-15T22:31:39.200+0000] {subprocess.py:86} INFO - Output:
[2025-04-15T22:31:50.183+0000] {subprocess.py:93} INFO - [0m22:31:50  Running with dbt=1.8.7
[2025-04-15T22:31:57.598+0000] {subprocess.py:93} INFO - [0m22:31:57  Registered adapter: snowflake=1.8.4
[2025-04-15T22:31:59.154+0000] {subprocess.py:93} INFO - [0m22:31:59  Found 2 models, 1 snapshot, 4 data tests, 2 sources, 459 macros
[2025-04-15T22:31:59.168+0000] {subprocess.py:93} INFO - [0m22:31:59
[2025-04-15T22:32:01.833+0000] {subprocess.py:93} INFO - [0m22:32:01  Concurrency: 1 threads (target='dev')
[2025-04-15T22:32:01.842+0000] {subprocess.py:93} INFO - [0m22:32:01
[2025-04-15T22:32:01.899+0000] {subprocess.py:93} INFO - [0m22:32:01  1 of 1 START sql table model analytics.stock_analytics ......................... [RUN]
[2025-04-15T22:32:04.458+0000] {subprocess.py:93} INFO - [0m22:32:04  1 of 1 OK created sql table model analytics.stock_analytics .................... [[32mSUCCESS 1[0m in 2.47s]
[2025-04-15T22:32:04.525+0000] {subprocess.py:93} INFO - [0m22:32:04
[2025-04-15T22:32:04.532+0000] {subprocess.py:93} INFO - [0m22:32:04  Finished running 1 table model in 0 hours 0 minutes and 5.35 seconds (5.35s).
[2025-04-15T22:32:04.946+0000] {subprocess.py:93} INFO - [0m22:32:04
[2025-04-15T22:32:04.950+0000] {subprocess.py:93} INFO - [0m22:32:04  [32mCompleted successfully[0m
[2025-04-15T22:32:04.951+0000] {subprocess.py:93} INFO - [0m22:32:04
[2025-04-15T22:32:04.952+0000] {subprocess.py:93} INFO - [0m22:32:04  Done. PASS=1 WARN=0 ERROR=0 SKIP=0 TOTAL=1
[2025-04-15T22:32:07.683+0000] {subprocess.py:97} INFO - Command exited with return code 0
[2025-04-15T22:32:08.120+0000] {taskinstance.py:340} INFO - ::group::Post task execution logs
[2025-04-15T22:32:08.125+0000] {taskinstance.py:352} INFO - Marking task as SUCCESS. dag_id=StockELT_dbt, task_id=dbt_run, run_id=manual__2025-04-15T22:31:32.306030+00:00, execution_date=20250415T223132, start_date=20250415T223137, end_date=20250415T223208
[2025-04-15T22:32:08.319+0000] {local_task_job_runner.py:266} INFO - Task exited with return code 0
[2025-04-15T22:32:08.481+0000] {taskinstance.py:3900} INFO - 1 downstream tasks scheduled from follow-on schedule check
[2025-04-15T22:32:08.485+0000] {local_task_job_runner.py:245} INFO - ::endgroup::
