[2025-04-15T19:16:30.203+0000] {local_task_job_runner.py:123} INFO - ::group::Pre task execution logs
[2025-04-15T19:16:30.247+0000] {taskinstance.py:2612} INFO - Dependencies all met for dep_context=non-requeueable deps ti=<TaskInstance: StockELT_dbt.dbt_run manual__2025-04-15T19:16:27.909059+00:00 [queued]>
[2025-04-15T19:16:30.277+0000] {taskinstance.py:2612} INFO - Dependencies all met for dep_context=requeueable deps ti=<TaskInstance: StockELT_dbt.dbt_run manual__2025-04-15T19:16:27.909059+00:00 [queued]>
[2025-04-15T19:16:30.279+0000] {taskinstance.py:2865} INFO - Starting attempt 1 of 1
[2025-04-15T19:16:30.313+0000] {taskinstance.py:2888} INFO - Executing <Task(BashOperator): dbt_run> on 2025-04-15 19:16:27.909059+00:00
[2025-04-15T19:16:30.400+0000] {logging_mixin.py:190} WARNING - /home/***/.local/lib/python3.12/site-packages/***/task/task_runner/standard_task_runner.py:70 DeprecationWarning: This process (pid=787) is multi-threaded, use of fork() may lead to deadlocks in the child.
[2025-04-15T19:16:30.393+0000] {standard_task_runner.py:104} INFO - Running: ['***', 'tasks', 'run', 'StockELT_dbt', 'dbt_run', 'manual__2025-04-15T19:16:27.909059+00:00', '--job-id', '147', '--raw', '--subdir', 'DAGS_FOLDER/Lab2_elt_with_dbt .py', '--cfg-path', '/tmp/tmpt_3zsr_p']
[2025-04-15T19:16:30.411+0000] {standard_task_runner.py:105} INFO - Job 147: Subtask dbt_run
[2025-04-15T19:16:30.410+0000] {standard_task_runner.py:72} INFO - Started process 788 to run task
[2025-04-15T19:16:30.616+0000] {task_command.py:467} INFO - Running <TaskInstance: StockELT_dbt.dbt_run manual__2025-04-15T19:16:27.909059+00:00 [running]> on host e3cb891c5fca
[2025-04-15T19:16:30.850+0000] {taskinstance.py:3131} INFO - Exporting env vars: AIRFLOW_CTX_DAG_OWNER='***' AIRFLOW_CTX_DAG_ID='StockELT_dbt' AIRFLOW_CTX_TASK_ID='dbt_run' AIRFLOW_CTX_EXECUTION_DATE='2025-04-15T19:16:27.909059+00:00' AIRFLOW_CTX_TRY_NUMBER='1' AIRFLOW_CTX_DAG_RUN_ID='manual__2025-04-15T19:16:27.909059+00:00'
[2025-04-15T19:16:30.857+0000] {taskinstance.py:731} INFO - ::endgroup::
[2025-04-15T19:16:31.069+0000] {subprocess.py:63} INFO - Tmp dir root location: /tmp
[2025-04-15T19:16:31.075+0000] {subprocess.py:75} INFO - Running command: ['/usr/bin/bash', '-c', '/home/***/.local/bin/dbt run --profiles-dir /opt/***/dbt_stock --project-dir /opt/***/dbt_stock']
[2025-04-15T19:16:31.103+0000] {subprocess.py:86} INFO - Output:
[2025-04-15T19:16:38.886+0000] {subprocess.py:93} INFO - [0m19:16:38  Running with dbt=1.8.7
[2025-04-15T19:16:44.178+0000] {subprocess.py:93} INFO - [0m19:16:44  Registered adapter: snowflake=1.8.4
[2025-04-15T19:16:44.583+0000] {subprocess.py:93} INFO - [0m19:16:44  Unable to do partial parsing because saved manifest not found. Starting full parse.
[2025-04-15T19:16:47.662+0000] {subprocess.py:93} INFO - [0m19:16:47  [[33mWARNING[0m]: Deprecated functionality
[2025-04-15T19:16:47.668+0000] {subprocess.py:93} INFO - The `tests` config has been renamed to `data_tests`. Please see
[2025-04-15T19:16:47.669+0000] {subprocess.py:93} INFO - https://docs.getdbt.com/docs/build/data-tests#new-data_tests-syntax for more
[2025-04-15T19:16:47.670+0000] {subprocess.py:93} INFO - information.
[2025-04-15T19:16:49.658+0000] {subprocess.py:93} INFO - [0m19:16:49  Found 2 models, 1 snapshot, 4 data tests, 2 sources, 459 macros
[2025-04-15T19:16:49.731+0000] {subprocess.py:93} INFO - [0m19:16:49
[2025-04-15T19:16:53.522+0000] {subprocess.py:93} INFO - [0m19:16:53  Concurrency: 1 threads (target='dev')
[2025-04-15T19:16:53.533+0000] {subprocess.py:93} INFO - [0m19:16:53
[2025-04-15T19:16:53.654+0000] {subprocess.py:93} INFO - [0m19:16:53  1 of 1 START sql table model analytics.stock_analytics ......................... [RUN]
[2025-04-15T19:16:56.278+0000] {subprocess.py:93} INFO - [0m19:16:56  1 of 1 OK created sql table model analytics.stock_analytics .................... [[32mSUCCESS 1[0m in 2.58s]
[2025-04-15T19:16:56.333+0000] {subprocess.py:93} INFO - [0m19:16:56
[2025-04-15T19:16:56.338+0000] {subprocess.py:93} INFO - [0m19:16:56  Finished running 1 table model in 0 hours 0 minutes and 6.62 seconds (6.62s).
[2025-04-15T19:16:56.706+0000] {subprocess.py:93} INFO - [0m19:16:56
[2025-04-15T19:16:56.708+0000] {subprocess.py:93} INFO - [0m19:16:56  [32mCompleted successfully[0m
[2025-04-15T19:16:56.711+0000] {subprocess.py:93} INFO - [0m19:16:56
[2025-04-15T19:16:56.712+0000] {subprocess.py:93} INFO - [0m19:16:56  Done. PASS=1 WARN=0 ERROR=0 SKIP=0 TOTAL=1
[2025-04-15T19:16:59.533+0000] {subprocess.py:97} INFO - Command exited with return code 0
[2025-04-15T19:16:59.937+0000] {taskinstance.py:340} INFO - ::group::Post task execution logs
[2025-04-15T19:16:59.969+0000] {taskinstance.py:352} INFO - Marking task as SUCCESS. dag_id=StockELT_dbt, task_id=dbt_run, run_id=manual__2025-04-15T19:16:27.909059+00:00, execution_date=20250415T191627, start_date=20250415T191630, end_date=20250415T191659
[2025-04-15T19:17:00.423+0000] {local_task_job_runner.py:266} INFO - Task exited with return code 0
[2025-04-15T19:17:00.492+0000] {standard_task_runner.py:217} INFO - Process not found (most likely exited), stop collecting metrics
[2025-04-15T19:17:00.604+0000] {taskinstance.py:3900} INFO - 0 downstream tasks scheduled from follow-on schedule check
[2025-04-15T19:17:00.612+0000] {local_task_job_runner.py:245} INFO - ::endgroup::
